<?xml version="1.0" encoding="UTF-8" standalone="yes"?><!DOCTYPE report PUBLIC "-//JACOCO//DTD Report 1.1//EN" "report.dtd"><report name="AutoValue"><sessioninfo id="Saqibs-M1.local-348ee236" start="1617906094325" dump="1617906111017"/><sessioninfo id="Saqibs-M1.local-93e96143" start="1617906273007" dump="1617906291210"/><sessioninfo id="Saqibs-M1.local-388fe715" start="1617906413064" dump="1617906429852"/><sessioninfo id="Saqibs-M1.local-6df33356" start="1617906571920" dump="1617906589118"/><sessioninfo id="Saqibs-M1.local-57400153" start="1617906690685" dump="1617906708119"/><sessioninfo id="Saqibs-M1.local-a9d37894" start="1617906804944" dump="1617906822433"/><sessioninfo id="Saqibs-M1.local-e2313195" start="1617906886844" dump="1617906903716"/><sessioninfo id="Saqibs-M1.local-ba3a63b5" start="1617906960872" dump="1617906975951"/><package name="com/google/auto/value/extension"><class name="com/google/auto/value/extension/AutoValueExtension$Context" sourcefilename="AutoValueExtension.java"/><class name="com/google/auto/value/extension/AutoValueExtension" sourcefilename="AutoValueExtension.java"><method name="&lt;init&gt;" desc="()V" line="49"><counter type="INSTRUCTION" missed="0" covered="3"/><counter type="LINE" missed="0" covered="1"/><counter type="COMPLEXITY" missed="0" covered="1"/><counter type="METHOD" missed="0" covered="1"/></method><method name="applicable" desc="(Lcom/google/auto/value/extension/AutoValueExtension$Context;)Z" line="102"><counter type="INSTRUCTION" missed="2" covered="0"/><counter type="LINE" missed="1" covered="0"/><counter type="COMPLEXITY" missed="1" covered="0"/><counter type="METHOD" missed="1" covered="0"/></method><method name="mustBeFinal" desc="(Lcom/google/auto/value/extension/AutoValueExtension$Context;)Z" line="113"><counter type="INSTRUCTION" missed="0" covered="2"/><counter type="LINE" missed="0" covered="1"/><counter type="COMPLEXITY" missed="0" covered="1"/><counter type="METHOD" missed="0" covered="1"/></method><method name="consumeProperties" desc="(Lcom/google/auto/value/extension/AutoValueExtension$Context;)Ljava/util/Set;" line="141"><counter type="INSTRUCTION" missed="0" covered="2"/><counter type="LINE" missed="0" covered="1"/><counter type="COMPLEXITY" missed="0" covered="1"/><counter type="METHOD" missed="0" covered="1"/></method><method name="consumeMethods" desc="(Lcom/google/auto/value/extension/AutoValueExtension$Context;)Ljava/util/Set;" line="163"><counter type="INSTRUCTION" missed="0" covered="2"/><counter type="LINE" missed="0" covered="1"/><counter type="COMPLEXITY" missed="0" covered="1"/><counter type="METHOD" missed="0" covered="1"/></method><counter type="INSTRUCTION" missed="2" covered="9"/><counter type="LINE" missed="1" covered="4"/><counter type="COMPLEXITY" missed="1" covered="4"/><counter type="METHOD" missed="1" covered="4"/><counter type="CLASS" missed="0" covered="1"/></class><sourcefile name="AutoValueExtension.java"><line nr="49" mi="0" ci="3" mb="0" cb="0"/><line nr="102" mi="2" ci="0" mb="0" cb="0"/><line nr="113" mi="0" ci="2" mb="0" cb="0"/><line nr="141" mi="0" ci="2" mb="0" cb="0"/><line nr="163" mi="0" ci="2" mb="0" cb="0"/><counter type="INSTRUCTION" missed="2" covered="9"/><counter type="LINE" missed="1" covered="4"/><counter type="COMPLEXITY" missed="1" covered="4"/><counter type="METHOD" missed="1" covered="4"/><counter type="CLASS" missed="0" covered="1"/></sourcefile><counter type="INSTRUCTION" missed="2" covered="9"/><counter type="LINE" missed="1" covered="4"/><counter type="COMPLEXITY" missed="1" covered="4"/><counter type="METHOD" missed="1" covered="4"/><counter type="CLASS" missed="0" covered="1"/></package><package name="com/google/auto/value/extension/memoized"><class name="com/google/auto/value/extension/memoized/MemoizeExtension$Generator$MethodOverrider$NullMeansUninitialized" sourcefilename="MemoizeExtension.java"><method name="&lt;init&gt;" desc="(Lcom/google/auto/value/extension/memoized/MemoizeExtension$Generator$MethodOverrider;)V" line="306"><counter type="INSTRUCTION" missed="0" covered="8"/><counter type="LINE" missed="0" covered="1"/><counter type="COMPLEXITY" missed="0" covered="1"/><counter type="METHOD" missed="0" covered="1"/></method><method name="additionalFields" desc="()Ljava/lang/Iterable;" line="309"><counter type="INSTRUCTION" missed="0" covered="2"/><counter type="LINE" missed="0" covered="1"/><counter type="COMPLEXITY" missed="0" covered="1"/><counter type="METHOD" missed="0" covered="1"/></method><method name="checkMemoized" desc="()Lcom/squareup/javapoet/CodeBlock;" line="314"><counter type="INSTRUCTION" missed="0" covered="11"/><counter type="LINE" missed="0" covered="1"/><counter type="COMPLEXITY" missed="0" covered="1"/><counter type="METHOD" missed="0" covered="1"/></method><method name="setMemoized" desc="()Lcom/squareup/javapoet/CodeBlock;" line="319"><counter type="INSTRUCTION" missed="0" covered="32"/><counter type="LINE" missed="0" covered="6"/><counter type="COMPLEXITY" missed="0" covered="1"/><counter type="METHOD" missed="0" covered="1"/></method><counter type="INSTRUCTION" missed="0" covered="53"/><counter type="LINE" missed="0" covered="9"/><counter type="COMPLEXITY" missed="0" covered="4"/><counter type="METHOD" missed="0" covered="4"/><counter type="CLASS" missed="0" covered="1"/></class><class name="com/google/auto/value/extension/memoized/MemoizeExtension" sourcefilename="MemoizeExtension.java"><method name="&lt;init&gt;" desc="()V" line="64"><counter type="INSTRUCTION" missed="0" covered="3"/><counter type="LINE" missed="0" covered="1"/><counter type="COMPLEXITY" missed="0" covered="1"/><counter type="METHOD" missed="0" covered="1"/></method><method name="applicable" desc="(Lcom/google/auto/value/extension/AutoValueExtension$Context;)Z" line="78"><counter type="INSTRUCTION" missed="0" covered="8"/><counter type="BRANCH" missed="0" covered="2"/><counter type="LINE" missed="0" covered="1"/><counter type="COMPLEXITY" missed="0" covered="2"/><counter type="METHOD" missed="0" covered="1"/></method><method name="generateClass" desc="(Lcom/google/auto/value/extension/AutoValueExtension$Context;Ljava/lang/String;Ljava/lang/String;Z)Ljava/lang/String;" line="84"><counter type="INSTRUCTION" missed="0" covered="9"/><counter type="LINE" missed="0" covered="1"/><counter type="COMPLEXITY" missed="0" covered="1"/><counter type="METHOD" missed="0" covered="1"/></method><method name="memoizedMethods" desc="(Lcom/google/auto/value/extension/AutoValueExtension$Context;)Lcom/google/common/collect/ImmutableSet;" line="88"><counter type="INSTRUCTION" missed="0" covered="27"/><counter type="BRANCH" missed="0" covered="4"/><counter type="LINE" missed="0" covered="6"/><counter type="COMPLEXITY" missed="0" covered="3"/><counter type="METHOD" missed="0" covered="1"/></method><method name="getLazyInitAnnotation" desc="(Ljavax/lang/model/util/Elements;)Lcom/google/common/base/Optional;" line="354"><counter type="INSTRUCTION" missed="5" covered="7"/><counter type="BRANCH" missed="1" covered="1"/><counter type="LINE" missed="1" covered="2"/><counter type="COMPLEXITY" missed="1" covered="1"/><counter type="METHOD" missed="0" covered="1"/></method><method name="&lt;clinit&gt;" desc="()V" line="65"><counter type="INSTRUCTION" missed="0" covered="27"/><counter type="LINE" missed="0" covered="8"/><counter type="COMPLEXITY" missed="0" covered="1"/><counter type="METHOD" missed="0" covered="1"/></method><counter type="INSTRUCTION" missed="5" covered="81"/><counter type="BRANCH" missed="1" covered="7"/><counter type="LINE" missed="1" covered="19"/><counter type="COMPLEXITY" missed="1" covered="9"/><counter type="METHOD" missed="0" covered="6"/><counter type="CLASS" missed="0" covered="1"/></class><class name="com/google/auto/value/extension/memoized/MemoizeExtension$Generator$MethodOverrider$InitializationStrategy" sourcefilename="MemoizeExtension.java"><method name="&lt;init&gt;" desc="(Lcom/google/auto/value/extension/memoized/MemoizeExtension$Generator$MethodOverrider;)V" line="297"><counter type="INSTRUCTION" missed="0" covered="6"/><counter type="LINE" missed="0" covered="1"/><counter type="COMPLEXITY" missed="0" covered="1"/><counter type="METHOD" missed="0" covered="1"/></method><counter type="INSTRUCTION" missed="0" covered="6"/><counter type="LINE" missed="0" covered="1"/><counter type="COMPLEXITY" missed="0" covered="1"/><counter type="METHOD" missed="0" covered="1"/><counter type="CLASS" missed="0" covered="1"/></class><class name="com/google/auto/value/extension/memoized/Memoized" sourcefilename="Memoized.java"/><class name="com/google/auto/value/extension/memoized/MemoizeExtension$Generator$MethodOverrider$CheckBooleanField" sourcefilename="MemoizeExtension.java"><method name="&lt;init&gt;" desc="(Lcom/google/auto/value/extension/memoized/MemoizeExtension$Generator$MethodOverrider;)V" line="329"><counter type="INSTRUCTION" missed="25" covered="0"/><counter type="LINE" missed="3" covered="0"/><counter type="COMPLEXITY" missed="1" covered="0"/><counter type="METHOD" missed="1" covered="0"/></method><method name="additionalFields" desc="()Ljava/lang/Iterable;" line="336"><counter type="INSTRUCTION" missed="4" covered="0"/><counter type="LINE" missed="1" covered="0"/><counter type="COMPLEXITY" missed="1" covered="0"/><counter type="METHOD" missed="1" covered="0"/></method><method name="checkMemoized" desc="()Lcom/squareup/javapoet/CodeBlock;" line="341"><counter type="INSTRUCTION" missed="10" covered="0"/><counter type="LINE" missed="1" covered="0"/><counter type="COMPLEXITY" missed="1" covered="0"/><counter type="METHOD" missed="1" covered="0"/></method><method name="setMemoized" desc="()Lcom/squareup/javapoet/CodeBlock;" line="346"><counter type="INSTRUCTION" missed="12" covered="0"/><counter type="LINE" missed="1" covered="0"/><counter type="COMPLEXITY" missed="1" covered="0"/><counter type="METHOD" missed="1" covered="0"/></method><counter type="INSTRUCTION" missed="51" covered="0"/><counter type="LINE" missed="6" covered="0"/><counter type="COMPLEXITY" missed="4" covered="0"/><counter type="METHOD" missed="4" covered="0"/><counter type="CLASS" missed="1" covered="0"/></class><class name="com/google/auto/value/extension/memoized/MemoizeExtension$Generator$MethodOverrider" sourcefilename="MemoizeExtension.java"><method name="&lt;init&gt;" desc="(Lcom/google/auto/value/extension/memoized/MemoizeExtension$Generator;Ljavax/lang/model/element/ExecutableElement;)V" line="172"><counter type="INSTRUCTION" missed="5" covered="131"/><counter type="BRANCH" missed="1" covered="3"/><counter type="LINE" missed="1" covered="30"/><counter type="COMPLEXITY" missed="1" covered="2"/><counter type="METHOD" missed="0" covered="1"/></method><method name="fields" desc="()Ljava/lang/Iterable;" line="209"><counter type="INSTRUCTION" missed="0" covered="4"/><counter type="LINE" missed="0" covered="1"/><counter type="COMPLEXITY" missed="0" covered="1"/><counter type="METHOD" missed="0" covered="1"/></method><method name="method" desc="()Lcom/squareup/javapoet/MethodSpec;" line="214"><counter type="INSTRUCTION" missed="0" covered="4"/><counter type="LINE" missed="0" covered="1"/><counter type="COMPLEXITY" missed="0" covered="1"/><counter type="METHOD" missed="0" covered="1"/></method><method name="validate" desc="()V" line="218"><counter type="INSTRUCTION" missed="0" covered="45"/><counter type="BRANCH" missed="2" covered="6"/><counter type="LINE" missed="0" covered="10"/><counter type="COMPLEXITY" missed="2" covered="3"/><counter type="METHOD" missed="0" covered="1"/></method><method name="checkIllegalModifier" desc="(Ljavax/lang/model/element/Modifier;)V" line="234"><counter type="INSTRUCTION" missed="0" covered="21"/><counter type="BRANCH" missed="0" covered="2"/><counter type="LINE" missed="0" covered="3"/><counter type="COMPLEXITY" missed="0" covered="2"/><counter type="METHOD" missed="0" covered="1"/></method><method name="printMessage" desc="(Ljavax/tools/Diagnostic$Kind;Ljava/lang/String;[Ljava/lang/Object;)V" line="240"><counter type="INSTRUCTION" missed="0" covered="20"/><counter type="BRANCH" missed="1" covered="1"/><counter type="LINE" missed="0" covered="4"/><counter type="COMPLEXITY" missed="1" covered="1"/><counter type="METHOD" missed="0" covered="1"/></method><method name="overridesObjectMethod" desc="(Ljava/lang/String;)Z" line="247"><counter type="INSTRUCTION" missed="0" covered="14"/><counter type="LINE" missed="0" covered="1"/><counter type="COMPLEXITY" missed="0" covered="1"/><counter type="METHOD" missed="0" covered="1"/></method><method name="objectMethod" desc="(Ljava/lang/String;)Ljavax/lang/model/element/ExecutableElement;" line="251"><counter type="INSTRUCTION" missed="12" covered="27"/><counter type="BRANCH" missed="1" covered="3"/><counter type="LINE" missed="2" covered="5"/><counter type="COMPLEXITY" missed="1" covered="2"/><counter type="METHOD" missed="0" covered="1"/></method><method name="pullDownMethodAnnotation" desc="(Ljavax/lang/model/element/AnnotationMirror;)Z" line="262"><counter type="INSTRUCTION" missed="2" covered="11"/><counter type="BRANCH" missed="1" covered="1"/><counter type="LINE" missed="0" covered="4"/><counter type="COMPLEXITY" missed="1" covered="1"/><counter type="METHOD" missed="0" covered="1"/></method><method name="buildCacheField" desc="(Lcom/squareup/javapoet/TypeName;Ljava/lang/String;)Lcom/squareup/javapoet/FieldSpec;" line="274"><counter type="INSTRUCTION" missed="8" covered="22"/><counter type="BRANCH" missed="1" covered="1"/><counter type="LINE" missed="1" covered="3"/><counter type="COMPLEXITY" missed="1" covered="1"/><counter type="METHOD" missed="0" covered="1"/></method><method name="strategy" desc="()Lcom/google/auto/value/extension/memoized/MemoizeExtension$Generator$MethodOverrider$InitializationStrategy;" line="282"><counter type="INSTRUCTION" missed="12" covered="32"/><counter type="BRANCH" missed="2" covered="4"/><counter type="LINE" missed="2" covered="9"/><counter type="COMPLEXITY" missed="2" covered="2"/><counter type="METHOD" missed="0" covered="1"/></method><counter type="INSTRUCTION" missed="39" covered="331"/><counter type="BRANCH" missed="9" covered="21"/><counter type="LINE" missed="6" covered="71"/><counter type="COMPLEXITY" missed="9" covered="17"/><counter type="METHOD" missed="0" covered="11"/><counter type="CLASS" missed="0" covered="1"/></class><class name="com/google/auto/value/extension/memoized/MemoizeExtension$Generator" sourcefilename="MemoizeExtension.java"><method name="&lt;init&gt;" desc="(Lcom/google/auto/value/extension/AutoValueExtension$Context;Ljava/lang/String;Ljava/lang/String;Z)V" line="107"><counter type="INSTRUCTION" missed="0" covered="30"/><counter type="LINE" missed="0" covered="9"/><counter type="COMPLEXITY" missed="0" covered="1"/><counter type="METHOD" missed="0" covered="1"/></method><method name="generate" desc="()Ljava/lang/String;" line="118"><counter type="INSTRUCTION" missed="10" covered="60"/><counter type="BRANCH" missed="2" covered="4"/><counter type="LINE" missed="1" covered="14"/><counter type="COMPLEXITY" missed="2" covered="2"/><counter type="METHOD" missed="0" covered="1"/></method><method name="superType" desc="()Lcom/squareup/javapoet/TypeName;" line="139"><counter type="INSTRUCTION" missed="7" covered="18"/><counter type="BRANCH" missed="1" covered="1"/><counter type="LINE" missed="1" covered="3"/><counter type="COMPLEXITY" missed="1" covered="1"/><counter type="METHOD" missed="0" covered="1"/></method><method name="typeVariableNames" desc="()Lcom/google/common/collect/ImmutableList;" line="148"><counter type="INSTRUCTION" missed="10" covered="14"/><counter type="BRANCH" missed="1" covered="1"/><counter type="LINE" missed="2" covered="3"/><counter type="COMPLEXITY" missed="1" covered="1"/><counter type="METHOD" missed="0" covered="1"/></method><method name="constructor" desc="()Lcom/squareup/javapoet/MethodSpec;" line="156"><counter type="INSTRUCTION" missed="0" covered="48"/><counter type="BRANCH" missed="0" covered="2"/><counter type="LINE" missed="0" covered="7"/><counter type="COMPLEXITY" missed="0" covered="2"/><counter type="METHOD" missed="0" covered="1"/></method><counter type="INSTRUCTION" missed="27" covered="170"/><counter type="BRANCH" missed="4" covered="8"/><counter type="LINE" missed="4" covered="36"/><counter type="COMPLEXITY" missed="4" covered="7"/><counter type="METHOD" missed="0" covered="5"/><counter type="CLASS" missed="0" covered="1"/></class><sourcefile name="Memoized.java"/><sourcefile name="MemoizeExtension.java"><line nr="64" mi="0" ci="3" mb="0" cb="0"/><line nr="65" mi="0" ci="1" mb="0" cb="0"/><line nr="66" mi="0" ci="5" mb="0" cb="0"/><line nr="68" mi="0" ci="1" mb="0" cb="0"/><line nr="69" mi="0" ci="8" mb="0" cb="0"/><line nr="70" mi="0" ci="3" mb="0" cb="0"/><line nr="71" mi="0" ci="2" mb="0" cb="0"/><line nr="73" mi="0" ci="5" mb="0" cb="0"/><line nr="74" mi="0" ci="2" mb="0" cb="0"/><line nr="78" mi="0" ci="8" mb="0" cb="2"/><line nr="84" mi="0" ci="9" mb="0" cb="0"/><line nr="88" mi="0" ci="2" mb="0" cb="0"/><line nr="89" mi="0" ci="13" mb="0" cb="2"/><line nr="90" mi="0" ci="4" mb="0" cb="2"/><line nr="91" mi="0" ci="4" mb="0" cb="0"/><line nr="93" mi="0" ci="1" mb="0" cb="0"/><line nr="94" mi="0" ci="3" mb="0" cb="0"/><line nr="107" mi="0" ci="2" mb="0" cb="0"/><line nr="108" mi="0" ci="3" mb="0" cb="0"/><line nr="109" mi="0" ci="3" mb="0" cb="0"/><line nr="110" mi="0" ci="3" mb="0" cb="0"/><line nr="111" mi="0" ci="3" mb="0" cb="0"/><line nr="112" mi="0" ci="5" mb="0" cb="0"/><line nr="113" mi="0" ci="5" mb="0" cb="0"/><line nr="114" mi="0" ci="5" mb="0" cb="0"/><line nr="115" mi="0" ci="1" mb="0" cb="0"/><line nr="118" mi="0" ci="2" mb="0" cb="0"/><line nr="119" mi="0" ci="2" mb="0" cb="0"/><line nr="120" mi="0" ci="3" mb="0" cb="0"/><line nr="121" mi="1" ci="12" mb="1" cb="1"/><line nr="122" mi="0" ci="1" mb="0" cb="0"/><line nr="123" mi="0" ci="3" mb="0" cb="0"/><line nr="124" mi="0" ci="3" mb="0" cb="0"/><line nr="126" mi="0" ci="12" mb="0" cb="2"/><line nr="127" mi="0" ci="6" mb="0" cb="0"/><line nr="128" mi="0" ci="5" mb="0" cb="0"/><line nr="129" mi="0" ci="5" mb="0" cb="0"/><line nr="130" mi="0" ci="1" mb="0" cb="0"/><line nr="131" mi="0" ci="3" mb="1" cb="1"/><line nr="133" mi="0" ci="2" mb="0" cb="0"/><line nr="135" mi="9" ci="0" mb="0" cb="0"/><line nr="139" mi="0" ci="9" mb="0" cb="0"/><line nr="140" mi="0" ci="3" mb="0" cb="0"/><line nr="142" mi="4" ci="6" mb="1" cb="1"/><line nr="144" mi="3" ci="0" mb="0" cb="0"/><line nr="148" mi="0" ci="2" mb="0" cb="0"/><line nr="149" mi="4" ci="9" mb="1" cb="1"/><line nr="150" mi="5" ci="0" mb="0" cb="0"/><line nr="151" mi="1" ci="0" mb="0" cb="0"/><line nr="152" mi="0" ci="3" mb="0" cb="0"/><line nr="156" mi="0" ci="2" mb="0" cb="0"/><line nr="157" mi="0" ci="13" mb="0" cb="2"/><line nr="158" mi="0" ci="4" mb="0" cb="0"/><line nr="159" mi="0" ci="9" mb="0" cb="0"/><line nr="160" mi="0" ci="1" mb="0" cb="0"/><line nr="161" mi="0" ci="16" mb="0" cb="0"/><line nr="162" mi="0" ci="3" mb="0" cb="0"/><line nr="172" mi="0" ci="3" mb="0" cb="0"/><line nr="174" mi="0" ci="5" mb="0" cb="0"/><line nr="175" mi="0" ci="3" mb="0" cb="0"/><line nr="176" mi="0" ci="2" mb="0" cb="0"/><line nr="177" mi="0" ci="3" mb="0" cb="0"/><line nr="178" mi="0" ci="2" mb="0" cb="0"/><line nr="179" mi="0" ci="5" mb="0" cb="0"/><line nr="180" mi="0" ci="6" mb="0" cb="0"/><line nr="181" mi="0" ci="2" mb="0" cb="0"/><line nr="182" mi="0" ci="4" mb="0" cb="0"/><line nr="183" mi="0" ci="4" mb="0" cb="0"/><line nr="184" mi="0" ci="2" mb="0" cb="0"/><line nr="185" mi="0" ci="7" mb="0" cb="0"/><line nr="186" mi="0" ci="11" mb="0" cb="2"/><line nr="187" mi="0" ci="3" mb="0" cb="0"/><line nr="188" mi="0" ci="4" mb="1" cb="1"/><line nr="189" mi="5" ci="0" mb="0" cb="0"/><line nr="191" mi="0" ci="1" mb="0" cb="0"/><line nr="193" mi="0" ci="3" mb="0" cb="0"/><line nr="194" mi="0" ci="6" mb="0" cb="0"/><line nr="195" mi="0" ci="8" mb="0" cb="0"/><line nr="196" mi="0" ci="6" mb="0" cb="0"/><line nr="197" mi="0" ci="7" mb="0" cb="0"/><line nr="198" mi="0" ci="14" mb="0" cb="0"/><line nr="199" mi="0" ci="4" mb="0" cb="0"/><line nr="200" mi="0" ci="2" mb="0" cb="0"/><line nr="201" mi="0" ci="1" mb="0" cb="0"/><line nr="202" mi="0" ci="1" mb="0" cb="0"/><line nr="203" mi="0" ci="9" mb="0" cb="0"/><line nr="204" mi="0" ci="2" mb="0" cb="0"/><line nr="205" mi="0" ci="1" mb="0" cb="0"/><line nr="209" mi="0" ci="4" mb="0" cb="0"/><line nr="214" mi="0" ci="4" mb="0" cb="0"/><line nr="218" mi="0" ci="7" mb="0" cb="2"/><line nr="219" mi="0" ci="6" mb="0" cb="0"/><line nr="221" mi="0" ci="5" mb="0" cb="2"/><line nr="222" mi="0" ci="6" mb="0" cb="0"/><line nr="224" mi="0" ci="3" mb="0" cb="0"/><line nr="225" mi="0" ci="3" mb="0" cb="0"/><line nr="226" mi="0" ci="3" mb="0" cb="0"/><line nr="228" mi="0" ci="8" mb="2" cb="2"/><line nr="229" mi="0" ci="3" mb="0" cb="0"/><line nr="231" mi="0" ci="1" mb="0" cb="0"/><line nr="234" mi="0" ci="6" mb="0" cb="2"/><line nr="235" mi="0" ci="14" mb="0" cb="0"/><line nr="237" mi="0" ci="1" mb="0" cb="0"/><line nr="240" mi="0" ci="4" mb="1" cb="1"/><line nr="241" mi="0" ci="5" mb="0" cb="0"/><line nr="243" mi="0" ci="10" mb="0" cb="0"/><line nr="244" mi="0" ci="1" mb="0" cb="0"/><line nr="247" mi="0" ci="14" mb="0" cb="0"/><line nr="251" mi="0" ci="7" mb="0" cb="0"/><line nr="252" mi="0" ci="12" mb="1" cb="1"/><line nr="253" mi="0" ci="5" mb="0" cb="2"/><line nr="254" mi="0" ci="2" mb="0" cb="0"/><line nr="256" mi="0" ci="1" mb="0" cb="0"/><line nr="257" mi="9" ci="0" mb="0" cb="0"/><line nr="258" mi="3" ci="0" mb="0" cb="0"/><line nr="262" mi="2" ci="6" mb="1" cb="1"/><line nr="263" mi="0" ci="3" mb="0" cb="0"/><line nr="264" mi="0" ci="1" mb="0" cb="0"/><line nr="265" mi="0" ci="1" mb="0" cb="0"/><line nr="274" mi="0" ci="14" mb="0" cb="0"/><line nr="275" mi="0" ci="5" mb="1" cb="1"/><line nr="276" mi="8" ci="0" mb="0" cb="0"/><line nr="278" mi="0" ci="3" mb="0" cb="0"/><line nr="282" mi="0" ci="6" mb="1" cb="1"/><line nr="283" mi="6" ci="0" mb="0" cb="0"/><line nr="285" mi="0" ci="12" mb="0" cb="2"/><line nr="286" mi="0" ci="1" mb="0" cb="0"/><line nr="287" mi="0" ci="1" mb="0" cb="0"/><line nr="288" mi="0" ci="1" mb="0" cb="0"/><line nr="289" mi="0" ci="2" mb="0" cb="0"/><line nr="290" mi="0" ci="2" mb="1" cb="1"/><line nr="291" mi="6" ci="0" mb="0" cb="0"/><line nr="293" mi="0" ci="1" mb="0" cb="0"/><line nr="294" mi="0" ci="6" mb="0" cb="0"/><line nr="297" mi="0" ci="6" mb="0" cb="0"/><line nr="306" mi="0" ci="8" mb="0" cb="0"/><line nr="309" mi="0" ci="2" mb="0" cb="0"/><line nr="314" mi="0" ci="11" mb="0" cb="0"/><line nr="319" mi="0" ci="9" mb="0" cb="0"/><line nr="320" mi="0" ci="13" mb="0" cb="0"/><line nr="321" mi="0" ci="1" mb="0" cb="0"/><line nr="323" mi="0" ci="7" mb="0" cb="0"/><line nr="324" mi="0" ci="1" mb="0" cb="0"/><line nr="325" mi="0" ci="1" mb="0" cb="0"/><line nr="329" mi="7" ci="0" mb="0" cb="0"/><line nr="331" mi="10" ci="0" mb="0" cb="0"/><line nr="332" mi="8" ci="0" mb="0" cb="0"/><line nr="336" mi="4" ci="0" mb="0" cb="0"/><line nr="341" mi="10" ci="0" mb="0" cb="0"/><line nr="346" mi="12" ci="0" mb="0" cb="0"/><line nr="354" mi="0" ci="5" mb="1" cb="1"/><line nr="355" mi="0" ci="2" mb="0" cb="0"/><line nr="357" mi="5" ci="0" mb="0" cb="0"/><counter type="INSTRUCTION" missed="122" covered="641"/><counter type="BRANCH" missed="14" covered="36"/><counter type="LINE" missed="17" covered="136"/><counter type="COMPLEXITY" missed="18" covered="38"/><counter type="METHOD" missed="4" covered="27"/><counter type="CLASS" missed="1" covered="5"/></sourcefile><counter type="INSTRUCTION" missed="122" covered="641"/><counter type="BRANCH" missed="14" covered="36"/><counter type="LINE" missed="17" covered="136"/><counter type="COMPLEXITY" missed="18" covered="38"/><counter type="METHOD" missed="4" covered="27"/><counter type="CLASS" missed="1" covered="5"/></package><package name="com/google/auto/value/processor"><class name="com/google/auto/value/processor/PropertyBuilderClassifier" sourcefilename="PropertyBuilderClassifier.java"><method name="&lt;init&gt;" desc="(Lcom/google/auto/value/processor/ErrorReporter;Ljavax/lang/model/util/Types;Ljavax/lang/model/util/Elements;Lcom/google/auto/value/processor/BuilderMethodClassifier;Lcom/google/common/collect/ImmutableBiMap;Lcom/google/auto/value/processor/TypeSimplifier;Lcom/google/auto/value/processor/EclipseHack;)V" line="63"><counter type="INSTRUCTION" missed="0" covered="45"/><counter type="BRANCH" missed="0" covered="2"/><counter type="LINE" missed="0" covered="13"/><counter type="COMPLEXITY" missed="0" covered="2"/><counter type="METHOD" missed="0" covered="1"/></method><method name="makePropertyBuilder" desc="(Ljavax/lang/model/element/ExecutableElement;Ljava/lang/String;)Lcom/google/common/base/Optional;" line="180"><counter type="INSTRUCTION" missed="5" covered="298"/><counter type="BRANCH" missed="5" covered="29"/><counter type="LINE" missed="1" covered="49"/><counter type="COMPLEXITY" missed="5" covered="13"/><counter type="METHOD" missed="0" covered="1"/></method><method name="builderMaker" desc="(Ljava/util/Map;Ljavax/lang/model/element/TypeElement;)Lcom/google/common/base/Optional;" line="266"><counter type="INSTRUCTION" missed="0" covered="67"/><counter type="BRANCH" missed="3" covered="11"/><counter type="LINE" missed="0" covered="15"/><counter type="COMPLEXITY" missed="3" covered="5"/><counter type="METHOD" missed="0" covered="1"/></method><method name="noArgMethodsOf" desc="(Ljavax/lang/model/element/TypeElement;)Ljava/util/Map;" line="293"><counter type="INSTRUCTION" missed="0" covered="32"/><counter type="BRANCH" missed="0" covered="4"/><counter type="LINE" missed="0" covered="6"/><counter type="COMPLEXITY" missed="0" covered="3"/><counter type="METHOD" missed="0" covered="1"/></method><method name="addAllPutAll" desc="(Ljavax/lang/model/element/TypeElement;)Lcom/google/common/base/Optional;" line="304"><counter type="INSTRUCTION" missed="0" covered="32"/><counter type="BRANCH" missed="1" covered="5"/><counter type="LINE" missed="0" covered="6"/><counter type="COMPLEXITY" missed="1" covered="3"/><counter type="METHOD" missed="0" covered="1"/></method><method name="&lt;clinit&gt;" desc="()V" line="161"><counter type="INSTRUCTION" missed="0" covered="9"/><counter type="LINE" missed="0" covered="4"/><counter type="COMPLEXITY" missed="0" covered="1"/><counter type="METHOD" missed="0" covered="1"/></method><counter type="INSTRUCTION" missed="5" covered="483"/><counter type="BRANCH" missed="9" covered="51"/><counter type="LINE" missed="1" covered="93"/><counter type="COMPLEXITY" missed="9" covered="27"/><counter type="METHOD" missed="0" covered="6"/><counter type="CLASS" missed="0" covered="1"/></class><class name="com/google/auto/value/processor/TypeSimplifier$ToStringTypeVisitor" sourcefilename="TypeSimplifier.java"><method name="&lt;init&gt;" desc="(Lcom/google/auto/value/processor/TypeSimplifier;)V" line="201"><counter type="INSTRUCTION" missed="0" covered="6"/><counter type="LINE" missed="0" covered="1"/><counter type="COMPLEXITY" missed="0" covered="1"/><counter type="METHOD" missed="0" covered="1"/></method><method name="defaultAction" desc="(Ljavax/lang/model/type/TypeMirror;Ljava/lang/StringBuilder;)Ljava/lang/StringBuilder;" line="203"><counter type="INSTRUCTION" missed="0" covered="4"/><counter type="LINE" missed="0" covered="1"/><counter type="COMPLEXITY" missed="0" covered="1"/><counter type="METHOD" missed="0" covered="1"/></method><method name="visitArray" desc="(Ljavax/lang/model/type/ArrayType;Ljava/lang/StringBuilder;)Ljava/lang/StringBuilder;" line="207"><counter type="INSTRUCTION" missed="0" covered="9"/><counter type="LINE" missed="0" covered="1"/><counter type="COMPLEXITY" missed="0" covered="1"/><counter type="METHOD" missed="0" covered="1"/></method><method name="visitDeclared" desc="(Ljavax/lang/model/type/DeclaredType;Ljava/lang/StringBuilder;)Ljava/lang/StringBuilder;" line="211"><counter type="INSTRUCTION" missed="0" covered="51"/><counter type="BRANCH" missed="0" covered="2"/><counter type="LINE" missed="0" covered="10"/><counter type="COMPLEXITY" missed="0" covered="2"/><counter type="METHOD" missed="0" covered="1"/></method><method name="appendTypeArguments" desc="(Ljavax/lang/model/type/DeclaredType;Ljava/lang/StringBuilder;)V" line="225"><counter type="INSTRUCTION" missed="0" covered="39"/><counter type="BRANCH" missed="0" covered="4"/><counter type="LINE" missed="0" covered="11"/><counter type="COMPLEXITY" missed="0" covered="3"/><counter type="METHOD" missed="0" covered="1"/></method><method name="visitWildcard" desc="(Ljavax/lang/model/type/WildcardType;Ljava/lang/StringBuilder;)Ljava/lang/StringBuilder;" line="239"><counter type="INSTRUCTION" missed="0" covered="35"/><counter type="BRANCH" missed="0" covered="4"/><counter type="LINE" missed="0" covered="10"/><counter type="COMPLEXITY" missed="0" covered="3"/><counter type="METHOD" missed="0" covered="1"/></method><counter type="INSTRUCTION" missed="0" covered="144"/><counter type="BRANCH" missed="0" covered="10"/><counter type="LINE" missed="0" covered="34"/><counter type="COMPLEXITY" missed="0" covered="11"/><counter type="METHOD" missed="0" covered="6"/><counter type="CLASS" missed="0" covered="1"/></class><class name="com/google/auto/value/processor/TypeSimplifier$CastingUncheckedVisitor" sourcefilename="TypeSimplifier.java"><method name="defaultAction" desc="(Ljavax/lang/model/type/TypeMirror;Ljava/lang/Boolean;)Ljava/lang/Boolean;" line="483"><counter type="INSTRUCTION" missed="0" covered="2"/><counter type="LINE" missed="0" covered="1"/><counter type="COMPLEXITY" missed="0" covered="1"/><counter type="METHOD" missed="0" covered="1"/></method><method name="visitUnknown" desc="(Ljavax/lang/model/type/TypeMirror;Ljava/lang/Boolean;)Ljava/lang/Boolean;" line="489"><counter type="INSTRUCTION" missed="3" covered="0"/><counter type="LINE" missed="1" covered="0"/><counter type="COMPLEXITY" missed="1" covered="0"/><counter type="METHOD" missed="1" covered="0"/></method><method name="visitArray" desc="(Ljavax/lang/model/type/ArrayType;Ljava/lang/Boolean;)Ljava/lang/Boolean;" line="493"><counter type="INSTRUCTION" missed="0" covered="7"/><counter type="LINE" missed="0" covered="1"/><counter type="COMPLEXITY" missed="0" covered="1"/><counter type="METHOD" missed="0" covered="1"/></method><method name="visitDeclared" desc="(Ljavax/lang/model/type/DeclaredType;Ljava/lang/Boolean;)Ljava/lang/Boolean;" line="497"><counter type="INSTRUCTION" missed="0" covered="14"/><counter type="BRANCH" missed="1" covered="3"/><counter type="LINE" missed="0" covered="1"/><counter type="COMPLEXITY" missed="1" covered="2"/><counter type="METHOD" missed="0" covered="1"/></method><method name="visitTypeVariable" desc="(Ljavax/lang/model/type/TypeVariable;Ljava/lang/Boolean;)Ljava/lang/Boolean;" line="501"><counter type="INSTRUCTION" missed="3" covered="0"/><counter type="LINE" missed="1" covered="0"/><counter type="COMPLEXITY" missed="1" covered="0"/><counter type="METHOD" missed="1" covered="0"/></method><method name="isJavaLangObject" desc="(Ljavax/lang/model/type/TypeMirror;)Z" line="523"><counter type="INSTRUCTION" missed="0" covered="18"/><counter type="BRANCH" missed="0" covered="2"/><counter type="LINE" missed="0" covered="5"/><counter type="COMPLEXITY" missed="0" covered="2"/><counter type="METHOD" missed="0" covered="1"/></method><method name="&lt;clinit&gt;" desc="()V" line="507"><counter type="INSTRUCTION" missed="0" covered="5"/><counter type="LINE" missed="0" covered="1"/><counter type="COMPLEXITY" missed="0" covered="1"/><counter type="METHOD" missed="0" covered="1"/></method><counter type="INSTRUCTION" missed="6" covered="46"/><counter type="BRANCH" missed="1" covered="5"/><counter type="LINE" missed="2" covered="9"/><counter type="COMPLEXITY" missed="3" covered="7"/><counter type="METHOD" missed="2" covered="5"/><counter type="CLASS" missed="0" covered="1"/></class><class name="com/google/auto/value/processor/ErrorReporter" sourcefilename="ErrorReporter.java"><method name="&lt;init&gt;" desc="(Ljavax/annotation/processing/ProcessingEnvironment;)V" line="32"><counter type="INSTRUCTION" missed="0" covered="7"/><counter type="LINE" missed="0" covered="3"/><counter type="COMPLEXITY" missed="0" covered="1"/><counter type="METHOD" missed="0" covered="1"/></method><method name="reportNote" desc="(Ljava/lang/String;Ljavax/lang/model/element/Element;)V" line="43"><counter type="INSTRUCTION" missed="0" covered="7"/><counter type="LINE" missed="0" covered="2"/><counter type="COMPLEXITY" missed="0" covered="1"/><counter type="METHOD" missed="0" covered="1"/></method><method name="reportWarning" desc="(Ljava/lang/String;Ljavax/lang/model/element/Element;)V" line="53"><counter type="INSTRUCTION" missed="0" covered="7"/><counter type="LINE" missed="0" covered="2"/><counter type="COMPLEXITY" missed="0" covered="1"/><counter type="METHOD" missed="0" covered="1"/></method><method name="reportError" desc="(Ljava/lang/String;Ljavax/lang/model/element/Element;)V" line="66"><counter type="INSTRUCTION" missed="0" covered="7"/><counter type="LINE" missed="0" covered="2"/><counter type="COMPLEXITY" missed="0" covered="1"/><counter type="METHOD" missed="0" covered="1"/></method><method name="abortWithError" desc="(Ljava/lang/String;Ljavax/lang/model/element/Element;)V" line="77"><counter type="INSTRUCTION" missed="0" covered="8"/><counter type="LINE" missed="0" covered="2"/><counter type="COMPLEXITY" missed="0" covered="1"/><counter type="METHOD" missed="0" covered="1"/></method><counter type="INSTRUCTION" missed="0" covered="36"/><counter type="LINE" missed="0" covered="11"/><counter type="COMPLEXITY" missed="0" covered="5"/><counter type="METHOD" missed="0" covered="5"/><counter type="CLASS" missed="0" covered="1"/></class><class name="com/google/auto/value/processor/EclipseHack$PropertyOrderer" sourcefilename="EclipseHack.java"/><class name="com/google/auto/value/processor/ExtensionContext" sourcefilename="ExtensionContext.java"><method name="&lt;init&gt;" desc="(Ljavax/annotation/processing/ProcessingEnvironment;Ljavax/lang/model/element/TypeElement;Lcom/google/common/collect/ImmutableMap;Lcom/google/common/collect/ImmutableSet;)V" line="38"><counter type="INSTRUCTION" missed="0" covered="15"/><counter type="LINE" missed="0" covered="6"/><counter type="COMPLEXITY" missed="0" covered="1"/><counter type="METHOD" missed="0" covered="1"/></method><method name="processingEnvironment" desc="()Ljavax/annotation/processing/ProcessingEnvironment;" line="47"><counter type="INSTRUCTION" missed="0" covered="3"/><counter type="LINE" missed="0" covered="1"/><counter type="COMPLEXITY" missed="0" covered="1"/><counter type="METHOD" missed="0" covered="1"/></method><method name="packageName" desc="()Ljava/lang/String;" line="52"><counter type="INSTRUCTION" missed="0" covered="4"/><counter type="LINE" missed="0" covered="1"/><counter type="COMPLEXITY" missed="0" covered="1"/><counter type="METHOD" missed="0" covered="1"/></method><method name="autoValueClass" desc="()Ljavax/lang/model/element/TypeElement;" line="57"><counter type="INSTRUCTION" missed="0" covered="3"/><counter type="LINE" missed="0" covered="1"/><counter type="COMPLEXITY" missed="0" covered="1"/><counter type="METHOD" missed="0" covered="1"/></method><method name="properties" desc="()Ljava/util/Map;" line="62"><counter type="INSTRUCTION" missed="0" covered="3"/><counter type="LINE" missed="0" covered="1"/><counter type="COMPLEXITY" missed="0" covered="1"/><counter type="METHOD" missed="0" covered="1"/></method><method name="abstractMethods" desc="()Ljava/util/Set;" line="67"><counter type="INSTRUCTION" missed="0" covered="3"/><counter type="LINE" missed="0" covered="1"/><counter type="COMPLEXITY" missed="0" covered="1"/><counter type="METHOD" missed="0" covered="1"/></method><counter type="INSTRUCTION" missed="0" covered="31"/><counter type="LINE" missed="0" covered="11"/><counter type="COMPLEXITY" missed="0" covered="6"/><counter type="METHOD" missed="0" covered="6"/><counter type="CLASS" missed="0" covered="1"/></class><class name="com/google/auto/value/processor/AutoAnnotationProcessor$Parameter" sourcefilename="AutoAnnotationProcessor.java"><method name="&lt;init&gt;" desc="(Ljavax/lang/model/type/TypeMirror;Lcom/google/auto/value/processor/TypeSimplifier;)V" line="531"><counter type="INSTRUCTION" missed="0" covered="12"/><counter type="LINE" missed="0" covered="4"/><counter type="COMPLEXITY" missed="0" covered="1"/><counter type="METHOD" missed="0" covered="1"/></method><method name="getType" desc="()Ljava/lang/String;" line="537"><counter type="INSTRUCTION" missed="0" covered="3"/><counter type="LINE" missed="0" covered="1"/><counter type="COMPLEXITY" missed="0" covered="1"/><counter type="METHOD" missed="0" covered="1"/></method><method name="getKind" desc="()Ljavax/lang/model/type/TypeKind;" line="541"><counter type="INSTRUCTION" missed="0" covered="3"/><counter type="LINE" missed="0" covered="1"/><counter type="COMPLEXITY" missed="0" covered="1"/><counter type="METHOD" missed="0" covered="1"/></method><counter type="INSTRUCTION" missed="0" covered="18"/><counter type="LINE" missed="0" covered="6"/><counter type="COMPLEXITY" missed="0" covered="3"/><counter type="METHOD" missed="0" covered="3"/><counter type="CLASS" missed="0" covered="1"/></class><class name="com/google/auto/value/processor/SimpleNameFunction" sourcefilename="SimpleNameFunction.java"><method name="&lt;clinit&gt;" desc="()V" line="21"><counter type="INSTRUCTION" missed="0" covered="14"/><counter type="LINE" missed="0" covered="2"/><counter type="COMPLEXITY" missed="0" covered="1"/><counter type="METHOD" missed="0" covered="1"/></method><counter type="INSTRUCTION" missed="0" covered="14"/><counter type="LINE" missed="0" covered="2"/><counter type="COMPLEXITY" missed="0" covered="1"/><counter type="METHOD" missed="0" covered="1"/><counter type="CLASS" missed="0" covered="1"/></class><class name="com/google/auto/value/processor/AbstractMethodLister$RecordingClassVisitor" sourcefilename="AbstractMethodLister.java"><method name="&lt;init&gt;" desc="()V" line="55"><counter type="INSTRUCTION" missed="0" covered="7"/><counter type="LINE" missed="0" covered="3"/><counter type="COMPLEXITY" missed="0" covered="1"/><counter type="METHOD" missed="0" covered="1"/></method><method name="visitMethod" desc="(ILjava/lang/String;Ljava/lang/String;Ljava/lang/String;[Ljava/lang/String;)Lorg/objectweb/asm/MethodVisitor;" line="67"><counter type="INSTRUCTION" missed="0" covered="24"/><counter type="BRANCH" missed="0" covered="6"/><counter type="LINE" missed="0" covered="3"/><counter type="COMPLEXITY" missed="0" covered="4"/><counter type="METHOD" missed="0" covered="1"/></method><counter type="INSTRUCTION" missed="0" covered="31"/><counter type="BRANCH" missed="0" covered="6"/><counter type="LINE" missed="0" covered="6"/><counter type="COMPLEXITY" missed="0" covered="5"/><counter type="METHOD" missed="0" covered="2"/><counter type="CLASS" missed="0" covered="1"/></class><class name="com/google/auto/value/processor/MissingTypeException" sourcefilename="MissingTypeException.java"><method name="&lt;init&gt;" desc="()V" line="28"><counter type="INSTRUCTION" missed="0" covered="3"/><counter type="LINE" missed="0" covered="1"/><counter type="COMPLEXITY" missed="0" covered="1"/><counter type="METHOD" missed="0" covered="1"/></method><counter type="INSTRUCTION" missed="0" covered="3"/><counter type="LINE" missed="0" covered="1"/><counter type="COMPLEXITY" missed="0" covered="1"/><counter type="METHOD" missed="0" covered="1"/><counter type="CLASS" missed="0" covered="1"/></class><class name="com/google/auto/value/processor/AutoValueProcessor" sourcefilename="AutoValueProcessor.java"><method name="&lt;init&gt;" desc="()V" line="95"><counter type="INSTRUCTION" missed="0" covered="5"/><counter type="LINE" missed="0" covered="2"/><counter type="COMPLEXITY" missed="0" covered="1"/><counter type="METHOD" missed="0" covered="1"/></method><method name="&lt;init&gt;" desc="(Ljava/lang/ClassLoader;)V" line="99"><counter type="INSTRUCTION" missed="0" covered="14"/><counter type="LINE" missed="0" covered="5"/><counter type="COMPLEXITY" missed="0" covered="1"/><counter type="METHOD" missed="0" covered="1"/></method><method name="&lt;init&gt;" desc="(Ljava/lang/Iterable;)V" line="105"><counter type="INSTRUCTION" missed="0" covered="15"/><counter type="LINE" missed="0" covered="5"/><counter type="COMPLEXITY" missed="0" covered="1"/><counter type="METHOD" missed="0" covered="1"/></method><method name="getSupportedAnnotationTypes" desc="()Ljava/util/Set;" line="112"><counter type="INSTRUCTION" missed="0" covered="4"/><counter type="LINE" missed="0" covered="1"/><counter type="COMPLEXITY" missed="0" covered="1"/><counter type="METHOD" missed="0" covered="1"/></method><method name="getSupportedSourceVersion" desc="()Ljavax/lang/model/SourceVersion;" line="117"><counter type="INSTRUCTION" missed="0" covered="2"/><counter type="LINE" missed="0" covered="1"/><counter type="COMPLEXITY" missed="0" covered="1"/><counter type="METHOD" missed="0" covered="1"/></method><method name="init" desc="(Ljavax/annotation/processing/ProcessingEnvironment;)V" line="145"><counter type="INSTRUCTION" missed="0" covered="56"/><counter type="BRANCH" missed="1" covered="3"/><counter type="LINE" missed="0" covered="16"/><counter type="COMPLEXITY" missed="1" covered="2"/><counter type="METHOD" missed="0" covered="1"/></method><method name="process" desc="(Ljava/util/Set;Ljavax/annotation/processing/RoundEnvironment;)Z" line="172"><counter type="INSTRUCTION" missed="0" covered="116"/><counter type="BRANCH" missed="0" covered="8"/><counter type="LINE" missed="0" covered="27"/><counter type="COMPLEXITY" missed="0" covered="5"/><counter type="METHOD" missed="0" covered="1"/></method><method name="generatedClassName" desc="(Ljavax/lang/model/element/TypeElement;Ljava/lang/String;)Ljava/lang/String;" line="217"><counter type="INSTRUCTION" missed="0" covered="48"/><counter type="BRANCH" missed="0" covered="4"/><counter type="LINE" missed="0" covered="7"/><counter type="COMPLEXITY" missed="0" covered="3"/><counter type="METHOD" missed="0" covered="1"/></method><method name="generatedSubclassName" desc="(Ljavax/lang/model/element/TypeElement;I)Ljava/lang/String;" line="228"><counter type="INSTRUCTION" missed="0" covered="14"/><counter type="LINE" missed="0" covered="1"/><counter type="COMPLEXITY" missed="0" covered="1"/><counter type="METHOD" missed="0" covered="1"/></method><method name="isJavaLangObject" desc="(Ljavax/lang/model/element/TypeElement;)Z" line="375"><counter type="INSTRUCTION" missed="0" covered="13"/><counter type="BRANCH" missed="1" covered="3"/><counter type="LINE" missed="0" covered="1"/><counter type="COMPLEXITY" missed="1" covered="2"/><counter type="METHOD" missed="0" covered="1"/></method><method name="objectMethodToOverride" desc="(Ljavax/lang/model/element/ExecutableElement;)Lcom/google/auto/value/processor/AutoValueProcessor$ObjectMethodToOverride;" line="383"><counter type="INSTRUCTION" missed="0" covered="38"/><counter type="BRANCH" missed="1" covered="10"/><counter type="LINE" missed="0" covered="10"/><counter type="COMPLEXITY" missed="1" covered="6"/><counter type="METHOD" missed="0" covered="1"/></method><method name="processType" desc="(Ljavax/lang/model/element/TypeElement;)V" line="403"><counter type="INSTRUCTION" missed="36" covered="255"/><counter type="BRANCH" missed="2" covered="14"/><counter type="LINE" missed="10" covered="56"/><counter type="COMPLEXITY" missed="2" covered="7"/><counter type="METHOD" missed="0" covered="1"/></method><method name="copyAnnotations" desc="(Ljavax/lang/model/element/Element;Lcom/google/auto/value/processor/TypeSimplifier;Ljava/util/Set;)Lcom/google/common/collect/ImmutableList;" line="520"><counter type="INSTRUCTION" missed="0" covered="41"/><counter type="BRANCH" missed="0" covered="6"/><counter type="LINE" missed="0" covered="10"/><counter type="COMPLEXITY" missed="0" covered="4"/><counter type="METHOD" missed="0" covered="1"/></method><method name="getAnnotationFqName" desc="(Ljavax/lang/model/element/AnnotationMirror;)Ljava/lang/String;" line="541"><counter type="INSTRUCTION" missed="0" covered="7"/><counter type="LINE" missed="0" covered="1"/><counter type="COMPLEXITY" missed="0" covered="1"/><counter type="METHOD" missed="0" covered="1"/></method><method name="getFieldOfClasses" desc="(Ljavax/lang/model/element/Element;Ljava/lang/Class;Ljava/lang/String;Ljavax/lang/model/util/Elements;)Lcom/google/common/collect/ImmutableSet;" line="565"><counter type="INSTRUCTION" missed="4" covered="84"/><counter type="BRANCH" missed="3" covered="9"/><counter type="LINE" missed="3" covered="20"/><counter type="COMPLEXITY" missed="3" covered="4"/><counter type="METHOD" missed="0" covered="1"/></method><method name="getAnnotationsMarkedWithInherited" desc="(Ljavax/lang/model/element/Element;)Lcom/google/common/collect/ImmutableSet;" line="599"><counter type="INSTRUCTION" missed="28" covered="0"/><counter type="BRANCH" missed="4" covered="0"/><counter type="LINE" missed="6" covered="0"/><counter type="COMPLEXITY" missed="3" covered="0"/><counter type="METHOD" missed="1" covered="0"/></method><method name="writeExtensions" desc="(Ljavax/lang/model/element/TypeElement;Lcom/google/auto/value/processor/ExtensionContext;Lcom/google/common/collect/ImmutableList;Ljava/lang/String;)V" line="613"><counter type="INSTRUCTION" missed="0" covered="60"/><counter type="BRANCH" missed="1" covered="7"/><counter type="LINE" missed="0" covered="14"/><counter type="COMPLEXITY" missed="1" covered="4"/><counter type="METHOD" missed="0" covered="1"/></method><method name="applicableExtensions" desc="(Ljavax/lang/model/element/TypeElement;Lcom/google/auto/value/processor/ExtensionContext;)Lcom/google/common/collect/ImmutableList;" line="633"><counter type="INSTRUCTION" missed="0" covered="65"/><counter type="BRANCH" missed="0" covered="9"/><counter type="LINE" missed="0" covered="16"/><counter type="COMPLEXITY" missed="0" covered="6"/><counter type="METHOD" missed="0" covered="1"/></method><method name="methodsConsumedByExtensions" desc="(Ljavax/lang/model/element/TypeElement;Lcom/google/common/collect/ImmutableList;Lcom/google/auto/value/processor/ExtensionContext;Lcom/google/common/collect/ImmutableSet;Lcom/google/common/collect/ImmutableBiMap;)Lcom/google/common/collect/ImmutableSet;" line="667"><counter type="INSTRUCTION" missed="0" covered="131"/><counter type="BRANCH" missed="0" covered="12"/><counter type="LINE" missed="0" covered="23"/><counter type="COMPLEXITY" missed="0" covered="7"/><counter type="METHOD" missed="0" covered="1"/></method><method name="validateMethods" desc="(Ljavax/lang/model/element/TypeElement;Lcom/google/common/collect/ImmutableSet;Lcom/google/common/collect/ImmutableSet;Lcom/google/common/collect/ImmutableSet;Z)V" line="708"><counter type="INSTRUCTION" missed="0" covered="58"/><counter type="BRANCH" missed="1" covered="11"/><counter type="LINE" missed="0" covered="14"/><counter type="COMPLEXITY" missed="1" covered="6"/><counter type="METHOD" missed="0" covered="1"/></method><method name="extensionName" desc="(Lcom/google/auto/value/extension/AutoValueExtension;)Ljava/lang/String;" line="731"><counter type="INSTRUCTION" missed="0" covered="4"/><counter type="LINE" missed="0" covered="1"/><counter type="COMPLEXITY" missed="0" covered="1"/><counter type="METHOD" missed="0" covered="1"/></method><method name="defineVarsForType" desc="(Ljavax/lang/model/element/TypeElement;Lcom/google/auto/value/processor/AutoValueTemplateVars;Lcom/google/common/collect/ImmutableSet;Lcom/google/common/collect/ImmutableSet;Lcom/google/common/base/Optional;)Lcom/google/auto/value/processor/TypeSimplifier;" line="748"><counter type="INSTRUCTION" missed="0" covered="223"/><counter type="BRANCH" missed="0" covered="16"/><counter type="LINE" missed="0" covered="54"/><counter type="COMPLEXITY" missed="0" covered="9"/><counter type="METHOD" missed="0" covered="1"/></method><method name="allMethodExcludedAnnotations" desc="(Ljava/lang/Iterable;)Lcom/google/common/collect/ImmutableSetMultimap;" line="819"><counter type="INSTRUCTION" missed="0" covered="28"/><counter type="BRANCH" missed="0" covered="2"/><counter type="LINE" missed="0" covered="7"/><counter type="COMPLEXITY" missed="0" covered="2"/><counter type="METHOD" missed="0" covered="1"/></method><method name="propertyNameToMethodMap" desc="(Ljava/util/Set;)Lcom/google/common/collect/ImmutableBiMap;" line="831"><counter type="INSTRUCTION" missed="0" covered="50"/><counter type="BRANCH" missed="0" covered="6"/><counter type="LINE" missed="0" covered="10"/><counter type="COMPLEXITY" missed="0" covered="4"/><counter type="METHOD" missed="0" covered="1"/></method><method name="gettersAllPrefixed" desc="(Ljava/util/Set;)Z" line="845"><counter type="INSTRUCTION" missed="0" covered="10"/><counter type="BRANCH" missed="0" covered="2"/><counter type="LINE" missed="0" covered="1"/><counter type="COMPLEXITY" missed="0" covered="2"/><counter type="METHOD" missed="0" covered="1"/></method><method name="prefixedGettersIn" desc="(Ljava/lang/Iterable;)Lcom/google/common/collect/ImmutableSet;" line="849"><counter type="INSTRUCTION" missed="0" covered="57"/><counter type="BRANCH" missed="3" covered="13"/><counter type="LINE" missed="0" covered="10"/><counter type="COMPLEXITY" missed="3" covered="6"/><counter type="METHOD" missed="0" covered="1"/></method><method name="allMethodAnnotationTypes" desc="(Ljava/lang/Iterable;Lcom/google/common/collect/ImmutableSetMultimap;)Ljava/util/Set;" line="871"><counter type="INSTRUCTION" missed="10" covered="67"/><counter type="BRANCH" missed="1" covered="11"/><counter type="LINE" missed="2" covered="17"/><counter type="COMPLEXITY" missed="1" covered="6"/><counter type="METHOD" missed="0" covered="1"/></method><method name="nameWithoutPrefix" desc="(Ljava/lang/String;)Ljava/lang/String;" line="908"><counter type="INSTRUCTION" missed="4" covered="22"/><counter type="BRANCH" missed="2" covered="4"/><counter type="LINE" missed="0" covered="5"/><counter type="COMPLEXITY" missed="2" covered="2"/><counter type="METHOD" missed="0" covered="1"/></method><method name="checkModifiersIfNested" desc="(Ljavax/lang/model/element/TypeElement;)V" line="918"><counter type="INSTRUCTION" missed="10" covered="21"/><counter type="BRANCH" missed="1" covered="7"/><counter type="LINE" missed="2" covered="5"/><counter type="COMPLEXITY" missed="1" covered="4"/><counter type="METHOD" missed="0" covered="1"/></method><method name="fixReservedIdentifiers" desc="(Ljava/util/Map;)V" line="935"><counter type="INSTRUCTION" missed="10" covered="18"/><counter type="BRANCH" missed="1" covered="3"/><counter type="LINE" missed="1" covered="4"/><counter type="COMPLEXITY" missed="1" covered="2"/><counter type="METHOD" missed="0" covered="1"/></method><method name="disambiguate" desc="(Ljava/lang/String;Ljava/util/Collection;)Ljava/lang/String;" line="943"><counter type="INSTRUCTION" missed="19" covered="0"/><counter type="BRANCH" missed="2" covered="0"/><counter type="LINE" missed="4" covered="0"/><counter type="COMPLEXITY" missed="2" covered="0"/><counter type="METHOD" missed="1" covered="0"/></method><method name="returnTypesOf" desc="(Ljava/lang/Iterable;)Ljava/util/Set;" line="952"><counter type="INSTRUCTION" missed="0" covered="22"/><counter type="BRANCH" missed="0" covered="2"/><counter type="LINE" missed="0" covered="5"/><counter type="COMPLEXITY" missed="0" covered="2"/><counter type="METHOD" missed="0" covered="1"/></method><method name="containsArrayType" desc="(Ljava/util/Set;)Z" line="960"><counter type="INSTRUCTION" missed="0" covered="19"/><counter type="BRANCH" missed="0" covered="4"/><counter type="LINE" missed="0" covered="5"/><counter type="COMPLEXITY" missed="0" covered="3"/><counter type="METHOD" missed="0" covered="1"/></method><method name="determineObjectMethodsToGenerate" desc="(Ljava/util/Set;Lcom/google/auto/value/processor/AutoValueTemplateVars;)V" line="978"><counter type="INSTRUCTION" missed="0" covered="61"/><counter type="BRANCH" missed="0" covered="10"/><counter type="LINE" missed="0" covered="16"/><counter type="COMPLEXITY" missed="0" covered="7"/><counter type="METHOD" missed="0" covered="1"/></method><method name="abstractMethodsIn" desc="(Lcom/google/common/collect/ImmutableSet;)Lcom/google/common/collect/ImmutableSet;" line="1003"><counter type="INSTRUCTION" missed="0" covered="42"/><counter type="BRANCH" missed="1" covered="9"/><counter type="LINE" missed="0" covered="9"/><counter type="COMPLEXITY" missed="1" covered="5"/><counter type="METHOD" missed="0" covered="1"/></method><method name="propertyMethodsIn" desc="(Lcom/google/common/collect/ImmutableSet;)Lcom/google/common/collect/ImmutableSet;" line="1026"><counter type="INSTRUCTION" missed="0" covered="33"/><counter type="BRANCH" missed="1" covered="7"/><counter type="LINE" missed="0" covered="8"/><counter type="COMPLEXITY" missed="1" covered="4"/><counter type="METHOD" missed="0" covered="1"/></method><method name="checkReturnType" desc="(Ljavax/lang/model/element/TypeElement;Ljavax/lang/model/element/ExecutableElement;)Z" line="1038"><counter type="INSTRUCTION" missed="0" covered="30"/><counter type="BRANCH" missed="0" covered="4"/><counter type="LINE" missed="0" covered="9"/><counter type="COMPLEXITY" missed="0" covered="3"/><counter type="METHOD" missed="0" covered="1"/></method><method name="warnAboutPrimitiveArrays" desc="(Ljavax/lang/model/element/TypeElement;Ljavax/lang/model/element/ExecutableElement;)V" line="1055"><counter type="INSTRUCTION" missed="0" covered="48"/><counter type="BRANCH" missed="1" covered="5"/><counter type="LINE" missed="0" covered="9"/><counter type="COMPLEXITY" missed="1" covered="3"/><counter type="METHOD" missed="0" covered="1"/></method><method name="writeSourceFile" desc="(Ljava/lang/String;Ljava/lang/String;Ljavax/lang/model/element/TypeElement;)V" line="1082"><counter type="INSTRUCTION" missed="18" covered="22"/><counter type="LINE" missed="2" covered="7"/><counter type="COMPLEXITY" missed="0" covered="1"/><counter type="METHOD" missed="0" covered="1"/></method><method name="ancestorIsAutoValue" desc="(Ljavax/lang/model/element/TypeElement;)Z" line="1104"><counter type="INSTRUCTION" missed="0" covered="24"/><counter type="BRANCH" missed="0" covered="4"/><counter type="LINE" missed="0" covered="8"/><counter type="COMPLEXITY" missed="0" covered="3"/><counter type="METHOD" missed="0" covered="1"/></method><method name="implementsAnnotation" desc="(Ljavax/lang/model/element/TypeElement;)Z" line="1117"><counter type="INSTRUCTION" missed="0" covered="9"/><counter type="LINE" missed="0" covered="1"/><counter type="COMPLEXITY" missed="0" covered="1"/><counter type="METHOD" missed="0" covered="1"/></method><method name="getSerialVersionUID" desc="(Ljavax/lang/model/element/TypeElement;)Ljava/lang/String;" line="1123"><counter type="INSTRUCTION" missed="10" covered="63"/><counter type="BRANCH" missed="3" covered="9"/><counter type="LINE" missed="2" covered="11"/><counter type="COMPLEXITY" missed="3" covered="4"/><counter type="METHOD" missed="0" covered="1"/></method><method name="getTypeMirror" desc="(Ljava/lang/Class;)Ljavax/lang/model/type/TypeMirror;" line="1145"><counter type="INSTRUCTION" missed="0" covered="8"/><counter type="LINE" missed="0" covered="1"/><counter type="COMPLEXITY" missed="0" covered="1"/><counter type="METHOD" missed="0" covered="1"/></method><method name="wildcardTypeParametersString" desc="(Ljavax/lang/model/element/TypeElement;)Ljava/lang/String;" line="1152"><counter type="INSTRUCTION" missed="0" covered="26"/><counter type="BRANCH" missed="0" covered="2"/><counter type="LINE" missed="0" covered="6"/><counter type="COMPLEXITY" missed="0" covered="2"/><counter type="METHOD" missed="0" covered="1"/></method><method name="immutableSetDifference" desc="(Lcom/google/common/collect/ImmutableSet;Lcom/google/common/collect/ImmutableSet;)Lcom/google/common/collect/ImmutableSet;" line="1164"><counter type="INSTRUCTION" missed="0" covered="11"/><counter type="BRANCH" missed="0" covered="2"/><counter type="LINE" missed="0" covered="3"/><counter type="COMPLEXITY" missed="0" covered="2"/><counter type="METHOD" missed="0" covered="1"/></method><method name="eclipseHack" desc="()Lcom/google/auto/value/processor/EclipseHack;" line="1172"><counter type="INSTRUCTION" missed="0" covered="6"/><counter type="LINE" missed="0" covered="1"/><counter type="COMPLEXITY" missed="0" covered="1"/><counter type="METHOD" missed="0" covered="1"/></method><method name="&lt;clinit&gt;" desc="()V" line="92"><counter type="INSTRUCTION" missed="2" covered="18"/><counter type="BRANCH" missed="1" covered="1"/><counter type="LINE" missed="0" covered="3"/><counter type="COMPLEXITY" missed="1" covered="1"/><counter type="METHOD" missed="0" covered="1"/></method><counter type="INSTRUCTION" missed="151" covered="1968"/><counter type="BRANCH" missed="31" covered="219"/><counter type="LINE" missed="32" covered="445"/><counter type="COMPLEXITY" missed="30" covered="144"/><counter type="METHOD" missed="2" covered="45"/><counter type="CLASS" missed="0" covered="1"/></class><class name="com/google/auto/value/processor/AnnotationOutput$InitializerSourceFormVisitor" sourcefilename="AnnotationOutput.java"><method name="&lt;init&gt;" desc="(Lcom/google/auto/value/processor/AnnotationOutput;Ljavax/annotation/processing/ProcessingEnvironment;Ljava/lang/String;Ljavax/lang/model/element/Element;)V" line="138"><counter type="INSTRUCTION" missed="0" covered="17"/><counter type="LINE" missed="0" covered="5"/><counter type="COMPLEXITY" missed="0" covered="1"/><counter type="METHOD" missed="0" covered="1"/></method><method name="visitAnnotation" desc="(Ljavax/lang/model/element/AnnotationMirror;Ljava/lang/StringBuilder;)Ljava/lang/Void;" line="146"><counter type="INSTRUCTION" missed="0" covered="24"/><counter type="LINE" missed="0" covered="3"/><counter type="COMPLEXITY" missed="0" covered="1"/><counter type="METHOD" missed="0" covered="1"/></method><counter type="INSTRUCTION" missed="0" covered="41"/><counter type="LINE" missed="0" covered="8"/><counter type="COMPLEXITY" missed="0" covered="2"/><counter type="METHOD" missed="0" covered="2"/><counter type="CLASS" missed="0" covered="1"/></class><class name="com/google/auto/value/processor/AutoValueProcessor$ExtensionName" sourcefilename="AutoValueProcessor.java"><method name="apply" desc="(Lcom/google/auto/value/extension/AutoValueExtension;)Ljava/lang/String;" line="738"><counter type="INSTRUCTION" missed="0" covered="3"/><counter type="LINE" missed="0" covered="1"/><counter type="COMPLEXITY" missed="0" covered="1"/><counter type="METHOD" missed="0" covered="1"/></method><method name="&lt;clinit&gt;" desc="()V" line="734"><counter type="INSTRUCTION" missed="0" covered="14"/><counter type="LINE" missed="0" covered="2"/><counter type="COMPLEXITY" missed="0" covered="1"/><counter type="METHOD" missed="0" covered="1"/></method><counter type="INSTRUCTION" missed="0" covered="17"/><counter type="LINE" missed="0" covered="3"/><counter type="COMPLEXITY" missed="0" covered="2"/><counter type="METHOD" missed="0" covered="2"/><counter type="CLASS" missed="0" covered="1"/></class><class name="com/google/auto/value/processor/TypeMirrorSet" sourcefilename="TypeMirrorSet.java"><method name="&lt;init&gt;" desc="()V" line="33"><counter type="INSTRUCTION" missed="0" covered="8"/><counter type="LINE" missed="0" covered="3"/><counter type="COMPLEXITY" missed="0" covered="1"/><counter type="METHOD" missed="0" covered="1"/></method><method name="&lt;init&gt;" desc="(Ljava/util/Collection;)V" line="33"><counter type="INSTRUCTION" missed="0" covered="12"/><counter type="LINE" missed="0" covered="4"/><counter type="COMPLEXITY" missed="0" covered="1"/><counter type="METHOD" missed="0" covered="1"/></method><method name="wrap" desc="(Ljavax/lang/model/type/TypeMirror;)Lcom/google/common/base/Equivalence$Wrapper;" line="44"><counter type="INSTRUCTION" missed="0" covered="4"/><counter type="LINE" missed="0" covered="1"/><counter type="COMPLEXITY" missed="0" covered="1"/><counter type="METHOD" missed="0" covered="1"/></method><method name="add" desc="(Ljavax/lang/model/type/TypeMirror;)Z" line="49"><counter type="INSTRUCTION" missed="0" covered="7"/><counter type="LINE" missed="0" covered="1"/><counter type="COMPLEXITY" missed="0" covered="1"/><counter type="METHOD" missed="0" covered="1"/></method><method name="iterator" desc="()Ljava/util/Iterator;" line="54"><counter type="INSTRUCTION" missed="0" covered="10"/><counter type="LINE" missed="0" covered="2"/><counter type="COMPLEXITY" missed="0" covered="1"/><counter type="METHOD" missed="0" covered="1"/></method><method name="size" desc="()I" line="75"><counter type="INSTRUCTION" missed="0" covered="4"/><counter type="LINE" missed="0" covered="1"/><counter type="COMPLEXITY" missed="0" covered="1"/><counter type="METHOD" missed="0" covered="1"/></method><method name="contains" desc="(Ljava/lang/Object;)Z" line="80"><counter type="INSTRUCTION" missed="0" covered="13"/><counter type="BRANCH" missed="0" covered="2"/><counter type="LINE" missed="0" covered="3"/><counter type="COMPLEXITY" missed="0" covered="2"/><counter type="METHOD" missed="0" covered="1"/></method><method name="remove" desc="(Ljava/lang/Object;)Z" line="89"><counter type="INSTRUCTION" missed="0" covered="13"/><counter type="BRANCH" missed="0" covered="2"/><counter type="LINE" missed="0" covered="3"/><counter type="COMPLEXITY" missed="0" covered="2"/><counter type="METHOD" missed="0" covered="1"/></method><method name="equals" desc="(Ljava/lang/Object;)Z" line="98"><counter type="INSTRUCTION" missed="2" covered="12"/><counter type="BRANCH" missed="1" covered="1"/><counter type="LINE" missed="1" covered="3"/><counter type="COMPLEXITY" missed="1" covered="1"/><counter type="METHOD" missed="0" covered="1"/></method><method name="hashCode" desc="()I" line="108"><counter type="INSTRUCTION" missed="0" covered="4"/><counter type="LINE" missed="0" covered="1"/><counter type="COMPLEXITY" missed="0" covered="1"/><counter type="METHOD" missed="0" covered="1"/></method><counter type="INSTRUCTION" missed="2" covered="87"/><counter type="BRANCH" missed="1" covered="5"/><counter type="LINE" missed="1" covered="21"/><counter type="COMPLEXITY" missed="1" covered="12"/><counter type="METHOD" missed="0" covered="10"/><counter type="CLASS" missed="0" covered="1"/></class><class name="com/google/auto/value/processor/JavaScanner" sourcefilename="JavaScanner.java"><method name="&lt;init&gt;" desc="(Ljava/lang/String;)V" line="50"><counter type="INSTRUCTION" missed="9" covered="10"/><counter type="BRANCH" missed="1" covered="1"/><counter type="LINE" missed="1" covered="4"/><counter type="COMPLEXITY" missed="1" covered="1"/><counter type="METHOD" missed="0" covered="1"/></method><method name="tokenEnd" desc="(I)I" line="59"><counter type="INSTRUCTION" missed="8" covered="46"/><counter type="BRANCH" missed="2" covered="8"/><counter type="LINE" missed="2" covered="9"/><counter type="COMPLEXITY" missed="2" covered="5"/><counter type="METHOD" missed="0" covered="1"/></method><method name="spaceEnd" desc="(I)I" line="85"><counter type="INSTRUCTION" missed="4" covered="33"/><counter type="BRANCH" missed="2" covered="8"/><counter type="LINE" missed="0" covered="3"/><counter type="COMPLEXITY" missed="2" covered="4"/><counter type="METHOD" missed="0" covered="1"/></method><method name="blockCommentEnd" desc="(I)I" line="93"><counter type="INSTRUCTION" missed="4" covered="40"/><counter type="BRANCH" missed="3" covered="7"/><counter type="LINE" missed="0" covered="3"/><counter type="COMPLEXITY" missed="3" covered="3"/><counter type="METHOD" missed="0" covered="1"/></method><method name="lineCommentEnd" desc="(I)I" line="101"><counter type="INSTRUCTION" missed="8" covered="30"/><counter type="BRANCH" missed="5" covered="5"/><counter type="LINE" missed="0" covered="4"/><counter type="COMPLEXITY" missed="5" covered="1"/><counter type="METHOD" missed="0" covered="1"/></method><method name="quoteEnd" desc="(I)I" line="108"><counter type="INSTRUCTION" missed="4" covered="39"/><counter type="BRANCH" missed="2" covered="10"/><counter type="LINE" missed="0" covered="6"/><counter type="COMPLEXITY" missed="2" covered="5"/><counter type="METHOD" missed="0" covered="1"/></method><method name="&lt;clinit&gt;" desc="()V" line="47"><counter type="INSTRUCTION" missed="2" covered="6"/><counter type="BRANCH" missed="1" covered="1"/><counter type="LINE" missed="0" covered="1"/><counter type="COMPLEXITY" missed="1" covered="1"/><counter type="METHOD" missed="0" covered="1"/></method><counter type="INSTRUCTION" missed="39" covered="204"/><counter type="BRANCH" missed="16" covered="40"/><counter type="LINE" missed="3" covered="30"/><counter type="COMPLEXITY" missed="16" covered="20"/><counter type="METHOD" missed="0" covered="7"/><counter type="CLASS" missed="0" covered="1"/></class><class name="com/google/auto/value/processor/AutoValueBuilderProcessor" sourcefilename="AutoValueBuilderProcessor.java"><method name="&lt;init&gt;" desc="()V" line="42"><counter type="INSTRUCTION" missed="0" covered="3"/><counter type="LINE" missed="0" covered="1"/><counter type="COMPLEXITY" missed="0" covered="1"/><counter type="METHOD" missed="0" covered="1"/></method><method name="getSupportedAnnotationTypes" desc="()Ljava/util/Set;" line="45"><counter type="INSTRUCTION" missed="0" covered="4"/><counter type="LINE" missed="0" covered="1"/><counter type="COMPLEXITY" missed="0" covered="1"/><counter type="METHOD" missed="0" covered="1"/></method><method name="getSupportedSourceVersion" desc="()Ljavax/lang/model/SourceVersion;" line="50"><counter type="INSTRUCTION" missed="0" covered="2"/><counter type="LINE" missed="0" covered="1"/><counter type="COMPLEXITY" missed="0" covered="1"/><counter type="METHOD" missed="0" covered="1"/></method><method name="process" desc="(Ljava/util/Set;Ljavax/annotation/processing/RoundEnvironment;)Z" line="55"><counter type="INSTRUCTION" missed="2" covered="28"/><counter type="BRANCH" missed="2" covered="4"/><counter type="LINE" missed="1" covered="8"/><counter type="COMPLEXITY" missed="2" covered="2"/><counter type="METHOD" missed="0" covered="1"/></method><method name="validate" desc="(Ljavax/lang/model/element/Element;Ljava/lang/String;)V" line="75"><counter type="INSTRUCTION" missed="0" covered="15"/><counter type="BRANCH" missed="0" covered="2"/><counter type="LINE" missed="0" covered="4"/><counter type="COMPLEXITY" missed="0" covered="2"/><counter type="METHOD" missed="0" covered="1"/></method><counter type="INSTRUCTION" missed="2" covered="52"/><counter type="BRANCH" missed="2" covered="6"/><counter type="LINE" missed="1" covered="15"/><counter type="COMPLEXITY" missed="2" covered="7"/><counter type="METHOD" missed="0" covered="5"/><counter type="CLASS" missed="0" covered="1"/></class><class name="com/google/auto/value/processor/TemplateVars" sourcefilename="TemplateVars.java"><method name="&lt;init&gt;" desc="()V" line="58"><counter type="INSTRUCTION" missed="0" covered="98"/><counter type="BRANCH" missed="0" covered="14"/><counter type="LINE" missed="0" covered="17"/><counter type="COMPLEXITY" missed="0" covered="8"/><counter type="METHOD" missed="0" covered="1"/></method><method name="toText" desc="()Ljava/lang/String;" line="87"><counter type="INSTRUCTION" missed="0" covered="8"/><counter type="LINE" missed="0" covered="2"/><counter type="COMPLEXITY" missed="0" covered="1"/><counter type="METHOD" missed="0" covered="1"/></method><method name="toVars" desc="()Ljava/util/Map;" line="92"><counter type="INSTRUCTION" missed="15" covered="43"/><counter type="BRANCH" missed="1" covered="5"/><counter type="LINE" missed="1" covered="9"/><counter type="COMPLEXITY" missed="1" covered="3"/><counter type="METHOD" missed="0" covered="1"/></method><method name="parsedTemplateForResource" desc="(Ljava/lang/String;)Lcom/google/auto/value/processor/escapevelocity/Template;" line="107"><counter type="INSTRUCTION" missed="38" covered="20"/><counter type="BRANCH" missed="3" covered="1"/><counter type="LINE" missed="8" covered="7"/><counter type="COMPLEXITY" missed="2" covered="1"/><counter type="METHOD" missed="0" covered="1"/></method><method name="templateFromInputStream" desc="(Ljava/io/InputStream;)Lcom/google/auto/value/processor/escapevelocity/Template;" line="137"><counter type="INSTRUCTION" missed="0" covered="12"/><counter type="LINE" missed="0" covered="2"/><counter type="COMPLEXITY" missed="0" covered="1"/><counter type="METHOD" missed="0" covered="1"/></method><method name="parsedTemplateFromUrl" desc="(Ljava/lang/String;)Lcom/google/auto/value/processor/escapevelocity/Template;" line="152"><counter type="INSTRUCTION" missed="20" covered="12"/><counter type="BRANCH" missed="3" covered="1"/><counter type="LINE" missed="3" covered="3"/><counter type="COMPLEXITY" missed="2" covered="1"/><counter type="METHOD" missed="0" covered="1"/></method><method name="parsedTemplateFromJar" desc="(Ljava/net/URL;)Lcom/google/auto/value/processor/escapevelocity/Template;" line="167"><counter type="INSTRUCTION" missed="55" covered="0"/><counter type="BRANCH" missed="2" covered="0"/><counter type="LINE" missed="11" covered="0"/><counter type="COMPLEXITY" missed="2" covered="0"/><counter type="METHOD" missed="1" covered="0"/></method><method name="parsedTemplateFromFile" desc="(Ljava/net/URL;)Lcom/google/auto/value/processor/escapevelocity/Template;" line="190"><counter type="INSTRUCTION" missed="0" covered="18"/><counter type="LINE" missed="0" covered="4"/><counter type="COMPLEXITY" missed="0" covered="1"/><counter type="METHOD" missed="0" covered="1"/></method><method name="fieldValue" desc="(Ljava/lang/reflect/Field;Ljava/lang/Object;)Ljava/lang/Object;" line="201"><counter type="INSTRUCTION" missed="6" covered="4"/><counter type="LINE" missed="2" covered="1"/><counter type="COMPLEXITY" missed="0" covered="1"/><counter type="METHOD" missed="0" covered="1"/></method><method name="isStaticFinal" desc="(Ljava/lang/reflect/Field;)Z" line="208"><counter type="INSTRUCTION" missed="0" covered="13"/><counter type="BRANCH" missed="0" covered="4"/><counter type="LINE" missed="0" covered="2"/><counter type="COMPLEXITY" missed="0" covered="3"/><counter type="METHOD" missed="0" covered="1"/></method><counter type="INSTRUCTION" missed="134" covered="228"/><counter type="BRANCH" missed="9" covered="25"/><counter type="LINE" missed="25" covered="47"/><counter type="COMPLEXITY" missed="7" covered="20"/><counter type="METHOD" missed="1" covered="9"/><counter type="CLASS" missed="0" covered="1"/></class><class name="com/google/auto/value/processor/EclipseHack$BinaryPropertyOrderer" sourcefilename="EclipseHack.java"><method name="&lt;init&gt;" desc="(Ljava/net/URI;)V" line="312"><counter type="INSTRUCTION" missed="6" covered="0"/><counter type="LINE" missed="3" covered="0"/><counter type="COMPLEXITY" missed="1" covered="0"/><counter type="METHOD" missed="1" covered="0"/></method><method name="determinePropertyOrder" desc="()Lcom/google/common/collect/ImmutableList;" line="318"><counter type="INSTRUCTION" missed="23" covered="0"/><counter type="BRANCH" missed="2" covered="0"/><counter type="LINE" missed="7" covered="0"/><counter type="COMPLEXITY" missed="2" covered="0"/><counter type="METHOD" missed="1" covered="0"/></method><counter type="INSTRUCTION" missed="29" covered="0"/><counter type="BRANCH" missed="2" covered="0"/><counter type="LINE" missed="10" covered="0"/><counter type="COMPLEXITY" missed="3" covered="0"/><counter type="METHOD" missed="2" covered="0"/><counter type="CLASS" missed="1" covered="0"/></class><class name="com/google/auto/value/processor/PropertyBuilderClassifier$PropertyBuilder" sourcefilename="PropertyBuilderClassifier.java"><method name="&lt;init&gt;" desc="(Ljavax/lang/model/element/ExecutableElement;Ljava/lang/String;Ljava/lang/String;Ljava/lang/String;Ljava/lang/String;Ljava/lang/String;)V" line="99"><counter type="INSTRUCTION" missed="0" covered="32"/><counter type="LINE" missed="0" covered="9"/><counter type="COMPLEXITY" missed="0" covered="1"/><counter type="METHOD" missed="0" covered="1"/></method><method name="getPropertyBuilderMethod" desc="()Ljavax/lang/model/element/ExecutableElement;" line="111"><counter type="INSTRUCTION" missed="0" covered="3"/><counter type="LINE" missed="0" covered="1"/><counter type="COMPLEXITY" missed="0" covered="1"/><counter type="METHOD" missed="0" covered="1"/></method><method name="getName" desc="()Ljava/lang/String;" line="116"><counter type="INSTRUCTION" missed="0" covered="3"/><counter type="LINE" missed="0" covered="1"/><counter type="COMPLEXITY" missed="0" covered="1"/><counter type="METHOD" missed="0" covered="1"/></method><method name="getBuilderType" desc="()Ljava/lang/String;" line="121"><counter type="INSTRUCTION" missed="0" covered="3"/><counter type="LINE" missed="0" covered="1"/><counter type="COMPLEXITY" missed="0" covered="1"/><counter type="METHOD" missed="0" covered="1"/></method><method name="getInitializer" desc="()Ljava/lang/String;" line="126"><counter type="INSTRUCTION" missed="0" covered="3"/><counter type="LINE" missed="0" covered="1"/><counter type="COMPLEXITY" missed="0" covered="1"/><counter type="METHOD" missed="0" covered="1"/></method><method name="getInitEmpty" desc="()Ljava/lang/String;" line="136"><counter type="INSTRUCTION" missed="0" covered="3"/><counter type="LINE" missed="0" covered="1"/><counter type="COMPLEXITY" missed="0" covered="1"/><counter type="METHOD" missed="0" covered="1"/></method><method name="getBuiltToBuilder" desc="()Ljava/lang/String;" line="145"><counter type="INSTRUCTION" missed="0" covered="3"/><counter type="LINE" missed="0" covered="1"/><counter type="COMPLEXITY" missed="0" covered="1"/><counter type="METHOD" missed="0" covered="1"/></method><method name="getCopyAll" desc="()Ljava/lang/String;" line="155"><counter type="INSTRUCTION" missed="0" covered="3"/><counter type="LINE" missed="0" covered="1"/><counter type="COMPLEXITY" missed="0" covered="1"/><counter type="METHOD" missed="0" covered="1"/></method><counter type="INSTRUCTION" missed="0" covered="53"/><counter type="LINE" missed="0" covered="16"/><counter type="COMPLEXITY" missed="0" covered="8"/><counter type="METHOD" missed="0" covered="8"/><counter type="CLASS" missed="0" covered="1"/></class><class name="com/google/auto/value/processor/BuilderSpec" sourcefilename="BuilderSpec.java"><method name="&lt;init&gt;" desc="(Ljavax/lang/model/element/TypeElement;Ljavax/annotation/processing/ProcessingEnvironment;Lcom/google/auto/value/processor/ErrorReporter;)V" line="62"><counter type="INSTRUCTION" missed="0" covered="12"/><counter type="LINE" missed="0" covered="5"/><counter type="COMPLEXITY" missed="0" covered="1"/><counter type="METHOD" missed="0" covered="1"/></method><method name="getBuilder" desc="()Lcom/google/common/base/Optional;" line="77"><counter type="INSTRUCTION" missed="0" covered="65"/><counter type="BRANCH" missed="0" covered="10"/><counter type="LINE" missed="0" covered="13"/><counter type="COMPLEXITY" missed="0" covered="6"/><counter type="METHOD" missed="0" covered="1"/></method><method name="builderFrom" desc="(Ljavax/lang/model/element/TypeElement;)Lcom/google/common/base/Optional;" line="360"><counter type="INSTRUCTION" missed="0" covered="31"/><counter type="BRANCH" missed="0" covered="2"/><counter type="LINE" missed="0" covered="4"/><counter type="COMPLEXITY" missed="0" covered="2"/><counter type="METHOD" missed="0" covered="1"/></method><method name="sameTypeParameters" desc="(Ljavax/lang/model/element/TypeElement;Ljavax/lang/model/element/TypeElement;)Z" line="370"><counter type="INSTRUCTION" missed="0" covered="58"/><counter type="BRANCH" missed="0" covered="8"/><counter type="LINE" missed="0" covered="13"/><counter type="COMPLEXITY" missed="0" covered="5"/><counter type="METHOD" missed="0" covered="1"/></method><method name="abstractMethods" desc="(Ljavax/lang/model/element/TypeElement;)Ljava/util/Set;" line="391"><counter type="INSTRUCTION" missed="0" covered="34"/><counter type="BRANCH" missed="0" covered="4"/><counter type="LINE" missed="0" covered="8"/><counter type="COMPLEXITY" missed="0" covered="3"/><counter type="METHOD" missed="0" covered="1"/></method><method name="typeParamsString" desc="()Ljava/lang/String;" line="403"><counter type="INSTRUCTION" missed="0" covered="4"/><counter type="LINE" missed="0" covered="1"/><counter type="COMPLEXITY" missed="0" covered="1"/><counter type="METHOD" missed="0" covered="1"/></method><method name="&lt;clinit&gt;" desc="()V" line="68"><counter type="INSTRUCTION" missed="0" covered="10"/><counter type="LINE" missed="0" covered="2"/><counter type="COMPLEXITY" missed="0" covered="1"/><counter type="METHOD" missed="0" covered="1"/></method><counter type="INSTRUCTION" missed="0" covered="214"/><counter type="BRANCH" missed="0" covered="24"/><counter type="LINE" missed="0" covered="46"/><counter type="COMPLEXITY" missed="0" covered="19"/><counter type="METHOD" missed="0" covered="7"/><counter type="CLASS" missed="0" covered="1"/></class><class name="com/google/auto/value/processor/Optionalish" sourcefilename="Optionalish.java"><method name="&lt;init&gt;" desc="(Ljavax/lang/model/type/DeclaredType;Ljava/lang/String;)V" line="48"><counter type="INSTRUCTION" missed="0" covered="9"/><counter type="LINE" missed="0" covered="4"/><counter type="COMPLEXITY" missed="0" covered="1"/><counter type="METHOD" missed="0" covered="1"/></method><method name="createIfOptional" desc="(Ljavax/lang/model/type/TypeMirror;Ljava/lang/String;)Lcom/google/auto/value/processor/Optionalish;" line="63"><counter type="INSTRUCTION" missed="0" covered="14"/><counter type="BRANCH" missed="0" covered="2"/><counter type="LINE" missed="0" covered="4"/><counter type="COMPLEXITY" missed="0" covered="2"/><counter type="METHOD" missed="0" covered="1"/></method><method name="isOptional" desc="(Ljavax/lang/model/type/TypeMirror;)Z" line="72"><counter type="INSTRUCTION" missed="0" covered="30"/><counter type="BRANCH" missed="1" covered="5"/><counter type="LINE" missed="0" covered="6"/><counter type="COMPLEXITY" missed="1" covered="3"/><counter type="METHOD" missed="0" covered="1"/></method><method name="getRawType" desc="()Ljava/lang/String;" line="87"><counter type="INSTRUCTION" missed="0" covered="3"/><counter type="LINE" missed="0" covered="1"/><counter type="COMPLEXITY" missed="0" covered="1"/><counter type="METHOD" missed="0" covered="1"/></method><method name="getEmpty" desc="()Ljava/lang/String;" line="99"><counter type="INSTRUCTION" missed="2" covered="23"/><counter type="BRANCH" missed="1" covered="1"/><counter type="LINE" missed="0" covered="3"/><counter type="COMPLEXITY" missed="1" covered="1"/><counter type="METHOD" missed="0" covered="1"/></method><method name="getContainedType" desc="(Ljavax/lang/model/util/Types;)Ljavax/lang/model/type/TypeMirror;" line="107"><counter type="INSTRUCTION" missed="17" covered="12"/><counter type="BRANCH" missed="2" covered="1"/><counter type="LINE" missed="2" covered="3"/><counter type="COMPLEXITY" missed="2" covered="1"/><counter type="METHOD" missed="0" covered="1"/></method><method name="getContainedPrimitiveType" desc="(Ljavax/lang/model/util/Types;)Ljavax/lang/model/type/TypeMirror;" line="124"><counter type="INSTRUCTION" missed="26" covered="0"/><counter type="LINE" missed="4" covered="0"/><counter type="COMPLEXITY" missed="1" covered="0"/><counter type="METHOD" missed="1" covered="0"/></method><method name="&lt;clinit&gt;" desc="()V" line="38"><counter type="INSTRUCTION" missed="0" covered="18"/><counter type="LINE" missed="0" c
[...]
i="3" mb="0" cb="0"/><line nr="321" mi="0" ci="4" mb="0" cb="0"/><line nr="322" mi="0" ci="3" mb="0" cb="0"/><line nr="323" mi="0" ci="3" mb="0" cb="0"/><line nr="324" mi="0" ci="3" mb="0" cb="0"/><line nr="325" mi="0" ci="6" mb="0" cb="0"/><line nr="338" mi="0" ci="3" mb="0" cb="0"/><line nr="339" mi="0" ci="2" mb="0" cb="0"/><line nr="340" mi="0" ci="4" mb="0" cb="0"/><line nr="341" mi="0" ci="2" mb="0" cb="0"/><line nr="343" mi="0" ci="2" mb="0" cb="0"/><line nr="344" mi="0" ci="4" mb="0" cb="2"/><line nr="345" mi="0" ci="2" mb="0" cb="0"/><line nr="346" mi="0" ci="1" mb="0" cb="0"/><line nr="348" mi="0" ci="4" mb="1" cb="1"/><line nr="349" mi="4" ci="0" mb="0" cb="0"/><line nr="351" mi="0" ci="2" mb="0" cb="0"/><line nr="352" mi="0" ci="7" mb="0" cb="0"/><line nr="354" mi="0" ci="9" mb="0" cb="0"/><line nr="370" mi="0" ci="2" mb="0" cb="0"/><line nr="371" mi="0" ci="4" mb="1" cb="1"/><line nr="372" mi="11" ci="0" mb="0" cb="0"/><line nr="374" mi="0" ci="2" mb="0" cb="0"/><line nr="375" mi="0" ci="2" mb="0" cb="0"/><line nr="377" mi="0" ci="2" mb="0" cb="0"/><line nr="378" mi="0" ci="4" mb="0" cb="2"/><line nr="379" mi="0" ci="2" mb="0" cb="0"/><line nr="380" mi="0" ci="1" mb="0" cb="0"/><line nr="382" mi="0" ci="5" mb="0" cb="0"/><line nr="383" mi="0" ci="4" mb="0" cb="2"/><line nr="386" mi="0" ci="3" mb="0" cb="0"/><line nr="389" mi="0" ci="9" mb="0" cb="0"/><line nr="397" mi="0" ci="3" mb="0" cb="0"/><line nr="398" mi="0" ci="8" mb="1" cb="3"/><line nr="399" mi="0" ci="3" mb="0" cb="0"/><line nr="401" mi="0" ci="2" mb="0" cb="0"/><line nr="402" mi="0" ci="5" mb="0" cb="0"/><line nr="411" mi="0" ci="4" mb="0" cb="0"/><line nr="412" mi="0" ci="4" mb="0" cb="0"/><line nr="416" mi="0" ci="3" mb="0" cb="2"/><line nr="420" mi="0" ci="1" mb="0" cb="0"/><line nr="422" mi="0" ci="5" mb="0" cb="0"/><line nr="423" mi="0" ci="3" mb="0" cb="0"/><line nr="425" mi="0" ci="8" mb="0" cb="0"/><line nr="442" mi="0" ci="4" mb="0" cb="2"/><line nr="443" mi="0" ci="2" mb="0" cb="0"/><line nr="444" mi="0" ci="3" mb="0" cb="0"/><line nr="445" mi="0" ci="3" mb="0" cb="0"/><line nr="446" mi="0" ci="2" mb="0" cb="0"/><line nr="448" mi="0" ci="3" mb="0" cb="0"/><line nr="459" mi="0" ci="4" mb="0" cb="0"/><line nr="460" mi="0" ci="7" mb="0" cb="0"/><line nr="461" mi="0" ci="4" mb="0" cb="0"/><line nr="476" mi="0" ci="3" mb="0" cb="3"/><line nr="478" mi="0" ci="4" mb="0" cb="0"/><line nr="480" mi="0" ci="4" mb="0" cb="0"/><line nr="482" mi="0" ci="2" mb="0" cb="0"/><line nr="499" mi="4" ci="6" mb="1" cb="3"/><line nr="500" mi="0" ci="2" mb="0" cb="0"/><line nr="501" mi="0" ci="4" mb="0" cb="0"/><line nr="503" mi="0" ci="4" mb="0" cb="2"/><line nr="504" mi="0" ci="6" mb="0" cb="0"/><line nr="506" mi="0" ci="6" mb="0" cb="0"/><line nr="508" mi="0" ci="4" mb="0" cb="0"/><line nr="525" mi="4" ci="6" mb="1" cb="3"/><line nr="526" mi="0" ci="2" mb="0" cb="0"/><line nr="527" mi="0" ci="2" mb="0" cb="0"/><line nr="528" mi="0" ci="4" mb="0" cb="2"/><line nr="529" mi="0" ci="5" mb="0" cb="0"/><line nr="530" mi="0" ci="4" mb="0" cb="2"/><line nr="531" mi="0" ci="2" mb="0" cb="0"/><line nr="532" mi="0" ci="6" mb="0" cb="0"/><line nr="534" mi="0" ci="4" mb="1" cb="1"/><line nr="535" mi="4" ci="0" mb="0" cb="0"/><line nr="538" mi="4" ci="6" mb="1" cb="3"/><line nr="539" mi="0" ci="2" mb="0" cb="0"/><line nr="540" mi="0" ci="8" mb="0" cb="0"/><line nr="553" mi="4" ci="6" mb="1" cb="3"/><line nr="554" mi="0" ci="2" mb="0" cb="0"/><line nr="555" mi="0" ci="3" mb="0" cb="0"/><line nr="556" mi="0" ci="4" mb="1" cb="1"/><line nr="557" mi="4" ci="0" mb="0" cb="0"/><line nr="559" mi="0" ci="2" mb="0" cb="0"/><line nr="560" mi="0" ci="6" mb="0" cb="0"/><line nr="561" mi="0" ci="4" mb="0" cb="0"/><line nr="564" mi="0" ci="60" mb="0" cb="0"/><line nr="574" mi="0" ci="8" mb="0" cb="0"/><line nr="578" mi="0" ci="8" mb="0" cb="0"/><line nr="579" mi="0" ci="8" mb="0" cb="0"/><line nr="580" mi="0" ci="16" mb="0" cb="0"/><line nr="581" mi="0" ci="32" mb="0" cb="0"/><line nr="582" mi="0" ci="16" mb="0" cb="0"/><line nr="583" mi="0" ci="24" mb="0" cb="0"/><line nr="588" mi="0" ci="4" mb="0" cb="0"/><line nr="589" mi="0" ci="3" mb="0" cb="0"/><line nr="590" mi="0" ci="3" mb="0" cb="0"/><line nr="591" mi="0" ci="1" mb="0" cb="0"/><line nr="595" mi="3" ci="0" mb="0" cb="0"/><line nr="605" mi="0" ci="2" mb="0" cb="0"/><line nr="606" mi="0" ci="16" mb="0" cb="2"/><line nr="607" mi="0" ci="3" mb="0" cb="2"/><line nr="608" mi="0" ci="9" mb="0" cb="0"/><line nr="611" mi="0" ci="3" mb="0" cb="0"/><line nr="637" mi="0" ci="3" mb="0" cb="0"/><line nr="638" mi="0" ci="8" mb="0" cb="0"/><line nr="653" mi="0" ci="5" mb="0" cb="0"/><line nr="654" mi="0" ci="2" mb="0" cb="0"/><line nr="655" mi="0" ci="1" mb="0" cb="0"/><line nr="664" mi="0" ci="5" mb="0" cb="2"/><line nr="665" mi="0" ci="3" mb="0" cb="0"/><line nr="666" mi="0" ci="4" mb="0" cb="0"/><line nr="667" mi="0" ci="2" mb="0" cb="0"/><line nr="668" mi="0" ci="6" mb="0" cb="2"/><line nr="669" mi="0" ci="8" mb="0" cb="0"/><line nr="671" mi="0" ci="7" mb="0" cb="0"/><line nr="672" mi="0" ci="1" mb="0" cb="0"/><line nr="673" mi="0" ci="2" mb="0" cb="0"/><line nr="681" mi="0" ci="3" mb="0" cb="0"/><line nr="682" mi="0" ci="7" mb="0" cb="0"/><line nr="683" mi="0" ci="3" mb="0" cb="2"/><line nr="684" mi="0" ci="3" mb="0" cb="0"/><line nr="685" mi="0" ci="1" mb="0" cb="0"/><line nr="687" mi="0" ci="6" mb="0" cb="0"/><line nr="688" mi="0" ci="3" mb="0" cb="0"/><line nr="689" mi="0" ci="2" mb="0" cb="0"/><line nr="690" mi="0" ci="10" mb="0" cb="2"/><line nr="691" mi="0" ci="5" mb="0" cb="2"/><line nr="692" mi="1" ci="5" mb="1" cb="1"/><line nr="693" mi="0" ci="3" mb="0" cb="0"/><line nr="694" mi="0" ci="8" mb="0" cb="2"/><line nr="695" mi="0" ci="3" mb="0" cb="0"/><line nr="696" mi="0" ci="2" mb="0" cb="0"/><line nr="698" mi="0" ci="1" mb="0" cb="0"/><line nr="699" mi="0" ci="2" mb="1" cb="1"/><line nr="700" mi="10" ci="0" mb="0" cb="0"/><line nr="701" mi="7" ci="0" mb="0" cb="0"/><line nr="703" mi="0" ci="3" mb="0" cb="0"/><line nr="704" mi="0" ci="1" mb="0" cb="0"/><line nr="716" mi="0" ci="2" mb="0" cb="0"/><line nr="718" mi="0" ci="4" mb="0" cb="2"/><line nr="719" mi="0" ci="2" mb="0" cb="0"/><line nr="720" mi="0" ci="3" mb="0" cb="0"/><line nr="721" mi="0" ci="3" mb="0" cb="0"/><line nr="722" mi="0" ci="2" mb="0" cb="0"/><line nr="723" mi="0" ci="2" mb="0" cb="0"/><line nr="724" mi="0" ci="4" mb="0" cb="2"/><line nr="725" mi="0" ci="2" mb="0" cb="0"/><line nr="726" mi="0" ci="6" mb="0" cb="0"/><line nr="727" mi="0" ci="2" mb="0" cb="0"/><line nr="728" mi="0" ci="2" mb="0" cb="0"/><line nr="730" mi="0" ci="3" mb="0" cb="0"/><line nr="745" mi="0" ci="4" mb="0" cb="2"/><line nr="746" mi="0" ci="2" mb="0" cb="0"/><line nr="747" mi="0" ci="4" mb="0" cb="0"/><line nr="748" mi="0" ci="4" mb="0" cb="2"/><line nr="749" mi="0" ci="4" mb="0" cb="0"/><line nr="750" mi="0" ci="4" mb="0" cb="2"/><line nr="753" mi="0" ci="2" mb="0" cb="0"/><line nr="754" mi="0" ci="5" mb="0" cb="0"/><line nr="755" mi="0" ci="4" mb="0" cb="2"/><line nr="756" mi="0" ci="5" mb="0" cb="0"/><line nr="757" mi="0" ci="4" mb="1" cb="1"/><line nr="758" mi="0" ci="4" mb="0" cb="0"/><line nr="760" mi="4" ci="0" mb="0" cb="0"/><line nr="762" mi="0" ci="2" mb="0" cb="0"/><line nr="763" mi="0" ci="2" mb="0" cb="0"/><line nr="767" mi="4" ci="6" mb="1" cb="3"/><line nr="768" mi="0" ci="4" mb="0" cb="0"/><line nr="769" mi="0" ci="2" mb="0" cb="0"/><line nr="770" mi="0" ci="4" mb="0" cb="2"/><line nr="771" mi="0" ci="8" mb="2" cb="2"/><line nr="772" mi="4" ci="0" mb="0" cb="0"/><line nr="774" mi="0" ci="8" mb="2" cb="2"/><line nr="778" mi="4" ci="0" mb="0" cb="0"/><line nr="781" mi="0" ci="5" mb="0" cb="0"/><line nr="782" mi="0" ci="3" mb="0" cb="0"/><line nr="784" mi="0" ci="2" mb="0" cb="0"/><line nr="785" mi="0" ci="8" mb="0" cb="0"/><line nr="789" mi="0" ci="5" mb="0" cb="0"/><line nr="790" mi="0" ci="4" mb="0" cb="2"/><line nr="791" mi="0" ci="5" mb="0" cb="0"/><line nr="792" mi="0" ci="3" mb="0" cb="0"/><line nr="794" mi="0" ci="4" mb="0" cb="0"/><line nr="795" mi="0" ci="2" mb="1" cb="1"/><line nr="796" mi="11" ci="0" mb="0" cb="0"/><line nr="798" mi="0" ci="7" mb="0" cb="0"/><line nr="807" mi="0" ci="4" mb="0" cb="0"/><line nr="809" mi="0" ci="4" mb="0" cb="2"/><line nr="810" mi="0" ci="3" mb="0" cb="0"/><line nr="811" mi="0" ci="4" mb="1" cb="1"/><line nr="812" mi="0" ci="3" mb="0" cb="0"/><line nr="814" mi="4" ci="0" mb="0" cb="0"/><line nr="816" mi="0" ci="8" mb="0" cb="0"/><line nr="819" mi="0" ci="2" mb="0" cb="0"/><line nr="820" mi="0" ci="3" mb="0" cb="0"/><line nr="821" mi="0" ci="2" mb="0" cb="0"/><line nr="822" mi="0" ci="2" mb="0" cb="0"/><line nr="824" mi="0" ci="2" mb="0" cb="0"/><line nr="825" mi="0" ci="1" mb="0" cb="0"/><line nr="826" mi="0" ci="2" mb="0" cb="0"/><line nr="828" mi="0" ci="3" mb="0" cb="0"/><line nr="830" mi="0" ci="2" mb="0" cb="0"/><line nr="831" mi="0" ci="2" mb="0" cb="0"/><line nr="832" mi="0" ci="2" mb="0" cb="0"/><line nr="835" mi="0" ci="13" mb="1" cb="3"/><line nr="839" mi="0" ci="13" mb="1" cb="3"/><line nr="843" mi="0" ci="13" mb="0" cb="4"/><line nr="853" mi="0" ci="4" mb="1" cb="1"/><line nr="854" mi="11" ci="0" mb="0" cb="0"/><line nr="856" mi="0" ci="4" mb="0" cb="0"/><line nr="857" mi="0" ci="4" mb="0" cb="2"/><line nr="858" mi="0" ci="5" mb="0" cb="0"/><line nr="859" mi="0" ci="3" mb="0" cb="0"/><line nr="861" mi="0" ci="3" mb="0" cb="0"/><line nr="869" mi="4" ci="0" mb="0" cb="0"/><line nr="870" mi="4" ci="0" mb="2" cb="0"/><line nr="871" mi="5" ci="0" mb="0" cb="0"/><line nr="873" mi="2" ci="0" mb="0" cb="0"/><line nr="874" mi="7" ci="0" mb="4" cb="0"/><line nr="875" mi="5" ci="0" mb="0" cb="0"/><line nr="876" mi="2" ci="0" mb="0" cb="0"/><line nr="877" mi="2" ci="0" mb="0" cb="0"/><line nr="879" mi="4" ci="0" mb="2" cb="0"/><line nr="880" mi="4" ci="0" mb="0" cb="0"/><line nr="883" mi="9" ci="0" mb="0" cb="0"/><counter type="INSTRUCTION" missed="170" covered="1222"/><counter type="BRANCH" missed="35" covered="140"/><counter type="LINE" missed="28" covered="281"/><counter type="COMPLEXITY" missed="33" covered="96"/><counter type="METHOD" missed="2" covered="39"/><counter type="CLASS" missed="0" covered="3"/></sourcefile><sourcefile name="ParseException.java"><line nr="44" mi="0" ci="12" mb="0" cb="0"/><line nr="45" mi="0" ci="1" mb="0" cb="0"/><line nr="48" mi="16" ci="0" mb="0" cb="0"/><line nr="49" mi="1" ci="0" mb="0" cb="0"/><counter type="INSTRUCTION" missed="17" covered="13"/><counter type="LINE" missed="2" covered="2"/><counter type="COMPLEXITY" missed="1" covered="1"/><counter type="METHOD" missed="1" covered="1"/><counter type="CLASS" missed="0" covered="1"/></sourcefile><sourcefile name="Node.java"><line nr="45" mi="0" ci="2" mb="0" cb="0"/><line nr="46" mi="0" ci="3" mb="0" cb="0"/><line nr="47" mi="0" ci="1" mb="0" cb="0"/><line nr="59" mi="17" ci="0" mb="0" cb="0"/><line nr="63" mi="18" ci="0" mb="0" cb="0"/><line nr="71" mi="0" ci="6" mb="0" cb="0"/><line nr="80" mi="0" ci="6" mb="0" cb="0"/><line nr="87" mi="0" ci="3" mb="0" cb="0"/><line nr="88" mi="0" ci="3" mb="0" cb="0"/><line nr="89" mi="0" ci="1" mb="0" cb="0"/><line nr="92" mi="0" ci="4" mb="0" cb="0"/><line nr="93" mi="0" ci="11" mb="0" cb="2"/><line nr="94" mi="0" ci="6" mb="0" cb="0"/><line nr="95" mi="0" ci="1" mb="0" cb="0"/><line nr="96" mi="0" ci="3" mb="0" cb="0"/><counter type="INSTRUCTION" missed="35" covered="50"/><counter type="BRANCH" missed="0" covered="2"/><counter type="LINE" missed="2" covered="13"/><counter type="COMPLEXITY" missed="2" covered="6"/><counter type="METHOD" missed="2" covered="5"/><counter type="CLASS" missed="0" covered="2"/></sourcefile><sourcefile name="ReferenceNode.java"><line nr="55" mi="0" ci="3" mb="0" cb="0"/><line nr="56" mi="0" ci="1" mb="0" cb="0"/><line nr="66" mi="0" ci="3" mb="0" cb="0"/><line nr="67" mi="0" ci="3" mb="0" cb="0"/><line nr="68" mi="0" ci="1" mb="0" cb="0"/><line nr="71" mi="0" ci="5" mb="1" cb="1"/><line nr="72" mi="0" ci="5" mb="0" cb="0"/><line nr="74" mi="13" ci="0" mb="0" cb="0"/><line nr="80" mi="0" ci="5" mb="0" cb="2"/><line nr="81" mi="0" ci="4" mb="0" cb="0"/><line nr="83" mi="0" ci="2" mb="0" cb="0"/><line nr="97" mi="0" ci="4" mb="0" cb="0"/><line nr="98" mi="0" ci="3" mb="0" cb="0"/><line nr="99" mi="0" ci="3" mb="0" cb="0"/><line nr="100" mi="0" ci="1" mb="0" cb="0"/><line nr="102" mi="0" ci="11" mb="0" cb="0"/><line nr="103" mi="0" ci="12" mb="0" cb="0"/><line nr="106" mi="0" ci="5" mb="0" cb="0"/><line nr="107" mi="0" ci="2" mb="1" cb="1"/><line nr="108" mi="15" ci="0" mb="0" cb="0"/><line nr="112" mi="0" ci="16" mb="1" cb="1"/><line nr="113" mi="0" ci="16" mb="0" cb="2"/><line nr="114" mi="0" ci="9" mb="0" cb="2"/><line nr="115" mi="0" ci="9" mb="0" cb="0"/><line nr="118" mi="0" ci="7" mb="0" cb="0"/><line nr="119" mi="0" ci="9" mb="1" cb="3"/><line nr="121" mi="0" ci="6" mb="0" cb="0"/><line nr="123" mi="0" ci="1" mb="0" cb="0"/><line nr="125" mi="1" ci="0" mb="0" cb="0"/><line nr="128" mi="17" ci="0" mb="0" cb="0"/><line nr="130" mi="6" ci="0" mb="0" cb="0"/><line nr="134" mi="0" ci="4" mb="0" cb="0"/><line nr="135" mi="0" ci="5" mb="0" cb="0"/><line nr="136" mi="0" ci="3" mb="1" cb="1"/><line nr="137" mi="4" ci="0" mb="0" cb="0"/><line nr="138" mi="0" ci="3" mb="1" cb="1"/><line nr="139" mi="0" ci="3" mb="0" cb="0"/><line nr="141" mi="0" ci="9" mb="0" cb="0"/><line nr="155" mi="0" ci="4" mb="0" cb="0"/><line nr="156" mi="0" ci="3" mb="0" cb="0"/><line nr="157" mi="0" ci="3" mb="0" cb="0"/><line nr="158" mi="0" ci="1" mb="0" cb="0"/><line nr="161" mi="0" ci="5" mb="0" cb="0"/><line nr="162" mi="0" ci="2" mb="1" cb="1"/><line nr="163" mi="5" ci="0" mb="0" cb="0"/><line nr="165" mi="0" ci="3" mb="0" cb="2"/><line nr="166" mi="0" ci="5" mb="0" cb="0"/><line nr="167" mi="0" ci="3" mb="1" cb="1"/><line nr="168" mi="12" ci="0" mb="0" cb="0"/><line nr="170" mi="0" ci="3" mb="0" cb="0"/><line nr="171" mi="0" ci="4" mb="0" cb="0"/><line nr="172" mi="0" ci="6" mb="2" cb="2"/><line nr="173" mi="12" ci="0" mb="0" cb="0"/><line nr="174" mi="5" ci="0" mb="0" cb="0"/><line nr="176" mi="0" ci="4" mb="0" cb="0"/><line nr="177" mi="0" ci="3" mb="0" cb="2"/><line nr="178" mi="0" ci="5" mb="0" cb="0"/><line nr="179" mi="0" ci="3" mb="0" cb="0"/><line nr="180" mi="0" ci="4" mb="0" cb="0"/><line nr="184" mi="0" ci="10" mb="0" cb="0"/><line nr="185" mi="0" ci="4" mb="0" cb="0"/><line nr="199" mi="0" ci="4" mb="0" cb="0"/><line nr="200" mi="0" ci="3" mb="0" cb="0"/><line nr="201" mi="0" ci="3" mb="0" cb="0"/><line nr="202" mi="0" ci="3" mb="0" cb="0"/><line nr="203" mi="0" ci="1" mb="0" cb="0"/><line nr="223" mi="0" ci="5" mb="0" cb="0"/><line nr="224" mi="0" ci="2" mb="1" cb="1"/><line nr="225" mi="14" ci="0" mb="0" cb="0"/><line nr="227" mi="0" ci="4" mb="0" cb="0"/><line nr="228" mi="0" ci="11" mb="0" cb="2"/><line nr="229" mi="0" ci="6" mb="0" cb="0"/><line nr="230" mi="0" ci="1" mb="0" cb="0"/><line nr="231" mi="0" ci="2" mb="0" cb="0"/><line nr="232" mi="0" ci="18" mb="0" cb="2"/><line nr="233" mi="0" ci="9" mb="0" cb="4"/><line nr="234" mi="0" ci="4" mb="0" cb="0"/><line nr="237" mi="0" ci="3" mb="1" cb="1"/><line nr="238" mi="18" ci="0" mb="0" cb="0"/><line nr="240" mi="0" ci="2" mb="0" cb="0"/><line nr="241" mi="0" ci="10" mb="0" cb="2"/><line nr="243" mi="0" ci="5" mb="0" cb="2"/><line nr="244" mi="0" ci="4" mb="0" cb="0"/><line nr="246" mi="0" ci="1" mb="0" cb="0"/><line nr="247" mi="0" ci="3" mb="2" cb="1"/><line nr="249" mi="16" ci="0" mb="0" cb="0"/><line nr="252" mi="0" ci="8" mb="0" cb="0"/><line nr="254" mi="9" ci="0" mb="0" cb="0"/><line nr="256" mi="5" ci="0" mb="0" cb="0"/><line nr="266" mi="0" ci="5" mb="0" cb="2"/><line nr="267" mi="0" ci="2" mb="0" cb="0"/><line nr="269" mi="0" ci="8" mb="0" cb="2"/><line nr="270" mi="0" ci="4" mb="0" cb="0"/><line nr="271" mi="0" ci="4" mb="0" cb="0"/><line nr="272" mi="0" ci="3" mb="0" cb="2"/><line nr="273" mi="0" ci="4" mb="0" cb="0"/><line nr="274" mi="0" ci="4" mb="1" cb="1"/><line nr="275" mi="2" ci="0" mb="0" cb="0"/><line nr="278" mi="0" ci="2" mb="0" cb="0"/><line nr="282" mi="0" ci="6" mb="1" cb="3"/><line nr="283" mi="0" ci="2" mb="0" cb="0"/><line nr="285" mi="0" ci="6" mb="0" cb="0"/><line nr="288" mi="0" ci="8" mb="0" cb="0"/><line nr="290" mi="0" ci="5" mb="0" cb="0"/><line nr="302" mi="0" ci="3" mb="0" cb="2"/><line nr="303" mi="0" ci="2" mb="0" cb="0"/><line nr="305" mi="0" ci="4" mb="0" cb="0"/><line nr="306" mi="0" ci="2" mb="0" cb="2"/><line nr="307" mi="0" ci="2" mb="0" cb="0"/><line nr="309" mi="0" ci="3" mb="0" cb="2"/><line nr="310" mi="0" ci="7" mb="0" cb="2"/><line nr="312" mi="0" ci="4" mb="0" cb="0"/><line nr="313" mi="0" ci="2" mb="0" cb="2"/><line nr="314" mi="0" ci="2" mb="0" cb="0"/><line nr="316" mi="0" ci="7" mb="0" cb="2"/><line nr="329" mi="0" ci="4" mb="0" cb="2"/><line nr="330" mi="0" ci="5" mb="0" cb="0"/><line nr="331" mi="0" ci="2" mb="1" cb="1"/><line nr="332" mi="9" ci="0" mb="0" cb="0"/><line nr="333" mi="8" ci="0" mb="0" cb="0"/><line nr="337" mi="0" ci="6" mb="0" cb="0"/><line nr="338" mi="1" ci="0" mb="0" cb="0"/><line nr="339" mi="5" ci="0" mb="0" cb="0"/><line nr="340" mi="1" ci="0" mb="0" cb="0"/><line nr="341" mi="4" ci="0" mb="0" cb="0"/><line nr="346" mi="0" ci="3" mb="0" cb="0"/><line nr="347" mi="0" ci="4" mb="0" cb="0"/><line nr="348" mi="0" ci="2" mb="1" cb="1"/><line nr="349" mi="0" ci="5" mb="0" cb="0"/><line nr="351" mi="2" ci="0" mb="0" cb="0"/><line nr="355" mi="0" ci="10" mb="0" cb="0"/><line nr="365" mi="0" ci="2" mb="1" cb="1"/><line nr="366" mi="2" ci="0" mb="0" cb="0"/><line nr="370" mi="0" ci="7" mb="0" cb="0"/><line nr="371" mi="1" ci="0" mb="0" cb="0"/><line nr="372" mi="2" ci="0" mb="0" cb="0"/><line nr="373" mi="0" ci="1" mb="0" cb="0"/><line nr="374" mi="0" ci="8" mb="0" cb="4"/><line nr="378" mi="0" ci="2" mb="0" cb="0"/><line nr="380" mi="0" ci="5" mb="0" cb="0"/><line nr="381" mi="0" ci="2" mb="1" cb="1"/><line nr="382" mi="0" ci="2" mb="0" cb="0"/><line nr="384" mi="17" ci="0" mb="2" cb="0"/><line nr="385" mi="4" ci="0" mb="0" cb="0"/><line nr="386" mi="2" ci="0" mb="2" cb="0"/><line nr="387" mi="2" ci="0" mb="0" cb="0"/><line nr="390" mi="2" ci="0" mb="0" cb="0"/><line nr="402" mi="0" ci="4" mb="0" cb="2"/><line nr="403" mi="0" ci="2" mb="0" cb="0"/><line nr="405" mi="0" ci="2" mb="1" cb="1"/><line nr="406" mi="3" ci="0" mb="0" cb="0"/><line nr="408" mi="0" ci="2" mb="0" cb="0"/><line nr="413" mi="3" ci="0" mb="0" cb="0"/><line nr="414" mi="6" ci="0" mb="0" cb="0"/><line nr="415" mi="12" ci="0" mb="0" cb="0"/><line nr="416" mi="1" ci="0" mb="0" cb="0"/><line nr="417" mi="2" ci="0" mb="0" cb="0"/><line nr="428" mi="6" ci="0" mb="0" cb="0"/><line nr="429" mi="3" ci="0" mb="0" cb="0"/><line nr="430" mi="10" ci="0" mb="0" cb="0"/><line nr="431" mi="0" ci="1" mb="0" cb="0"/><line nr="432" mi="0" ci="2" mb="0" cb="0"/><line nr="433" mi="0" ci="2" mb="0" cb="0"/><line nr="434" mi="1" ci="0" mb="0" cb="0"/><line nr="435" mi="0" ci="2" mb="0" cb="0"/><line nr="436" mi="0" ci="2" mb="0" cb="0"/><line nr="437" mi="0" ci="1" mb="0" cb="0"/><counter type="INSTRUCTION" missed="263" covered="551"/><counter type="BRANCH" missed="25" covered="72"/><counter type="LINE" missed="41" covered="126"/><counter type="COMPLEXITY" missed="24" covered="47"/><counter type="METHOD" missed="1" covered="21"/><counter type="CLASS" missed="0" covered="5"/></sourcefile><counter type="INSTRUCTION" missed="667" covered="3005"/><counter type="BRANCH" missed="75" covered="334"/><counter type="LINE" missed="108" covered="689"/><counter type="COMPLEXITY" missed="88" covered="278"/><counter type="METHOD" missed="20" covered="135"/><counter type="CLASS" missed="1" covered="39"/></package><counter type="INSTRUCTION" missed="2228" covered="11967"/><counter type="BRANCH" missed="281" covered="1215"/><counter type="LINE" missed="407" covered="2702"/><counter type="COMPLEXITY" missed="303" covered="995"/><counter type="METHOD" missed="58" covered="477"/><counter type="CLASS" missed="9" covered="93"/></report>