GROUP,PACKAGE,CLASS,INSTRUCTION_MISSED,INSTRUCTION_COVERED,BRANCH_MISSED,BRANCH_COVERED,LINE_MISSED,LINE_COVERED,COMPLEXITY_MISSED,COMPLEXITY_COVERED,METHOD_MISSED,METHOD_COVERED
Closure Compiler,com.google.javascript.jscomp.deps,JsFileParser.ModuleType,0,44,0,0,0,5,0,1,0,1
Closure Compiler,com.google.javascript.jscomp.deps,PathUtil,16,213,2,28,1,45,2,20,0,7
Closure Compiler,com.google.javascript.jscomp.deps,ModuleLoader.PathEscaper.new ModuleLoader.PathEscaper() {...},0,9,0,0,0,2,0,2,0,2
Closure Compiler,com.google.javascript.jscomp.deps,ModuleLoader.PathEscaper.new ModuleLoader.PathEscaper() {...},0,9,0,0,0,2,0,2,0,2
Closure Compiler,com.google.javascript.jscomp.deps,BrowserWithTransformedPrefixesModuleResolver.Factory,0,16,0,0,0,4,0,2,0,2
Closure Compiler,com.google.javascript.jscomp.deps,Es6SortedDependencies,3,414,2,60,1,95,2,39,0,10
Closure Compiler,com.google.javascript.jscomp.deps,NodeModuleResolver.Factory,0,20,0,0,0,6,0,3,0,3
Closure Compiler,com.google.javascript.jscomp.deps,WebpackModuleResolver,0,30,0,2,0,7,0,3,0,2
Closure Compiler,com.google.javascript.jscomp.deps,DependencyInfo.Require.Type,0,54,0,0,0,6,0,1,0,1
Closure Compiler,com.google.javascript.jscomp.deps,SimpleDependencyInfo.Builder,0,44,0,2,0,13,0,5,0,4
Closure Compiler,com.google.javascript.jscomp.deps,ModuleLoader.PathEscaper,0,24,0,0,0,3,0,1,0,1
Closure Compiler,com.google.javascript.jscomp.deps,DepsGenerator.InclusionStrategy,0,34,0,0,0,4,0,1,0,1
Closure Compiler,com.google.javascript.jscomp.deps,AutoValue_BrowserWithTransformedPrefixesModuleResolver_PrefixReplacement,39,60,7,5,5,19,7,5,1,5
Closure Compiler,com.google.javascript.jscomp.deps,NodeModuleResolver,0,434,2,52,0,83,2,36,0,11
Closure Compiler,com.google.javascript.jscomp.deps,ModuleLoader.PathResolver.new ModuleLoader.PathResolver() {...},0,8,0,0,0,2,0,2,0,2
Closure Compiler,com.google.javascript.jscomp.deps,ModuleLoader.PathResolver.new ModuleLoader.PathResolver() {...},0,13,0,0,0,2,0,2,0,2
Closure Compiler,com.google.javascript.jscomp.deps,DependencyInfo.Require.Builder,0,3,0,0,0,1,0,1,0,1
Closure Compiler,com.google.javascript.jscomp.deps,ClosureBundler.EvalMode.new ClosureBundler.EvalMode() {...},0,40,0,0,0,11,0,3,0,3
Closure Compiler,com.google.javascript.jscomp.deps,ClosureBundler.EvalMode.new ClosureBundler.EvalMode() {...},0,32,0,0,0,9,0,3,0,3
Closure Compiler,com.google.javascript.jscomp.deps,AutoValue_DependencyInfo_Require,24,94,3,7,2,24,4,9,1,7
Closure Compiler,com.google.javascript.jscomp.deps,ClosureBundler.EvalMode,0,24,0,0,0,3,0,1,0,1
Closure Compiler,com.google.javascript.jscomp.deps,BrowserWithTransformedPrefixesModuleResolver,15,175,1,15,2,46,1,13,0,6
Closure Compiler,com.google.javascript.jscomp.deps,DependencyInfo.Util,0,137,0,4,0,28,0,6,0,4
Closure Compiler,com.google.javascript.jscomp.deps,DepsGenerator,108,890,14,79,19,206,16,57,4,22
Closure Compiler,com.google.javascript.jscomp.deps,ModuleLoader.ResolutionMode,0,44,0,0,0,5,0,1,0,1
Closure Compiler,com.google.javascript.jscomp.deps,JsFileLineParser,80,606,18,94,11,140,18,50,1,11
Closure Compiler,com.google.javascript.jscomp.deps,ModuleLoader.NoopErrorHandler,0,1,0,0,0,1,0,1,0,1
Closure Compiler,com.google.javascript.jscomp.deps,ClosureBundler,81,198,4,10,13,40,11,16,7,13
Closure Compiler,com.google.javascript.jscomp.deps,JsFileLineParser.ParseException,0,10,0,0,0,4,0,2,0,2
Closure Compiler,com.google.javascript.jscomp.deps,BrowserWithTransformedPrefixesModuleResolver.PrefixReplacement,0,9,0,0,0,2,0,2,0,2
Closure Compiler,com.google.javascript.jscomp.deps,ModuleLoader.ModulePath,0,70,1,5,0,13,1,9,0,7
Closure Compiler,com.google.javascript.jscomp.deps,ClosureBundler.EscapeMode.new ClosureBundler.EscapeMode() {...},0,13,0,0,0,3,0,2,0,2
Closure Compiler,com.google.javascript.jscomp.deps,ClosureBundler.EscapeMode.new ClosureBundler.EscapeMode() {...},0,11,0,0,0,3,0,2,0,2
Closure Compiler,com.google.javascript.jscomp.deps,AutoValue_SimpleDependencyInfo.Builder,129,137,18,18,18,46,18,13,0,13
Closure Compiler,com.google.javascript.jscomp.deps,SourceCodeEscapers,60,89,0,0,11,17,1,2,1,2
Closure Compiler,com.google.javascript.jscomp.deps,DefaultDependencyResolver,0,181,0,18,0,43,0,18,0,9
Closure Compiler,com.google.javascript.jscomp.deps,ModuleResolver,2,155,0,14,1,38,1,12,1,5
Closure Compiler,com.google.javascript.jscomp.deps,SourceCodeEscapers.new ArrayBasedCharEscaper() {...},40,6,2,0,9,1,2,1,1,1
Closure Compiler,com.google.javascript.jscomp.deps,JsFileParser,33,551,12,123,4,129,10,68,0,10
Closure Compiler,com.google.javascript.jscomp.deps,ModuleLoader.PathResolver,0,24,0,0,0,3,0,1,0,1
Closure Compiler,com.google.javascript.jscomp.deps,ModuleLoader,7,313,1,29,1,71,1,29,0,15
Closure Compiler,com.google.javascript.jscomp.deps,DependencyInfo.Base,0,14,0,0,0,3,0,3,0,3
Closure Compiler,com.google.javascript.jscomp.deps,VirtualFile,2,53,2,4,1,12,2,7,0,6
Closure Compiler,com.google.javascript.jscomp.deps,AutoValue_DependencyInfo_Require.Builder,54,64,7,7,7,22,7,6,0,6
Closure Compiler,com.google.javascript.jscomp.deps,DepsFileParser,30,199,4,20,3,50,5,15,1,7
Closure Compiler,com.google.javascript.jscomp.deps,ServiceException,0,4,0,0,0,2,0,1,0,1
Closure Compiler,com.google.javascript.jscomp.deps,DependencyInfo.Require,0,70,0,0,0,14,0,10,0,10
Closure Compiler,com.google.javascript.jscomp.deps,WebpackModuleResolver.Factory,0,58,0,4,0,12,0,4,0,2
Closure Compiler,com.google.javascript.jscomp.deps,AutoValue_SimpleDependencyInfo,54,197,11,13,2,48,12,12,1,11
Closure Compiler,com.google.javascript.jscomp.deps,BrowserModuleResolver,0,59,0,4,0,13,0,5,0,3
Closure Compiler,com.google.javascript.jscomp.deps,ModuleNames,9,194,1,25,1,52,1,20,0,8
Closure Compiler,com.google.javascript.jscomp.deps,SimpleDependencyInfo,0,29,0,0,0,11,0,3,0,3
Closure Compiler,com.google.javascript.jscomp.deps,SortedDependencies.MissingProvideException,0,9,0,0,0,4,0,2,0,2
Closure Compiler,com.google.javascript.jscomp.deps,ClosureBundler.EscapeMode,0,24,0,0,0,3,0,1,0,1
Closure Compiler,com.google.javascript.jscomp.deps,DependencyFile,41,132,5,9,4,33,4,11,0,8
Closure Compiler,com.google.javascript.jscomp.bundle,AutoValue_Source,6,284,4,24,0,56,3,25,0,14
Closure Compiler,com.google.javascript.jscomp.bundle,AutoValue_Source.Builder,129,171,18,18,18,55,18,15,0,15
Closure Compiler,com.google.javascript.jscomp.bundle,Transpiler,4,34,0,0,2,7,2,4,2,4
Closure Compiler,com.google.javascript.jscomp.bundle,CoverageInstrumenter.CompilerSupplier,0,34,0,0,0,12,0,3,0,3
Closure Compiler,com.google.javascript.jscomp.bundle,Source,0,41,0,0,0,14,0,5,0,5
Closure Compiler,com.google.javascript.jscomp.bundle,Source.Lazy,0,34,1,3,0,6,1,6,0,5
Closure Compiler,com.google.javascript.jscomp.bundle,Source.Builder,5,40,0,2,1,9,1,7,1,6
Closure Compiler,com.google.javascript.jscomp.bundle,CachedTransformer,11,19,0,0,4,4,2,2,2,2
Closure Compiler,com.google.javascript.jscomp.bundle,CoverageInstrumenter,2,16,0,0,1,6,1,4,1,4
Closure Compiler,com.google.javascript.jscomp.bundle,TranspilationException,48,65,4,4,11,18,8,4,5,3
Closure Compiler,com.google.javascript.jscomp.bundle,CompilerBasedTransformer.CompilerSupplier,1,147,1,5,1,39,1,10,0,8
Closure Compiler,com.google.javascript.jscomp.bundle,Source.Transformer,31,6,0,0,6,1,7,1,7,1
Closure Compiler,com.google.javascript.jscomp.bundle,CompilerBasedTransformer.CompileResult,0,21,0,0,0,6,0,1,0,1
Closure Compiler,com.google.javascript.jscomp.bundle,Source.Lazy.new Source.Lazy() {...},0,9,0,0,0,2,0,2,0,2
Closure Compiler,com.google.javascript.jscomp.bundle,Source.Lazy.new Source.Lazy() {...},0,10,0,0,0,2,0,2,0,2
Closure Compiler,com.google.javascript.jscomp.bundle,CompilerBasedTransformer,38,56,3,5,7,13,2,4,0,2
Closure Compiler,com.google.debugging.sourcemap.proto,Mapping.LineMapping.Builder,498,0,52,0,136,0,59,0,33,0
Closure Compiler,com.google.debugging.sourcemap.proto,Mapping.new Descriptors.FileDescriptor.InternalDescriptorAssigner() {...},0,66,0,0,0,11,0,2,0,2
Closure Compiler,com.google.debugging.sourcemap.proto,Mapping,1,19,0,0,1,6,1,2,1,2
Closure Compiler,com.google.debugging.sourcemap.proto,Mapping.OriginalMapping.Builder,331,213,35,15,97,62,49,12,26,10
Closure Compiler,com.google.debugging.sourcemap.proto,Mapping.OriginalMapping,374,142,44,8,102,38,48,20,21,19
Closure Compiler,com.google.debugging.sourcemap.proto,Mapping.LineMapping.new AbstractParser() {...},10,0,0,0,2,0,2,0,2,0
Closure Compiler,com.google.debugging.sourcemap.proto,Mapping.LineMapping,419,0,37,0,109,0,57,0,37,0
Closure Compiler,com.google.debugging.sourcemap.proto,Mapping.OriginalMapping.new AbstractParser() {...},7,3,0,0,1,1,1,1,1,1
Closure Compiler,com.google.javascript.refactoring.examples,GoogBindToArrow,0,102,3,19,0,26,3,12,0,4
Closure Compiler,com.google.javascript.refactoring,Scanner,2,5,0,0,1,2,1,2,1,2
Closure Compiler,com.google.javascript.refactoring,FixingErrorManager,35,209,14,32,4,50,12,22,1,10
Closure Compiler,com.google.javascript.refactoring,CodeReplacement,0,23,0,0,0,4,0,4,0,4
Closure Compiler,com.google.javascript.refactoring,Match,0,15,0,0,0,6,0,3,0,3
Closure Compiler,com.google.javascript.refactoring,JsSourceMatcher,0,20,0,0,0,5,0,3,0,3
Closure Compiler,com.google.javascript.refactoring,RefactoringUtils,0,38,0,12,0,12,0,7,0,1
Closure Compiler,com.google.javascript.refactoring,AutoValue_CodeReplacement,14,135,7,9,4,30,7,9,0,8
Closure Compiler,com.google.javascript.refactoring,Matchers.new Matcher() {...},0,5,0,0,0,2,0,2,0,2
Closure Compiler,com.google.javascript.refactoring,Matchers.new Matcher() {...},0,32,0,4,0,5,0,4,0,2
Closure Compiler,com.google.javascript.refactoring,Matchers.new Matcher() {...},0,32,0,4,0,5,0,4,0,2
Closure Compiler,com.google.javascript.refactoring,Matchers.new Matcher() {...},0,37,3,9,0,10,3,5,0,2
Closure Compiler,com.google.javascript.refactoring,Matchers.new Matcher() {...},2,14,1,1,0,2,1,2,0,2
Closure Compiler,com.google.javascript.refactoring,Matchers.new Matcher() {...},4,30,2,4,2,9,2,3,0,2
Closure Compiler,com.google.javascript.refactoring,Matchers.new Matcher() {...},0,6,0,0,0,2,0,2,0,2
Closure Compiler,com.google.javascript.refactoring,Matchers.new Matcher() {...},0,20,1,3,0,2,1,3,0,2
Closure Compiler,com.google.javascript.refactoring,Matchers.new Matcher() {...},0,21,0,4,0,2,0,4,0,2
Closure Compiler,com.google.javascript.refactoring,NodeMetadata,0,9,0,0,0,4,0,2,0,2
Closure Compiler,com.google.javascript.refactoring,RefactoringDriver.Builder,41,73,0,0,9,17,5,9,5,9
Closure Compiler,com.google.javascript.refactoring,AutoValue_SuggestedFix_MatchedNodeInfo,115,29,15,1,21,11,11,5,3,5
Closure Compiler,com.google.javascript.refactoring,ApplySuggestedFixes.ReplacementMap,0,61,0,6,0,15,0,7,0,4
Closure Compiler,com.google.javascript.refactoring,ErrorToFixMapper,92,736,12,65,23,176,13,50,2,15
Closure Compiler,com.google.javascript.refactoring,SuggestedFix,2,160,1,9,1,33,1,14,0,10
Closure Compiler,com.google.javascript.refactoring,Matchers,17,216,11,13,4,52,10,33,0,31
Closure Compiler,com.google.javascript.refactoring,Matchers.new Matcher() {...},2,38,6,10,1,11,6,4,0,2
Closure Compiler,com.google.javascript.refactoring,Matchers.new Matcher() {...},4,44,3,9,1,12,3,5,0,2
Closure Compiler,com.google.javascript.refactoring,Matchers.new Matcher() {...},0,20,0,4,0,2,0,4,0,2
Closure Compiler,com.google.javascript.refactoring,Matchers.new Matcher() {...},2,35,3,5,1,7,3,3,0,2
Closure Compiler,com.google.javascript.refactoring,Matchers.new Matcher() {...},1,14,2,2,0,3,2,2,0,2
Closure Compiler,com.google.javascript.refactoring,Matchers.new Matcher() {...},0,34,0,8,0,9,0,6,0,2
Closure Compiler,com.google.javascript.refactoring,Matchers.new Matcher() {...},0,27,1,5,0,4,1,4,0,2
Closure Compiler,com.google.javascript.refactoring,Matchers.new Matcher() {...},4,49,5,9,2,11,5,4,0,2
Closure Compiler,com.google.javascript.refactoring,Matchers.new Matcher() {...},2,16,1,3,1,4,1,3,0,2
Closure Compiler,com.google.javascript.refactoring,RefasterJsScanner,39,650,11,71,9,149,13,38,2,8
Closure Compiler,com.google.javascript.refactoring,RefasterJs,305,0,24,0,70,0,17,0,5,0
Closure Compiler,com.google.javascript.refactoring,RefasterJsScanner.RefasterJsTemplate,2,79,1,5,1,26,1,8,0,6
Closure Compiler,com.google.javascript.refactoring,ApplySuggestedFixes,78,252,6,18,13,59,4,19,1,10
Closure Compiler,com.google.javascript.refactoring,SuggestedFix.HasAliasedRequireOrModuleCallback,0,46,0,10,0,12,0,9,0,4
Closure Compiler,com.google.javascript.refactoring,FixingErrorManager.FixTypes,0,24,0,0,0,3,0,1,0,1
Closure Compiler,com.google.javascript.refactoring,SuggestedFix.MatchedNodeInfo,0,14,0,0,0,5,0,2,0,2
Closure Compiler,com.google.javascript.refactoring,RefactoringDriver,0,123,0,0,0,34,0,6,0,6
Closure Compiler,com.google.javascript.refactoring,JsFlumeCallback,14,73,5,7,3,20,3,8,0,5
Closure Compiler,com.google.javascript.refactoring,SuggestedFix.Builder,131,1380,31,195,29,347,30,117,2,32
Closure Compiler,com.google.javascript.jscomp.lint,AutoValue_CheckRequiresSorted_ImportStatement,119,92,14,18,17,24,13,12,2,7
Closure Compiler,com.google.javascript.jscomp.lint,CheckPrimitiveAsObject.new NodeUtil.Visitor() {...},0,31,0,4,0,6,0,4,0,2
Closure Compiler,com.google.javascript.jscomp.lint,CheckUselessBlocks,7,123,5,30,2,31,6,21,1,7
Closure Compiler,com.google.javascript.jscomp.lint,CheckJSDocStyle.ExternsCallback,0,27,1,9,0,6,1,6,0,2
Closure Compiler,com.google.javascript.jscomp.lint,CheckUnusedLabels.LabelContext,0,9,0,0,0,4,0,1,0,1
Closure Compiler,com.google.javascript.jscomp.lint,CheckInterfaces,6,114,3,21,2,33,4,14,1,5
Closure Compiler,com.google.javascript.jscomp.lint,CheckUnusedLabels,6,91,2,13,2,23,3,11,1,5
Closure Compiler,com.google.javascript.jscomp.lint,CheckNullabilityModifiers,1,479,4,104,0,98,4,65,0,15
Closure Compiler,com.google.javascript.jscomp.lint,CheckPrimitiveAsObject,6,92,0,10,2,29,1,12,1,7
Closure Compiler,com.google.javascript.jscomp.lint,CheckEmptyStatements,0,30,0,4,0,9,0,6,0,4
Closure Compiler,com.google.javascript.jscomp.lint,AutoValue_CheckRequiresSorted_DestructuringBinding,31,68,5,7,5,19,6,6,1,5
Closure Compiler,com.google.javascript.jscomp.lint,CheckJSDocStyle,1,772,5,167,0,197,5,102,0,19
Closure Compiler,com.google.javascript.jscomp.lint,CheckRequiresSorted.DestructuringBinding,0,22,0,0,0,6,0,3,0,3
Closure Compiler,com.google.javascript.jscomp.lint,CheckEs6ModuleFileStructure.OrderedStatement,0,59,0,0,0,9,0,3,0,3
Closure Compiler,com.google.javascript.jscomp.lint,CheckNoMutatedEs6Exports,1,227,5,31,0,53,5,22,0,8
Closure Compiler,com.google.javascript.jscomp.lint,CheckProvidesSorted.Mode,0,24,0,0,0,3,0,1,0,1
Closure Compiler,com.google.javascript.jscomp.lint,CheckNullableReturn,15,169,8,42,3,46,9,28,1,11
Closure Compiler,com.google.javascript.jscomp.lint,CheckProvidesSorted,0,193,1,31,0,48,1,27,0,12
Closure Compiler,com.google.javascript.jscomp.lint,CheckRequiresSorted.ImportPrimitive,12,82,1,5,1,13,1,7,0,5
Closure Compiler,com.google.javascript.jscomp.lint,CheckEs6Modules,2,116,2,9,1,30,2,12,0,7
Closure Compiler,com.google.javascript.jscomp.lint,CheckMissingSemicolon,3,108,3,27,3,31,3,18,0,6
Closure Compiler,com.google.javascript.jscomp.lint,CheckArrayWithGoogObject,10,181,5,21,4,35,6,14,1,6
Closure Compiler,com.google.javascript.jscomp.lint,CheckRequiresSorted.ImportStatement,1,225,1,33,0,49,1,25,0,9
Closure Compiler,com.google.javascript.jscomp.lint,CheckEnums,1,154,2,24,1,40,2,18,0,7
Closure Compiler,com.google.javascript.jscomp.lint,CheckRequiresSorted,0,406,1,55,0,112,1,42,0,15
Closure Compiler,com.google.javascript.jscomp.lint,CheckDuplicateCase,6,50,0,6,2,13,1,7,1,4
Closure Compiler,com.google.javascript.jscomp.lint,CheckEs6ModuleFileStructure,7,178,8,23,2,45,8,18,0,8
Closure Compiler,com.google.javascript.jscomp.lint,CheckJSDocStyle.FindNonTrivialReturn,2,26,1,11,1,9,1,6,0,1
Closure Compiler,com.google.javascript.jscomp.lint,CheckRequiresSorted.Mode,0,24,0,0,0,3,0,1,0,1
Closure Compiler,com.google.javascript.jscomp.lint,CheckPrototypeProperties,6,61,1,9,2,18,2,9,1,5
Closure Compiler,com.google.javascript.rhino,StaticScope,0,19,0,4,0,5,0,3,0,1
Closure Compiler,com.google.javascript.rhino,JSDocInfo.LazilyInitializedDocumentation,45,0,0,0,13,0,1,0,1,0
Closure Compiler,com.google.javascript.rhino,SourcePosition,36,59,2,4,2,20,2,9,0,8
Closure Compiler,com.google.javascript.rhino,TokenStream,54,492,23,134,9,96,18,87,1,2
Closure Compiler,com.google.javascript.rhino,JSDocInfo,122,2211,69,377,38,498,67,344,3,185
Closure Compiler,com.google.javascript.rhino,SimpleSourceFile,27,12,2,0,7,5,6,2,5,2
Closure Compiler,com.google.javascript.rhino,Node.SiblingNodeIterator,8,26,1,3,2,8,2,4,1,3
Closure Compiler,com.google.javascript.rhino,Token,14,1687,2,4,2,173,2,5,0,2
Closure Compiler,com.google.javascript.rhino,JSDocInfo.Marker,9,66,12,8,2,19,10,10,0,10
Closure Compiler,com.google.javascript.rhino,ErrorReporter.new ErrorReporter() {...},1,4,0,0,1,2,1,2,1,2
Closure Compiler,com.google.javascript.rhino,IR,165,1301,44,86,25,264,47,125,11,95
Closure Compiler,com.google.javascript.rhino,QualifiedName.NodeQname,19,57,1,8,3,12,2,11,1,6
Closure Compiler,com.google.javascript.rhino,JSDocInfo.Visibility,0,54,0,0,0,6,0,1,0,1
Closure Compiler,com.google.javascript.rhino,JSDocInfo.TrimmedStringPosition,1,24,2,2,0,5,2,2,0,2
Closure Compiler,com.google.javascript.rhino,JSDocInfoBuilder,82,1462,67,229,28,435,64,189,2,103
Closure Compiler,com.google.javascript.rhino,QualifiedName.GetpropQname,0,50,1,5,0,13,1,8,0,6
Closure Compiler,com.google.javascript.rhino,ClosurePrimitive,16,53,2,2,2,10,2,2,0,2
Closure Compiler,com.google.javascript.rhino,Node.SideEffectFlags,65,63,10,0,16,19,8,9,3,9
Closure Compiler,com.google.javascript.rhino,Node.TypeDeclarationNode,0,31,0,0,0,9,0,5,0,5
Closure Compiler,com.google.javascript.rhino,Node.IntPropListItem,4,24,0,0,1,6,1,4,1,4
Closure Compiler,com.google.javascript.rhino,JSDocInfo.LazilyInitializedInfo,105,213,7,19,22,42,8,13,2,6
Closure Compiler,com.google.javascript.rhino,Node.PropListItem,0,9,0,0,0,4,0,1,0,1
Closure Compiler,com.google.javascript.rhino,HamtPMap.Iter,4,55,1,5,1,11,2,5,1,3
Closure Compiler,com.google.javascript.rhino,Node.AncestorIterable,0,11,0,0,0,4,0,2,0,2
Closure Compiler,com.google.javascript.rhino,StaticSourceFile,0,24,0,6,0,3,0,6,0,3
Closure Compiler,com.google.javascript.rhino,InputId,2,44,1,5,0,10,1,7,0,5
Closure Compiler,com.google.javascript.rhino,JSDocInfo.StringPosition,5,44,11,11,1,9,10,3,0,2
Closure Compiler,com.google.javascript.rhino,JSDocInfo.NamePosition,13,58,19,15,2,12,16,3,0,2
Closure Compiler,com.google.javascript.rhino,Node.TemplateLiteralSubstringNode,18,70,4,4,5,17,5,7,1,7
Closure Compiler,com.google.javascript.rhino,JSDocInfo.Property,3,0,0,0,1,0,1,0,1,0
Closure Compiler,com.google.javascript.rhino,ErrorReporter,0,5,0,0,0,1,0,1,0,1
Closure Compiler,com.google.javascript.rhino,Node.ObjectPropListItem,4,24,0,0,1,6,1,4,1,4
Closure Compiler,com.google.javascript.rhino,HamtPMap,317,1125,34,128,57,199,26,92,4,33
Closure Compiler,com.google.javascript.rhino,Node.StringNode,5,82,1,5,1,22,1,12,0,10
Closure Compiler,com.google.javascript.rhino,QualifiedName.StringListQname,0,141,0,26,0,26,0,21,0,7
Closure Compiler,com.google.javascript.rhino,TypeDeclarationsIR,51,207,6,16,12,44,8,20,4,13
Closure Compiler,com.google.javascript.rhino,Node.NumberNode,9,63,0,8,3,14,1,9,1,5
Closure Compiler,com.google.javascript.rhino,JSDocInfo.TypePosition,13,73,20,16,2,16,17,5,0,4
Closure Compiler,com.google.javascript.rhino,Node,363,4268,114,645,50,973,115,598,18,310
Closure Compiler,com.google.javascript.rhino,StaticSourceFile.SourceKind,0,34,0,0,0,4,0,1,0,1
Closure Compiler,com.google.javascript.rhino,Node.AncestorIterable.new Iterator() {...},8,31,1,3,2,6,2,4,1,3
Closure Compiler,com.google.javascript.rhino,Node.SiblingNodeIterable,0,12,0,0,0,4,0,2,0,2
Closure Compiler,com.google.javascript.rhino,Node.Prop,0,594,0,0,0,60,0,1,0,1
Closure Compiler,com.google.javascript.rhino,JSTypeExpression,11,95,1,11,1,18,2,15,1,10
Closure Compiler,com.google.javascript.rhino,NominalTypeBuilder,23,38,2,0,6,12,3,6,2,6
Closure Compiler,com.google.javascript.rhino,TokenUtil,11,51,9,14,2,9,10,7,1,4
Closure Compiler,com.google.javascript.rhino,JSIdentifier,3,38,1,11,1,10,2,6,1,1
Closure Compiler,com.google.javascript.rhino,QualifiedName,0,95,0,8,0,26,0,11,0,7
Closure Compiler,com.google.javascript.rhino,SimpleErrorReporter,87,45,12,0,22,12,9,4,3,4
Closure Compiler,com.google.javascript.jscomp.regex,RegExpTree.Concatenation.new Object() {...},201,0,32,0,46,0,19,0,3,0
Closure Compiler,com.google.javascript.jscomp.regex,CharRanges,214,793,37,103,41,142,23,66,1,18
Closure Compiler,com.google.javascript.jscomp.regex,RegExpTree.UnicodePropertyEscape,51,66,9,11,6,16,9,7,4,2
Closure Compiler,com.google.javascript.jscomp.regex,RegExpTree.BackReference,27,22,6,2,5,6,8,2,4,2
Closure Compiler,com.google.javascript.jscomp.regex,CaseCanonicalize,9125,0,26,0,220,0,18,0,5,0
Closure Compiler,com.google.javascript.jscomp.regex,RegExpTree.WordBoundary,40,0,4,0,10,0,8,0,6,0
Closure Compiler,com.google.javascript.jscomp.regex,RegExpTree.CapturingGroup,43,23,4,0,8,8,9,3,7,3
Closure Compiler,com.google.javascript.jscomp.regex,RegExpTree.Anchor,34,6,4,0,8,1,8,1,6,1
Closure Compiler,com.google.javascript.jscomp.regex,RegExpTree,179,341,40,31,36,39,30,17,3,6
Closure Compiler,com.google.javascript.jscomp.regex,RegExpTree.NamedBackReference,26,16,4,0,6,5,6,2,4,2
Closure Compiler,com.google.javascript.jscomp.regex,RegExpTree.LookaheadAssertion,89,13,14,0,18,5,15,2,8,2
Closure Compiler,com.google.javascript.jscomp.regex,CaseCanonicalize.DeltaSet,9,0,0,0,4,0,1,0,1,0
Closure Compiler,com.google.javascript.jscomp.regex,RegExpTree.Repetition,402,81,96,9,70,22,62,4,9,4
Closure Compiler,com.google.javascript.jscomp.regex,RegExpTree.Text,102,43,20,5,22,9,16,5,5,3
Closure Compiler,com.google.javascript.jscomp.regex,RegExpTree.NamedCaptureGroup,61,35,6,0,10,11,10,3,7,3
Closure Compiler,com.google.javascript.jscomp.regex,RegExpTree.DecomposedCharset,149,203,43,36,26,43,30,19,2,5
Closure Compiler,com.google.javascript.jscomp.regex,RegExpTree.RegExpTreeAtom,6,5,0,0,3,2,3,2,3,2
Closure Compiler,com.google.javascript.jscomp.regex,RegExpTree.ParentheticalType,0,74,0,0,0,8,0,1,0,1
Closure Compiler,com.google.javascript.jscomp.regex,RegExpTree.Charset,272,111,32,10,60,28,25,7,7,4
Closure Compiler,com.google.javascript.jscomp.regex,RegExpTree.Alternation,394,0,72,0,86,0,47,0,10,0
Closure Compiler,com.google.javascript.jscomp.regex,RegExpTree.Empty,8,9,0,0,4,3,4,3,4,3
Closure Compiler,com.google.javascript.jscomp.regex,RegExpTree.new Object() {...},467,1183,106,165,89,225,89,70,1,10
Closure Compiler,com.google.javascript.jscomp.regex,RegExpTree.LookbehindAssertion,71,31,12,2,15,9,13,4,7,3
Closure Compiler,com.google.javascript.jscomp.regex,RegExpTree.Concatenation,164,79,31,14,35,20,26,8,8,3
Closure Compiler,com.google.debugging.sourcemap,Base64VLQ,0,97,0,14,0,24,0,11,0,4
Closure Compiler,com.google.debugging.sourcemap,SourceMapConsumerV3.MappingBuilder,15,327,4,34,1,65,4,24,0,8
Closure Compiler,com.google.debugging.sourcemap,FilePosition,12,15,0,0,1,6,1,3,1,3
Closure Compiler,com.google.debugging.sourcemap,SourceMapObject.Builder,0,78,0,0,0,22,0,12,0,12
Closure Compiler,com.google.debugging.sourcemap,SourceMapGeneratorV3.Mapping,0,9,0,0,0,3,0,1,0,1
Closure Compiler,com.google.debugging.sourcemap,SourceMapConsumerV3.UnmappedEntry,4,13,0,0,2,6,2,4,2,4
Closure Compiler,com.google.debugging.sourcemap,SourceMapGeneratorV3.ConsumerEntryVisitor,0,15,0,0,0,3,0,2,0,2
Closure Compiler,com.google.debugging.sourcemap,SourceMapConsumerV3.StringCharIterator,0,39,0,2,0,8,0,5,0,4
Closure Compiler,com.google.debugging.sourcemap,SourceMapSection,15,43,0,0,6,12,1,7,1,7
Closure Compiler,com.google.debugging.sourcemap,SourceMapObjectParser,25,233,3,23,4,44,3,15,0,5
Closure Compiler,com.google.debugging.sourcemap,SourceMapConsumerV3,186,458,36,56,41,114,28,34,2,14
Closure Compiler,com.google.debugging.sourcemap,SourceMapObjectParserJs,183,0,16,0,38,0,11,0,3,0
Closure Compiler,com.google.debugging.sourcemap,SourceMapParseException,4,0,0,0,2,0,1,0,1,0
Closure Compiler,com.google.debugging.sourcemap,SourceMapConsumerV3.UnnamedEntry,0,24,0,0,0,9,0,5,0,5
Closure Compiler,com.google.debugging.sourcemap,SourceMapGeneratorV3.LineMapper,6,188,6,20,1,49,5,14,0,6
Closure Compiler,com.google.debugging.sourcemap,SourceMapFormat,0,24,0,0,0,3,0,1,0,1
Closure Compiler,com.google.debugging.sourcemap,SourceMapConsumerV3.DefaultSourceMapSupplier,2,3,0,0,1,1,1,1,1,1
Closure Compiler,com.google.debugging.sourcemap,SourceMapSection.SectionType,0,24,0,0,0,3,0,1,0,1
Closure Compiler,com.google.debugging.sourcemap,SourceMapGeneratorV3.MappingTraversal,7,232,5,37,1,45,5,24,0,8
Closure Compiler,com.google.debugging.sourcemap,SourceMapGeneratorFactory,5,9,1,1,1,2,1,1,0,1
Closure Compiler,com.google.debugging.sourcemap,SourceMapGeneratorV3.UsedMappingCheck,0,6,0,2,0,3,0,2,0,1
Closure Compiler,com.google.debugging.sourcemap,Util,98,199,18,13,21,29,14,10,0,5
Closure Compiler,com.google.debugging.sourcemap,SourceMapConsumerV3.NamedEntry,0,13,0,0,0,4,0,2,0,2
Closure Compiler,com.google.debugging.sourcemap,Base64,19,85,6,10,0,16,6,6,0,4
Closure Compiler,com.google.debugging.sourcemap,SourceMapObject,0,67,0,0,0,23,0,12,0,12
Closure Compiler,com.google.debugging.sourcemap,SourceMapGeneratorV3,57,881,15,67,13,224,14,57,1,29
Closure Compiler,com.google.debugging.sourcemap,SourceMapConsumerFactory,27,24,3,3,5,7,4,1,1,1
Closure Compiler,com.google.javascript.jscomp.parsing.parser.util,LookaheadErrorReporter,1,7,0,0,1,2,1,2,1,2
Closure Compiler,com.google.javascript.jscomp.parsing.parser.util,ErrorReporter,0,27,0,0,0,9,0,4,0,4
Closure Compiler,com.google.javascript.jscomp.parsing.parser.util,SourcePosition,40,15,2,0,4,6,3,1,2,1
Closure Compiler,com.google.javascript.jscomp.parsing.parser.util,LookaheadErrorReporter.ParseException,0,3,0,0,0,1,0,1,0,1
Closure Compiler,com.google.javascript.jscomp.parsing.parser.util,SourceRange,15,9,0,0,1,4,1,1,1,1
Closure Compiler,com.google.javascript.jscomp.parsing.parser.util.format,UnknownFormatConversionException,4,0,0,0,2,0,1,0,1,0
Closure Compiler,com.google.javascript.jscomp.parsing.parser.util.format,SimpleFormat,579,556,117,85,150,153,93,39,9,16
Closure Compiler,com.google.javascript.jscomp.parsing.parser.util.format,IllegalFormatCodePointException,11,0,0,0,2,0,1,0,1,0
Closure Compiler,com.google.javascript.jscomp.parsing.parser.util.format,MissingFormatWidthException,4,0,0,0,2,0,1,0,1,0
Closure Compiler,com.google.javascript.jscomp.parsing.parser.util.format,IllegalFormatPrecisionException,11,0,0,0,2,0,1,0,1,0
Closure Compiler,com.google.javascript.jscomp.parsing.parser.util.format,SimpleFormat.FormatToken,224,288,43,70,46,80,41,40,3,14
Closure Compiler,com.google.javascript.jscomp.parsing.parser.util.format,IllegalFormatConversionException,15,0,0,0,2,0,1,0,1,0
Closure Compiler,com.google.javascript.jscomp.parsing.parser.util.format,MissingFormatArgumentException,4,0,0,0,2,0,1,0,1,0
Closure Compiler,com.google.javascript.jscomp.parsing.parser.util.format,SimpleFormat.FormatSpecifierParser,61,217,13,27,15,48,15,18,3,10
Closure Compiler,com.google.javascript.jscomp.parsing.parser.util.format,IllegalFormatWidthException,11,0,0,0,2,0,1,0,1,0
Closure Compiler,com.google.javascript.jscomp.parsing.parser.util.format,IllegalFormatFlagsException,4,0,0,0,2,0,1,0,1,0
Closure Compiler,com.google.javascript.jscomp.transpile,CachingTranspiler.Key,1,47,3,3,0,7,3,3,0,3
Closure Compiler,com.google.javascript.jscomp.transpile,Transpiler.new Transpiler() {...},2,11,0,0,1,2,1,2,1,2
Closure Compiler,com.google.javascript.jscomp.transpile,CachingTranspiler,12,38,2,0,4,8,1,3,0,3
Closure Compiler,com.google.javascript.jscomp.transpile,Transpiler,0,5,0,0,0,1,0,1,0,1
Closure Compiler,com.google.javascript.jscomp.transpile,BaseTranspiler.CompileResult,0,16,0,0,0,5,0,1,0,1
Closure Compiler,com.google.javascript.jscomp.transpile,CachingTranspiler.new CacheLoader() {...},0,17,0,0,0,2,0,2,0,2
Closure Compiler,com.google.javascript.jscomp.transpile,BaseTranspiler.CompilerSupplier,3,239,2,8,2,66,2,15,0,12
Closure Compiler,com.google.javascript.jscomp.transpile,BaseTranspiler,0,88,0,4,0,17,0,8,0,6
Closure Compiler,com.google.javascript.jscomp.transpile,TranspileResult,16,184,2,14,3,25,4,16,3,9
Closure Compiler,com.google.javascript.jscomp.transpile,TranspilerBuilder,42,0,0,0,9,0,7,0,7,0
Closure Compiler,com.google.javascript.jscomp.parsing.parser.trees,FunctionTypeTree,0,11,0,0,0,4,0,1,0,1
Closure Compiler,com.google.javascript.jscomp.parsing.parser.trees,ProgramTree,0,11,0,0,0,4,0,1,0,1
Closure Compiler,com.google.javascript.jscomp.parsing.parser.trees,ImportSpecifierTree,0,11,0,0,0,4,0,1,0,1
Closure Compiler,com.google.javascript.jscomp.parsing.parser.trees,IndexSignatureTree,0,11,0,0,0,4,0,1,0,1
Closure Compiler,com.google.javascript.jscomp.parsing.parser.trees,GenericTypeListTree,0,8,0,0,0,3,0,1,0,1
Closure Compiler,com.google.javascript.jscomp.parsing.parser.trees,TryStatementTree,0,14,0,0,0,5,0,1,0,1
Closure Compiler,com.google.javascript.jscomp.parsing.parser.trees,ComprehensionIfTree,0,8,0,0,0,3,0,1,0,1
Closure Compiler,com.google.javascript.jscomp.parsing.parser.trees,ParameterizedTypeTree,0,11,0,0,0,4,0,1,0,1
Closure Compiler,com.google.javascript.jscomp.parsing.parser.trees,ComputedPropertyDefinitionTree,0,11,0,0,0,4,0,1,0,1
Closure Compiler,com.google.javascript.jscomp.parsing.parser.trees,IfStatementTree,0,14,0,0,0,5,0,1,0,1
Closure Compiler,com.google.javascript.jscomp.parsing.parser.trees,CatchTree,0,11,0,0,0,4,0,1,0,1
Closure Compiler,com.google.javascript.jscomp.parsing.parser.trees,AmbientDeclarationTree,0,8,0,0,0,3,0,1,0,1
Closure Compiler,com.google.javascript.jscomp.parsing.parser.trees,ConditionalExpressionTree,0,14,0,0,0,5,0,1,0,1
Closure Compiler,com.google.javascript.jscomp.parsing.parser.trees,VariableDeclarationListTree,0,11,0,0,0,4,0,1,0,1
Closure Compiler,com.google.javascript.jscomp.parsing.parser.trees,TypeAliasTree,0,11,0,0,0,4,0,1,0,1
Closure Compiler,com.google.javascript.jscomp.parsing.parser.trees,SpreadExpressionTree,0,8,0,0,0,3,0,1,0,1
Closure Compiler,com.google.javascript.jscomp.parsing.parser.trees,ImportDeclarationTree,0,17,0,0,0,6,0,1,0,1
Closure Compiler,com.google.javascript.jscomp.parsing.parser.trees,TemplateLiteralExpressionTree,0,11,0,0,0,4,0,1,0,1
Closure Compiler,com.google.javascript.jscomp.parsing.parser.trees,AwaitExpressionTree,0,8,0,0,0,3,0,1,0,1
Closure Compiler,com.google.javascript.jscomp.parsing.parser.trees,ComprehensionTree,0,14,0,0,0,5,0,1,0,1
Closure Compiler,com.google.javascript.jscomp.parsing.parser.trees,ExportDeclarationTree,0,20,0,0,0,7,0,1,0,1
Closure Compiler,com.google.javascript.jscomp.parsing.parser.trees,PropertyNameAssignmentTree,0,11,0,0,0,4,0,1,0,1
Closure Compiler,com.google.javascript.jscomp.parsing.parser.trees,Comment,23,12,2,0,3,5,4,1,3,1
Closure Compiler,com.google.javascript.jscomp.parsing.parser.trees,ForInStatementTree,0,14,0,0,0,5,0,1,0,1
Closure Compiler,com.google.javascript.jscomp.parsing.parser.trees,TypedParameterTree,0,11,0,0,0,4,0,1,0,1
Closure Compiler,com.google.javascript.jscomp.parsing.parser.trees,DebuggerStatementTree,0,5,0,0,0,2,0,1,0,1
Closure Compiler,com.google.javascript.jscomp.parsing.parser.trees,InterfaceDeclarationTree,0,17,0,0,0,6,0,1,0,1
Closure Compiler,com.google.javascript.jscomp.parsing.parser.trees,CallSignatureTree,0,17,0,0,0,6,0,1,0,1
Closure Compiler,com.google.javascript.jscomp.parsing.parser.trees,ObjectPatternTree,0,8,0,0,0,3,0,1,0,1
Closure Compiler,com.google.javascript.jscomp.parsing.parser.trees,BreakStatementTree,0,17,0,2,0,4,0,3,0,2
Closure Compiler,com.google.javascript.jscomp.parsing.parser.trees,TemplateLiteralPortionTree,0,8,0,0,0,3,0,1,0,1
Closure Compiler,com.google.javascript.jscomp.parsing.parser.trees,WhileStatementTree,0,11,0,0,0,4,0,1,0,1
Closure Compiler,com.google.javascript.jscomp.parsing.parser.trees,ComprehensionForTree,0,11,0,0,0,4,0,1,0,1
Closure Compiler,com.google.javascript.jscomp.parsing.parser.trees,ClassDeclarationTree,0,20,0,0,0,7,0,1,0,1
Closure Compiler,com.google.javascript.jscomp.parsing.parser.trees,ComputedPropertyGetterTree,0,20,0,0,0,7,0,1,0,1
Closure Compiler,com.google.javascript.jscomp.parsing.parser.trees,TypeQueryTree,0,8,0,0,0,3,0,1,0,1
Closure Compiler,com.google.javascript.jscomp.parsing.parser.trees,ParseTreeType,0,974,0,0,0,98,0,1,0,1
Closure Compiler,com.google.javascript.jscomp.parsing.parser.trees,ExpressionStatementTree,0,8,0,0,0,3,0,1,0,1
Closure Compiler,com.google.javascript.jscomp.parsing.parser.trees,CaseClauseTree,0,11,0,0,0,4,0,1,0,1
Closure Compiler,com.google.javascript.jscomp.parsing.parser.trees,ReturnStatementTree,0,8,0,0,0,3,0,1,0,1
Closure Compiler,com.google.javascript.jscomp.parsing.parser.trees,UnionTypeTree,0,8,0,0,0,3,0,1,0,1
Closure Compiler,com.google.javascript.jscomp.parsing.parser.trees,NewTargetExpressionTree,0,5,0,0,0,2,0,1,0,1
Closure Compiler,com.google.javascript.jscomp.parsing.parser.trees,YieldExpressionTree,0,11,0,0,0,4,0,1,0,1
Closure Compiler,com.google.javascript.jscomp.parsing.parser.trees,BlockTree,0,8,0,0,0,3,0,1,0,1
Closure Compiler,com.google.javascript.jscomp.parsing.parser.trees,SuperExpressionTree,0,5,0,0,0,2,0,1,0,1
Closure Compiler,com.google.javascript.jscomp.parsing.parser.trees,ComprehensionTree.ComprehensionType,0,24,0,0,0,3,0,1,0,1
Closure Compiler,com.google.javascript.jscomp.parsing.parser.trees,TypeNameTree,0,8,0,0,0,3,0,1,0,1
Closure Compiler,com.google.javascript.jscomp.parsing.parser.trees,ComputedPropertyMethodTree,0,14,0,0,0,5,0,1,0,1
Closure Compiler,com.google.javascript.jscomp.parsing.parser.trees,MemberVariableTree,0,20,0,0,0,7,0,1,0,1
Closure Compiler,com.google.javascript.jscomp.parsing.parser.trees,DoWhileStatementTree,0,11,0,0,0,4,0,1,0,1
Closure Compiler,com.google.javascript.jscomp.parsing.parser.trees,FunctionDeclarationTree.Builder,0,95,0,0,0,35,0,12,0,12
Closure Compiler,com.google.javascript.jscomp.parsing.parser.trees,ArgumentListTree,0,8,0,0,0,3,0,1,0,1
Closure Compiler,com.google.javascript.jscomp.parsing.parser.trees,RestParameterTree,0,8,0,0,0,3,0,1,0,1
Closure Compiler,com.google.javascript.jscomp.parsing.parser.trees,RecordTypeTree,0,8,0,0,0,3,0,1,0,1
Closure Compiler,com.google.javascript.jscomp.parsing.parser.trees,MemberExpressionTree,0,11,0,0,0,4,0,1,0,1
Closure Compiler,com.google.javascript.jscomp.parsing.parser.trees,FinallyTree,0,8,0,0,0,3,0,1,0,1
Closure Compiler,com.google.javascript.jscomp.parsing.parser.trees,VariableStatementTree,0,8,0,0,0,3,0,1,0,1
Closure Compiler,com.google.javascript.jscomp.parsing.parser.trees,GetAccessorTree,0,17,0,0,0,6,0,1,0,1
Closure Compiler,com.google.javascript.jscomp.parsing.parser.trees,UpdateExpressionTree,0,30,0,0,0,7,0,3,0,3
Closure Compiler,com.google.javascript.jscomp.parsing.parser.trees,LiteralExpressionTree,0,8,0,0,0,3,0,1,0,1
Closure Compiler,com.google.javascript.jscomp.parsing.parser.trees,DefaultClauseTree,0,8,0,0,0,3,0,1,0,1
Closure Compiler,com.google.javascript.jscomp.parsing.parser.trees,NamespaceDeclarationTree,0,11,0,0,0,4,0,1,0,1
Closure Compiler,com.google.javascript.jscomp.parsing.parser.trees,NullTree,0,5,0,0,0,2,0,1,0,1
Closure Compiler,com.google.javascript.jscomp.parsing.parser.trees,ArrayPatternTree,0,8,0,0,0,3,0,1,0,1
Closure Compiler,com.google.javascript.jscomp.parsing.parser.trees,ComputedPropertySetterTree,0,20,0,0,0,7,0,1,0,1
Closure Compiler,com.google.javascript.jscomp.parsing.parser.trees,FunctionDeclarationTree.Kind,0,44,0,0,0,5,0,1,0,1
Closure Compiler,com.google.javascript.jscomp.parsing.parser.trees,EnumDeclarationTree,0,11,0,0,0,4,0,1,0,1
Closure Compiler,com.google.javascript.jscomp.parsing.parser.trees,ComputedPropertyMemberVariableTree,0,17,0,0,0,6,0,1,0,1
Closure Compiler,com.google.javascript.jscomp.parsing.parser.trees,ParseTree,36,334,3,9,6,109,7,101,5,97
Closure Compiler,com.google.javascript.jscomp.parsing.parser.trees,UnaryExpressionTree,0,11,0,0,0,4,0,1,0,1
Closure Compiler,com.google.javascript.jscomp.parsing.parser.trees,ArrayTypeTree,0,8,0,0,0,3,0,1,0,1
Closure Compiler,com.google.javascript.jscomp.parsing.parser.trees,WithStatementTree,0,11,0,0,0,4,0,1,0,1
Closure Compiler,com.google.javascript.jscomp.parsing.parser.trees,ForAwaitOfStatementTree,0,14,0,0,0,5,0,1,0,1
Closure Compiler,com.google.javascript.jscomp.parsing.parser.trees,ThisExpressionTree,0,5,0,0,0,2,0,1,0,1
Closure Compiler,com.google.javascript.jscomp.parsing.parser.trees,ObjectLiteralExpressionTree,0,8,0,0,0,3,0,1,0,1
Closure Compiler,com.google.javascript.jscomp.parsing.parser.trees,CallExpressionTree,0,11,0,0,0,4,0,1,0,1
Closure Compiler,com.google.javascript.jscomp.parsing.parser.trees,IdentifierExpressionTree,0,8,0,0,0,3,0,1,0,1
Closure Compiler,com.google.javascript.jscomp.parsing.parser.trees,CommaExpressionTree,0,8,0,0,0,3,0,1,0,1
Closure Compiler,com.google.javascript.jscomp.parsing.parser.trees,ExportSpecifierTree,0,11,0,0,0,4,0,1,0,1
Closure Compiler,com.google.javascript.jscomp.parsing.parser.trees,BinaryOperatorTree,0,14,0,0,0,5,0,1,0,1
Closure Compiler,com.google.javascript.jscomp.parsing.parser.trees,ParenExpressionTree,0,8,0,0,0,3,0,1,0,1
Closure Compiler,com.google.javascript.jscomp.parsing.parser.trees,EmptyStatementTree,0,5,0,0,0,2,0,1,0,1
Closure Compiler,com.google.javascript.jscomp.parsing.parser.trees,UpdateExpressionTree.OperatorPosition,0,24,0,0,0,3,0,1,0,1
Closure Compiler,com.google.javascript.jscomp.parsing.parser.trees,NamespaceNameTree,0,8,0,0,0,3,0,1,0,1
Closure Compiler,com.google.javascript.jscomp.parsing.parser.trees,ForStatementTree,0,17,0,0,0,6,0,1,0,1
Closure Compiler,com.google.javascript.jscomp.parsing.parser.trees,TemplateSubstitutionTree,0,8,0,0,0,3,0,1,0,1
Closure Compiler,com.google.javascript.jscomp.parsing.parser.trees,ContinueStatementTree,0,17,0,2,0,4,0,3,0,2
Closure Compiler,com.google.javascript.jscomp.parsing.parser.trees,OptionalParameterTree,0,8,0,0,0,3,0,1,0,1
Closure Compiler,com.google.javascript.jscomp.parsing.parser.trees,VariableDeclarationTree,0,14,0,0,0,5,0,1,0,1
Closure Compiler,com.google.javascript.jscomp.parsing.parser.trees,ArrayLiteralExpressionTree,0,8,0,0,0,3,0,1,0,1
Closure Compiler,com.google.javascript.jscomp.parsing.parser.trees,MemberLookupExpressionTree,0,11,0,0,0,4,0,1,0,1
Closure Compiler,com.google.javascript.jscomp.parsing.parser.trees,ThrowStatementTree,0,8,0,0,0,3,0,1,0,1
Closure Compiler,com.google.javascript.jscomp.parsing.parser.trees,LabelledStatementTree,0,11,0,0,0,4,0,1,0,1
Closure Compiler,com.google.javascript.jscomp.parsing.parser.trees,SwitchStatementTree,0,11,0,0,0,4,0,1,0,1
Closure Compiler,com.google.javascript.jscomp.parsing.parser.trees,NewExpressionTree,0,11,0,0,0,4,0,1,0,1
Closure Compiler,com.google.javascript.jscomp.parsing.parser.trees,DefaultParameterTree,0,11,0,0,0,4,0,1,0,1
Closure Compiler,com.google.javascript.jscomp.parsing.parser.trees,FormalParameterListTree,0,8,0,0,0,3,0,1,0,1
Closure Compiler,com.google.javascript.jscomp.parsing.parser.trees,DynamicImportTree,0,8,0,0,0,3,0,1,0,1
Closure Compiler,com.google.javascript.jscomp.parsing.parser.trees,Comment.Type,0,54,0,0,0,6,0,1,0,1
Closure Compiler,com.google.javascript.jscomp.parsing.parser.trees,ForOfStatementTree,0,14,0,0,0,5,0,1,0,1
Closure Compiler,com.google.javascript.jscomp.parsing.parser.trees,MissingPrimaryExpressionTree,0,5,0,0,0,2,0,1,0,1
Closure Compiler,com.google.javascript.jscomp.parsing.parser.trees,AssignmentRestElementTree,0,8,0,0,0,3,0,1,0,1
Closure Compiler,com.google.javascript.jscomp.parsing.parser.trees,FunctionDeclarationTree,0,61,0,0,0,14,0,2,0,2
Closure Compiler,com.google.javascript.jscomp.parsing.parser.trees,SetAccessorTree,0,17,0,0,0,6,0,1,0,1
Closure Compiler,com.google.javascript.jscomp.diagnostic,NoOpLogFile,12,0,0,0,6,0,6,0,6,0
Closure Compiler,com.google.javascript.jscomp.diagnostic,LogFile,10,0,0,0,3,0,3,0,3,0
Closure Compiler,com.google.javascript.jscomp.diagnostic,WritingLogFile,76,0,0,0,22,0,8,0,8,0
Closure Compiler,com.google.javascript.jscomp.resources,ResourceLoader,48,24,4,2,12,5,5,3,2,3
Closure Compiler,com.google.javascript.jscomp.resources,GwtProperties,179,0,26,0,37,0,19,0,6,0
Closure Compiler,com.google.javascript.jscomp.ijs,CheckTypeSummaryWarningsGuard,33,0,6,0,9,0,7,0,4,0
Closure Compiler,com.google.javascript.jscomp.ijs,PotentialDeclaration,0,381,7,87,0,85,7,63,0,23
Closure Compiler,com.google.javascript.jscomp.ijs,PotentialDeclaration.StringKeyDeclaration,8,83,4,22,2,25,5,13,1,4
Closure Compiler,com.google.javascript.jscomp.ijs,ConvertToTypedInterface.PropagateConstJsdoc,4,50,3,9,0,15,2,6,0,2
Closure Compiler,com.google.javascript.jscomp.ijs,PotentialDeclaration.MethodDeclaration,0,12,0,0,0,4,0,3,0,3
Closure Compiler,com.google.javascript.jscomp.ijs,PotentialDeclaration.PolymerBehaviorPropertiesDeclaration,5,61,3,11,3,15,4,7,1,3
Closure Compiler,com.google.javascript.jscomp.ijs,PotentialDeclaration.DefineDeclaration,22,108,8,14,4,24,8,9,0,4
Closure Compiler,com.google.javascript.jscomp.ijs,ClassUtil,3,206,5,39,1,45,5,25,0,8
Closure Compiler,com.google.javascript.jscomp.ijs,PotentialDeclaration.AliasDeclaration,6,33,4,4,1,10,3,6,0,5
Closure Compiler,com.google.javascript.jscomp.ijs,ProcessConstJsdocCallback,15,245,7,53,1,57,7,32,0,6
Closure Compiler,com.google.javascript.jscomp.ijs,PotentialDeclaration.NameDeclaration,0,226,5,63,0,61,5,36,0,7
Closure Compiler,com.google.javascript.jscomp.ijs,JsdocUtil,2,232,3,46,1,59,3,36,0,11
Closure Compiler,com.google.javascript.jscomp.ijs,ConvertToTypedInterface.SimplifyDeclarations,5,349,2,70,2,87,2,48,0,14
Closure Compiler,com.google.javascript.jscomp.ijs,ConvertToTypedInterface.RemoveNonDeclarations,2,357,5,79,0,102,5,47,0,3
Closure Compiler,com.google.javascript.jscomp.ijs,IjsErrors,0,9,0,0,0,4,0,1,0,1
Closure Compiler,com.google.javascript.jscomp.ijs,ConvertToTypedInterface.SimplifyDeclarations.TypingLevel,0,34,0,0,0,4,0,1,0,1
Closure Compiler,com.google.javascript.jscomp.ijs,ConvertToTypedInterface,4,144,2,12,2,34,2,11,0,6
Closure Compiler,com.google.javascript.jscomp.ijs,PotentialDeclaration.ThisPropDeclaration,0,51,0,4,0,14,0,4,0,2
Closure Compiler,com.google.javascript.jscomp.ijs,FileInfo,10,132,1,9,2,34,3,17,2,13
Closure Compiler,com.google.javascript.rhino.dtoa,DToA,1056,1117,239,139,237,240,157,51,3,12
Closure Compiler,com.google.javascript.jscomp,ShowByPathWarningsGuard,7,54,2,4,2,14,3,6,1,5
Closure Compiler,com.google.javascript.jscomp,ProcessCommonJSModules.RewriteModule,358,2021,127,389,74,492,102,173,0,13
Closure Compiler,com.google.javascript.jscomp,TranspilationPasses.new PassFactory.HotSwapPassFactory() {...},0,11,0,0,0,3,0,3,0,3
Closure Compiler,com.google.javascript.jscomp,PreprocessorSymbolTable.CachedInstanceFactory,0,28,1,5,0,7,1,5,0,3
Closure Compiler,com.google.javascript.jscomp,GoogleJsMessageIdGenerator.FP,13,598,6,24,2,91,4,14,0,3
Closure Compiler,com.google.javascript.jscomp,DefaultPassConfig.11.new HotSwapCompilerPass() {...},0,30,0,0,0,6,0,3,0,3
Closure Compiler,com.google.javascript.jscomp,CodingConvention.AssertionFunctionSpec.Builder,1,18,1,3,0,5,1,3,0,2
Closure Compiler,com.google.javascript.jscomp,CodePrinter,4,67,1,11,1,14,2,6,1,1
Closure Compiler,com.google.javascript.jscomp,TranspilationPasses.new PassFactory.HotSwapPassFactory() {...},0,11,0,0,0,3,0,3,0,3
Closure Compiler,com.google.javascript.jscomp,TranspilationPasses.new PassFactory.HotSwapPassFactory() {...},0,11,0,0,0,3,0,3,0,3
Closure Compiler,com.google.javascript.jscomp,ReplaceCssNames.Traversal,33,289,2,32,4,59,2,19,0,3
Closure Compiler,com.google.javascript.jscomp,OptimizeReturns,13,298,8,65,2,74,7,41,0,9
Closure Compiler,com.google.javascript.jscomp,DefaultPassConfig.GlobalTypeResolver,4,33,1,1,1,9,1,3,0,3
Closure Compiler,com.google.javascript.jscomp,PureFunctionIdentifier,28,721,11,109,4,170,11,77,0,23
Closure Compiler,com.google.javascript.jscomp,TranspilationPasses.new PassFactory.HotSwapPassFactory() {...},0,18,0,0,0,3,0,3,0,3
Closure Compiler,com.google.javascript.jscomp,TranspilationPasses.new PassFactory.HotSwapPassFactory() {...},0,11,0,0,0,3,0,3,0,3
Closure Compiler,com.google.javascript.jscomp,TranspilationPasses.new PassFactory.HotSwapPassFactory() {...},0,11,0,0,0,3,0,3,0,3
Closure Compiler,com.google.javascript.jscomp,TranspilationPasses.new PassFactory.HotSwapPassFactory() {...},0,11,0,0,0,3,0,3,0,3
Closure Compiler,com.google.javascript.jscomp,TranspilationPasses.new PassFactory.HotSwapPassFactory() {...},0,11,0,0,0,3,0,3,0,3
Closure Compiler,com.google.javascript.jscomp,TranspilationPasses.new PassFactory.HotSwapPassFactory() {...},0,11,0,0,0,3,0,3,0,3
Closure Compiler,com.google.javascript.jscomp,InvalidatingTypes,4,87,3,27,1,21,3,14,0,2
Closure Compiler,com.google.javascript.jscomp,ChangeVerifier,72,348,20,55,12,84,17,34,0,13
Closure Compiler,com.google.javascript.jscomp,ProcessTweaks.TweakFunction,4,211,1,11,1,34,1,18,0,12
Closure Compiler,com.google.javascript.jscomp,DisambiguateProperties,91,746,24,114,13,179,23,64,0,18
Closure Compiler,com.google.javascript.jscomp,Es6RewriteModulesToCommonJsModules,4,88,2,8,1,21,2,7,0,4
Closure Compiler,com.google.javascript.jscomp,CrossChunkCodeMotion.DeclarationStatementGroup,1,76,1,7,0,19,1,7,0,4
Closure Compiler,com.google.javascript.jscomp,CheckMissingReturn,2,187,2,34,1,56,2,26,0,10
Closure Compiler,com.google.javascript.jscomp,PerformanceTracker.Stats,0,39,0,0,0,14,0,1,0,1
Closure Compiler,com.google.javascript.jscomp,ChangeVerifier.new NodeUtil.Visitor() {...},0,18,0,2,0,4,0,3,0,2
Closure Compiler,com.google.javascript.jscomp,ChangeVerifier.new NodeUtil.Visitor() {...},0,58,0,6,0,11,0,5,0,2
Closure Compiler,com.google.javascript.jscomp,DefaultPassConfig.33.new CompilerPass() {...},0,42,0,2,0,8,0,3,0,2
Closure Compiler,com.google.javascript.jscomp,NodeTraversal.AbstractPreOrderCallback,0,4,0,0,0,2,0,2,0,2
Closure Compiler,com.google.javascript.jscomp,GatherGetterAndSetterProperties.GatherCallback,0,169,2,30,0,47,2,23,0,8
Closure Compiler,com.google.javascript.jscomp,FileInstrumentationData.BranchIndexPair,3,48,3,3,1,12,3,6,0,6
Closure Compiler,com.google.javascript.jscomp,CompilerOptions.TracerMode,2,59,1,1,0,7,1,2,0,2
Closure Compiler,com.google.javascript.jscomp,SyntheticAst,33,41,0,0,7,12,3,5,3,5
Closure Compiler,com.google.javascript.jscomp,CompilerInput,75,441,17,31,18,114,22,46,7,37
Closure Compiler,com.google.javascript.jscomp,AstValidator,411,3054,62,337,75,936,59,326,2,138
Closure Compiler,com.google.javascript.jscomp,AbstractCommandLineRunner.SystemExitCodeReceiver,18,5,4,0,6,1,3,1,1,1
Closure Compiler,com.google.javascript.jscomp,TranspilationPasses.new PassFactory.HotSwapPassFactory() {...},0,11,0,0,0,3,0,3,0,3
Closure Compiler,com.google.javascript.jscomp,PrebuildAst,72,0,2,0,17,0,3,0,2,0
Closure Compiler,com.google.javascript.jscomp,AngularPass.NodeContext,0,27,0,0,0,10,0,5,0,5
Closure Compiler,com.google.javascript.jscomp,TranspilationPasses.new PassFactory.HotSwapPassFactory() {...},0,11,0,0,0,3,0,3,0,3
Closure Compiler,com.google.javascript.jscomp,TranspilationPasses.new PassFactory.HotSwapPassFactory() {...},0,11,0,0,0,3,0,3,0,3
Closure Compiler,com.google.javascript.jscomp,TranspilationPasses.new PassFactory.HotSwapPassFactory() {...},0,11,0,0,0,3,0,3,0,3
Closure Compiler,com.google.javascript.jscomp,TranspilationPasses.new PassFactory.HotSwapPassFactory() {...},0,11,0,0,0,3,0,3,0,3
Closure Compiler,com.google.javascript.jscomp,TranspilationPasses.new PassFactory.HotSwapPassFactory() {...},0,11,0,0,0,3,0,3,0,3
Closure Compiler,com.google.javascript.jscomp,TranspilationPasses.new PassFactory.HotSwapPassFactory() {...},0,18,0,0,0,5,0,3,0,3
Closure Compiler,com.google.javascript.jscomp,TranspilationPasses.new PassFactory.HotSwapPassFactory() {...},0,11,0,0,0,3,0,3,0,3
Closure Compiler,com.google.javascript.jscomp,TranspilationPasses.new PassFactory.HotSwapPassFactory() {...},0,11,0,0,0,3,0,3,0,3
Closure Compiler,com.google.javascript.jscomp,AbstractCommandLineRunner.FlagEntry,10,37,2,4,2,10,3,5,1,4
Closure Compiler,com.google.javascript.jscomp,RewriteAsyncFunctions.RootContext,0,21,0,2,0,7,0,4,0,3
Closure Compiler,com.google.javascript.jscomp,ConformanceRules.RestrictedMethodCall.Restriction,0,12,0,0,0,5,0,1,0,1
Closure Compiler,com.google.javascript.jscomp,CheckSideEffects.StripProtection,0,38,0,6,0,13,0,6,0,3
Closure Compiler,com.google.javascript.jscomp,Requirement,1746,303,280,28,380,76,189,48,37,39
Closure Compiler,com.google.javascript.jscomp,TransformAMDToCJSModule.DefineCallbackReturnCallback,0,26,1,3,0,8,1,2,0,1
Closure Compiler,com.google.javascript.jscomp,J2clClinitPrunerPass.LookAheadRedundantClinitPruner,2,169,6,38,1,43,6,23,0,6
Closure Compiler,com.google.javascript.jscomp,Es6RewriteClass,66,1194,17,156,10,292,16,88,1,16
Closure Compiler,com.google.javascript.jscomp,SourceFile.AtZip,32,37,2,2,10,13,4,4,3,3
Closure Compiler,com.google.javascript.jscomp,PeepholeRemoveDeadCode.new Predicate() {...},0,13,1,3,0,2,1,3,0,2
Closure Compiler,com.google.javascript.jscomp,ExternExportsPass.Export,0,446,2,68,0,120,2,47,0,14
Closure Compiler,com.google.javascript.jscomp,ConformanceRules.BanForOf,0,15,1,3,0,5,1,3,0,2
Closure Compiler,com.google.javascript.jscomp,PeepholeRemoveDeadCode.new Predicate() {...},0,16,1,5,0,4,1,4,0,2
Closure Compiler,com.google.javascript.jscomp,PeepholeRemoveDeadCode.new Predicate() {...},0,13,0,4,0,3,0,4,0,2
Closure Compiler,com.google.javascript.jscomp,Es6ConvertSuperConstructorCalls.UndefinedReturnValueCheck.new NodeTraversal.AbstractShallowCallback() {...},10,17,4,4,2,5,3,3,0,2
Closure Compiler,com.google.javascript.jscomp,AbstractCommandLineRunner.JsModuleSpec,74,70,10,6,10,17,10,4,3,3
Closure Compiler,com.google.javascript.jscomp,DefaultPassConfig.new PassFactory() {...},0,15,0,0,0,3,0,3,0,3
Closure Compiler,com.google.javascript.jscomp,DefaultPassConfig.new PassFactory.HotSwapPassFactory() {...},0,21,0,0,0,4,0,3,0,3
Closure Compiler,com.google.javascript.jscomp,J2clPropertyInlinerPass,0,23,0,2,0,8,0,3,0,2
Closure Compiler,com.google.javascript.jscomp,DefaultPassConfig.new PassFactory.HotSwapPassFactory() {...},0,15,0,0,0,3,0,3,0,3
Closure Compiler,com.google.javascript.jscomp,DefaultPassConfig.new PassFactory.HotSwapPassFactory() {...},0,61,0,6,0,11,0,6,0,3
Closure Compiler,com.google.javascript.jscomp,DefaultPassConfig.new PassFactory.HotSwapPassFactory() {...},0,26,0,0,0,6,0,3,0,3
Closure Compiler,com.google.javascript.jscomp,DefaultPassConfig.new PassFactory.HotSwapPassFactory() {...},0,14,0,0,0,3,0,3,0,3
Closure Compiler,com.google.javascript.jscomp,DefaultPassConfig.new PassFactory() {...},0,15,0,0,0,3,0,3,0,3
Closure Compiler,com.google.javascript.jscomp,RescopeGlobalSymbols.FindNamesReferencingThis,0,86,0,30,0,25,0,17,0,2
Closure Compiler,com.google.javascript.jscomp,DefaultPassConfig.new PassFactory() {...},6,39,2,2,1,9,2,3,0,3
Closure Compiler,com.google.javascript.jscomp,DefaultPassConfig.new PassFactory() {...},6,25,1,1,1,7,1,3,0,3
Closure Compiler,com.google.javascript.jscomp,ClosureCheckModule.new NodeUtil.Visitor() {...},0,82,1,11,0,14,1,7,0,2
Closure Compiler,com.google.javascript.jscomp,J2clPropertyInlinerPass.StaticFieldGetterSetterInliner.InlinePropertiesPass,1,179,3,21,1,45,3,12,0,3
Closure Compiler,com.google.javascript.jscomp,CompilerOptions.Environment,0,24,0,0,0,3,0,1,0,1
Closure Compiler,com.google.javascript.jscomp,JSModuleGraph.MissingModuleException,4,0,0,0,2,0,1,0,1,0
Closure Compiler,com.google.javascript.jscomp,TypedScopeCreator.RValueInfo,0,15,0,0,0,5,0,2,0,2
Closure Compiler,com.google.javascript.jscomp,AccessorSummary.PropertyAccessKind,23,89,4,7,3,15,4,9,1,5
Closure Compiler,com.google.javascript.jscomp,RenameProperties.Property,0,6,0,0,0,3,0,1,0,1
Closure Compiler,com.google.javascript.jscomp,Requirement.TypeMatchingStrategy.new Internal.EnumLiteMap() {...},3,3,0,0,1,1,1,1,1,1
Closure Compiler,com.google.javascript.jscomp,RuntimeTypeCheck.new Comparator() {...},5,33,5,7,2,9,4,5,0,3
Closure Compiler,com.google.javascript.jscomp,MakeDeclaredNamesUnique.BoilerplateRenamer,0,25,0,0,0,6,0,2,0,2
Closure Compiler,com.google.javascript.jscomp,RecentChange,0,17,0,0,0,7,0,4,0,4
Closure Compiler,com.google.javascript.jscomp,TypedScopeCreator.WeakModuleImport,0,93,0,12,0,18,0,8,0,2
Closure Compiler,com.google.javascript.jscomp,CompilerInput.DepsFinder,218,74,49,8,57,21,31,6,1,3
Closure Compiler,com.google.javascript.jscomp,DeadPropertyAssignmentElimination.Property,14,79,1,7,2,22,2,7,1,4
Closure Compiler,com.google.javascript.jscomp,AbstractCommandLineRunner,1279,3016,210,360,247,691,168,192,10,65
Closure Compiler,com.google.javascript.jscomp,RewriteCatchWithNoBinding,20,35,0,0,3,9,1,3,1,3
Closure Compiler,com.google.javascript.jscomp,ShadowVariables.GatherReferenceInfo,0,99,2,16,0,19,2,9,0,2
Closure Compiler,com.google.javascript.jscomp,ConformanceRules,7,51,1,5,2,13,1,3,0,1
Closure Compiler,com.google.javascript.jscomp,RewriteAsyncFunctions.ParameterListContext,9,34,1,5,1,9,1,5,0,3
Closure Compiler,com.google.javascript.jscomp,AutoValue_Es6RewriteClass_ClassDeclarationMetadata.Builder,152,139,21,21,21,47,21,13,0,13
Closure Compiler,com.google.javascript.jscomp,RewriteAsyncIteration.LexicalContext,1,103,1,11,0,25,1,12,0,7
Closure Compiler,com.google.javascript.jscomp,DefaultPassConfig.42.new CompilerPass() {...},0,24,0,0,0,4,0,2,0,2
Closure Compiler,com.google.javascript.jscomp,Es6ConvertSuperConstructorCalls.ConstructorData,0,11,0,0,0,4,0,1,0,1
Closure Compiler,com.google.javascript.jscomp,AmbiguateProperties.PropertyGraphNode,0,16,0,0,0,7,0,4,0,4
Closure Compiler,com.google.javascript.jscomp,FunctionInformationMap.new AbstractParser() {...},10,0,0,0,2,0,2,0,2,0
Closure Compiler,com.google.javascript.jscomp,ConstParamCheck,0,146,1,33,0,42,1,21,0,5
Closure Compiler,com.google.javascript.jscomp,ComposeWarningsGuard,0,264,0,34,0,64,0,28,0,11
Closure Compiler,com.google.javascript.jscomp,ConformancePassConfig,41,0,4,0,11,0,5,0,3,0
Closure Compiler,com.google.javascript.jscomp,InlineVariables,0,48,0,4,0,11,0,5,0,3
Closure Compiler,com.google.javascript.jscomp,PeepholeOptimizationsPass,0,79,0,8,0,22,0,9,0,5
Closure Compiler,com.google.javascript.jscomp,CommandLineRunner.Flags.MultiFlagSetter,16,68,3,7,4,14,7,4,4,2
Closure Compiler,com.google.javascript.jscomp,ReplaceIdGenerators.RenameStrategy,0,54,0,0,0,6,0,1,0,1
Closure Compiler,com.google.javascript.jscomp,CollectFileOverviewVisibility,1,53,1,5,1,21,1,7,0,5
Closure Compiler,com.google.javascript.jscomp,AnalyzePrototypeProperties.SymbolType,0,24,0,0,0,3,0,1,0,1
Closure Compiler,com.google.javascript.jscomp,CustomPassExecutionTime,0,44,0,0,0,5,0,1,0,1
Closure Compiler,com.google.javascript.jscomp,CompilerOptions.Es6ModuleTranspilation,0,44,0,0,0,5,0,1,0,1
Closure Compiler,com.google.javascript.jscomp,NodeTraversal.AbstractShallowCallback,0,16,0,6,0,2,0,5,0,2
Closure Compiler,com.google.javascript.jscomp,ClosureRewriteModule.UnwrapGoogLoadModule,0,72,0,9,0,18,0,7,0,2
Closure Compiler,com.google.javascript.jscomp,JsMessage.Style,10,34,4,0,3,4,3,1,1,1
Closure Compiler,com.google.javascript.jscomp,Es6RewriteGenerators.SingleGeneratorFunctionTranspiler.TranspilationContext,116,1304,31,117,14,294,29,87,0,42
Closure Compiler,com.google.javascript.jscomp,FunctionRewriter.GetterReducer,13,42,2,10,1,14,2,7,0,3
Closure Compiler,com.google.javascript.jscomp,Es6RewriteGenerators.SingleGeneratorFunctionTranspiler,40,1801,26,163,7,450,26,101,0,26
Closure Compiler,com.google.javascript.jscomp,VariableReferenceCheck.ReferenceCheckingBehavior.new NodeTraversal.AbstractShallowCallback() {...},0,44,0,6,0,7,0,5,0,2
Closure Compiler,com.google.javascript.jscomp,GlobalVarReferenceMap,7,352,3,35,3,84,3,24,0,8
Closure Compiler,com.google.javascript.jscomp,RemoveUnusedCode.Kind,0,34,0,0,0,4,0,1,0,1
Closure Compiler,com.google.javascript.jscomp,Es6RewriteBlockScopedDeclaration,49,504,10,62,10,119,11,44,1,18
Closure Compiler,com.google.javascript.jscomp,GatherExternProperties,1,182,4,26,0,49,4,18,0,6
Closure Compiler,com.google.javascript.jscomp,J2clClinitPrunerPass,0,289,1,33,0,65,1,28,0,12
Closure Compiler,com.google.javascript.jscomp,CrossChunkCodeMotion.GlobalSymbolCollector,1,207,2,26,1,50,2,19,0,7
Closure Compiler,com.google.javascript.jscomp,JSModuleGraph.InverseDepthComparator,0,9,0,0,0,2,0,2,0,2
Closure Compiler,com.google.javascript.jscomp,FunctionRewriter.IdentityReducer,0,51,1,13,0,12,1,9,0,3
Closure Compiler,com.google.javascript.jscomp,ProcessCommonJSModules.FindImportsAndExports,169,1409,78,246,37,327,73,103,0,14
Closure Compiler,com.google.javascript.jscomp,CheckSuper.FindSuperOrReturn,0,46,0,14,0,12,0,10,0,3
Closure Compiler,com.google.javascript.jscomp,LintPassConfig.new PassFactory() {...},16,0,0,0,3,0,3,0,3,0
Closure Compiler,com.google.javascript.jscomp,RemoveUnusedCode.ObjectDefinePropertiesDefinition,0,18,0,0,0,7,0,3,0,3
Closure Compiler,com.google.javascript.jscomp,LintPassConfig.new PassFactory() {...},17,0,0,0,3,0,3,0,3,0
Closure Compiler,com.google.javascript.jscomp,LintPassConfig.new PassFactory.HotSwapPassFactory() {...},21,0,0,0,5,0,3,0,3,0
Closure Compiler,com.google.javascript.jscomp,ConformanceRules.BanThrowOfNonErrorTypes,0,41,4,10,0,12,4,5,0,2
Closure Compiler,com.google.javascript.jscomp,LintPassConfig.new PassFactory() {...},99,0,0,0,5,0,3,0,3,0
Closure Compiler,com.google.javascript.jscomp,FunctionRewriter.EmptyFunctionReducer,0,16,0,4,0,4,0,4,0,2
Closure Compiler,com.google.javascript.jscomp,LintPassConfig.new PassFactory() {...},16,0,0,0,3,0,3,0,3,0
Closure Compiler,com.google.javascript.jscomp,LintPassConfig.new PassFactory() {...},25,0,0,0,4,0,3,0,3,0
Closure Compiler,com.google.javascript.jscomp,SymbolTable.Symbol,5,203,5,15,0,44,5,25,0,20
Closure Compiler,com.google.javascript.jscomp,J2clClinitPrunerPass.EmptyClinitPruner,6,107,7,21,3,31,7,11,0,4
Closure Compiler,com.google.javascript.jscomp,SourceExcerptProvider.SourceExcerpt,0,24,0,0,0,3,0,1,0,1
Closure Compiler,com.google.javascript.jscomp,TypeInference.TemplateTypeReplacer,0,32,0,2,0,8,0,3,0,2
Closure Compiler,com.google.javascript.jscomp,InlineObjectLiterals,0,30,0,0,0,7,0,2,0,2
Closure Compiler,com.google.javascript.jscomp,VerboseMessageFormatter,98,0,8,0,14,0,8,0,4,0
Closure Compiler,com.google.javascript.jscomp,PeepholeRemoveDeadCode.new Predicate() {...},0,13,0,4,0,2,0,4,0,2
Closure Compiler,com.google.javascript.jscomp,InlineFunctions,41,806,18,152,6,212,17,90,0,22
Closure Compiler,com.google.javascript.jscomp,ReplaceIdGenerators.PseudoNameSupplier,0,42,0,2,0,8,0,4,0,3
Closure Compiler,com.google.javascript.jscomp,MakeDeclaredNamesUnique.WhitelistedRenamer,4,47,0,4,1,12,1,7,1,5
Closure Compiler,com.google.javascript.jscomp,ConformanceRules.RequireFileoverviewVisibility,0,32,2,8,0,11,2,5,0,2
Closure Compiler,com.google.javascript.jscomp,CombinedCompilerPass,3,167,2,14,2,30,2,15,0,9
Closure Compiler,com.google.javascript.jscomp,FunctionInjector.CallSiteType.new FunctionInjector.CallSiteType() {...},12,6,0,0,1,1,1,1,1,1
Closure Compiler,com.google.javascript.jscomp,Es6TypedToEs6Converter,65,2024,8,215,13,497,9,150,1,34
Closure Compiler,com.google.javascript.jscomp,WhitelistWarningsGuard,189,0,16,0,47,0,22,0,14,0
Closure Compiler,com.google.javascript.jscomp,AstFactory,70,1476,23,133,12,372,23,137,2,78
Closure Compiler,com.google.javascript.jscomp,FunctionInjector.CallSiteType.new FunctionInjector.CallSiteType() {...},1,30,1,1,0,7,1,2,0,2
Closure Compiler,com.google.javascript.jscomp,FunctionInjector.CallSiteType.new FunctionInjector.CallSiteType() {...},0,7,0,0,0,2,0,2,0,2
Closure Compiler,com.google.javascript.jscomp,FunctionInjector.CallSiteType.new FunctionInjector.CallSiteType() {...},0,7,0,0,0,2,0,2,0,2
Closure Compiler,com.google.javascript.jscomp,FunctionInjector.CallSiteType.new FunctionInjector.CallSiteType() {...},1,30,1,1,0,7,1,2,0,2
Closure Compiler,com.google.javascript.jscomp,FunctionInjector.CallSiteType.new FunctionInjector.CallSiteType() {...},0,7,0,0,0,2,0,2,0,2
Closure Compiler,com.google.javascript.jscomp,PassFactory,3,23,0,0,1,8,1,5,1,5
Closure Compiler,com.google.javascript.jscomp,Es6RewriteGenerators.GeneratorFunctionsTranspiler,0,38,0,4,0,8,0,5,0,3
Closure Compiler,com.google.javascript.jscomp,JSModuleGraph.ModuleDependenceException,16,0,0,0,6,0,3,0,3,0
Closure Compiler,com.google.javascript.jscomp,Es6ConvertSuper,59,544,10,58,13,142,10,37,1,12
Closure Compiler,com.google.javascript.jscomp,MakeDeclaredNamesUnique.InlineRenamer,14,130,7,11,2,27,6,10,0,7
Closure Compiler,com.google.javascript.jscomp,PeepholeReplaceKnownMethods,38,1649,40,310,16,437,40,164,0,21
Closure Compiler,com.google.javascript.jscomp,NodeTraversal.AbstractScopedCallback,0,7,0,0,0,4,0,4,0,4
Closure Compiler,com.google.javascript.jscomp,ConformanceConfig.Builder,451,187,55,17,119,54,60,18,28,14
Closure Compiler,com.google.javascript.jscomp,Requirement.TypeMatchingStrategy,44,80,7,1,13,14,12,4,6,4
Closure Compiler,com.google.javascript.jscomp,TransformAMDToCJSModule.RenameCallback,0,27,0,4,0,8,0,4,0,2
Closure Compiler,com.google.javascript.jscomp,Es6RenameVariablesInParamLists.new NodeTraversal.AbstractPreOrderCallback() {...},4,34,3,7,0,8,2,5,0,2
Closure Compiler,com.google.javascript.jscomp,IdGenerator,0,21,0,2,0,4,0,4,0,3
Closure Compiler,com.google.javascript.jscomp,TemplateAstMatcher,8,702,8,104,2,173,8,68,0,20
Closure Compiler,com.google.javascript.jscomp,CleanupPasses.MemoizedScopeCleanupPass,1,55,1,9,1,17,2,6,1,2
Closure Compiler,com.google.javascript.jscomp,GuardedCallback,2,245,4,42,1,50,4,27,0,8
Closure Compiler,com.google.javascript.jscomp,FunctionRewriter.ReductionGatherer,0,49,0,4,0,12,0,5,0,3
Closure Compiler,com.google.javascript.jscomp,SymbolTable.new Ordering() {...},0,36,0,2,0,7,0,3,0,2
Closure Compiler,com.google.javascript.jscomp,SymbolTable.new Ordering() {...},19,6,2,0,4,1,2,1,1,1
Closure Compiler,com.google.javascript.jscomp,SymbolTable.new Ordering() {...},30,6,6,0,5,1,4,1,1,1
Closure Compiler,com.google.javascript.jscomp,SymbolTable.new NodeTraversal.AbstractScopedCallback() {...},0,14,0,0,0,4,0,3,0,3
Closure Compiler,com.google.javascript.jscomp,SymbolTable.new NodeTraversal.AbstractPostOrderCallback() {...},0,27,2,4,0,7,2,3,0,2
Closure Compiler,com.google.javascript.jscomp,Es6ToEs3ClassSideInheritance.JavascriptClass,0,37,0,0,0,8,0,2,0,2
Closure Compiler,com.google.javascript.jscomp,MustBeReachingVariableDef.MustDef,4,58,1,5,1,12,2,6,1,4
Closure Compiler,com.google.javascript.jscomp,DestructuringGlobalNameExtractor,17,277,2,34,5,70,3,21,1,5
Closure Compiler,com.google.javascript.jscomp,FlowSensitiveInlineVariables.Candidate.new ControlFlowGraph.AbstractCfgNodeTraversalCallback() {...},0,48,0,11,0,10,0,8,0,2
Closure Compiler,com.google.javascript.jscomp,Es6RewriteBlockScopedDeclaration.LoopClosureTransformer.ContinueStatementUpdater,1,106,3,19,0,30,3,12,0,4
Closure Compiler,com.google.javascript.jscomp,ReferenceCollection,25,307,4,62,8,73,5,42,1,13
Closure Compiler,com.google.javascript.jscomp,RemoveUnusedCode.Continuation,0,32,0,2,0,8,0,3,0,2
Closure Compiler,com.google.javascript.jscomp,FunctionInformationMap.Module.new AbstractParser() {...},10,0,0,0,2,0,2,0,2,0
Closure Compiler,com.google.javascript.jscomp,TypeInferencePass,11,121,3,3,2,29,3,6,0,6
Closure Compiler,com.google.javascript.jscomp,FlowSensitiveInlineVariables.Candidate.new Predicate() {...},0,16,0,2,0,4,0,3,0,2
Closure Compiler,com.google.javascript.jscomp,FlowSensitiveInlineVariables.Candidate.new ControlFlowGraph.AbstractCfgNodeTraversalCallback() {...},0,54,0,14,0,11,0,10,0,3
Closure Compiler,com.google.javascript.jscomp,FlowSensitiveInlineVariables.Candidate.new Predicate() {...},0,27,0,6,0,6,0,5,0,2
Closure Compiler,com.google.javascript.jscomp,FlowSensitiveInlineVariables.Candidate.new Predicate() {...},0,13,0,2,0,2,0,3,0,2
Closure Compiler,com.google.javascript.jscomp,CoalesceVariableNames,7,672,5,111,1,163,5,63,0,10
Closure Compiler,com.google.javascript.jscomp,RhinoErrorReporter,0,263,0,6,0,89,0,11,0,8
Closure Compiler,com.google.javascript.jscomp,CheckAccessControls.PropertyReference,4,44,0,6,1,8,1,10,1,7
Closure Compiler,com.google.javascript.jscomp,FunctionInformationMap.Entry.new AbstractParser() {...},10,0,0,0,2,0,2,0,2,0
Closure Compiler,com.google.javascript.jscomp,FindModuleDependencies,49,346,13,77,12,96,11,43,0,9
Closure Compiler,com.google.javascript.jscomp,CoverageUtil,0,5,0,0,0,1,0,1,0,1
Closure Compiler,com.google.javascript.jscomp,TypedScopeCreator.NormalScopeBuilder,0,185,1,44,0,40,1,28,0,3
Closure Compiler,com.google.javascript.jscomp,ModuleImportResolver,17,481,7,77,4,122,7,47,0,10
Closure Compiler,com.google.javascript.jscomp,MaybeReachingVariableUse,0,440,2,59,0,98,2,42,0,10
Closure Compiler,com.google.javascript.jscomp,CheckUnusedPrivateProperties,18,302,5,72,3,71,6,48,1,12
Closure Compiler,com.google.javascript.jscomp,CombinedCompilerPass.CallbackWrapper,0,81,0,20,0,22,0,16,0,6
Closure Compiler,com.google.javascript.jscomp,DataFlowAnalysis.new NodeTraversal.AbstractPostOrderCallback() {...},0,50,0,10,0,11,0,7,0,2
Closure Compiler,com.google.javascript.jscomp,ClosureRewriteClass,69,1182,28,164,16,306,27,92,0,22
Closure Compiler,com.google.javascript.jscomp,J2clClinitPrunerPass.RedundantClinitPruner,0,133,0,32,0,34,0,22,0,6
Closure Compiler,com.google.javascript.jscomp,FunctionRewriter,2,158,4,16,1,34,4,10,0,4
Closure Compiler,com.google.javascript.jscomp,CodePrinter.MappedCodePrinter.Mapping,20,0,0,0,1,0,1,0,1,0
Closure Compiler,com.google.javascript.jscomp,Es6RewriteClass.ClassProperty.Builder,0,3,0,0,0,1,0,1,0,1
Closure Compiler,com.google.javascript.jscomp,Tracer.new Tracer.InternalClock() {...},0,5,0,0,0,2,0,2,0,2
Closure Compiler,com.google.javascript.jscomp,InlineFunctions.FunctionState,1,216,1,23,0,65,1,38,0,27
Closure Compiler,com.google.javascript.jscomp,ReplaceCssNames,0,66,1,1,0,22,1,5,0,5
Closure Compiler,com.google.javascript.jscomp,RenameVars.ProcessVars,0,253,1,57,0,57,1,33,0,5
Closure Compiler,com.google.javascript.jscomp,CheckConformance.InvalidRequirementSpec,0,9,0,0,0,4,0,2,0,2
Closure Compiler,com.google.javascript.jscomp,ProcessDefines.CollectDefines,25,573,7,91,6,126,7,51,0,7
Closure Compiler,com.google.javascript.jscomp,ImplicitNullabilityCheck,0,62,0,4,0,20,0,6,0,4
Closure Compiler,com.google.javascript.jscomp,InlineCostEstimator.CompiledSizeEstimator,0,63,0,2,0,21,0,9,0,8
Closure Compiler,com.google.javascript.jscomp,TypeInfoCheck,104,0,28,0,28,0,20,0,6,0
Closure Compiler,com.google.javascript.jscomp,SourceMap.PrefixLocationMapping,20,64,3,5,2,11,4,5,1,4
Closure Compiler,com.google.javascript.jscomp,DefaultPassConfig.106.new CompilerPass() {...},0,50,0,0,0,7,0,2,0,2
Closure Compiler,com.google.javascript.jscomp,LinkedFlowScope,33,590,16,110,5,118,18,70,3,22
Closure Compiler,com.google.javascript.jscomp,DefaultPassConfig,103,3083,58,326,16,551,53,165,0,25
Closure Compiler,com.google.javascript.jscomp,NameAnonymousFunctions,0,49,0,0,0,11,0,3,0,3
Closure Compiler,com.google.javascript.jscomp,TypeMatchingStrategy,0,140,1,27,0,24,1,16,0,3
Closure Compiler,com.google.javascript.jscomp,RescopeGlobalSymbols,2,167,2,16,1,33,2,13,0,6
Closure Compiler,com.google.javascript.jscomp,DefaultPassConfig.7.new CompilerPass() {...},0,24,0,0,0,4,0,2,0,2
Closure Compiler,com.google.javascript.jscomp,RemoveUnusedCode.InstanceofName,23,43,2,2,2,12,3,3,1,3
Closure Compiler,com.google.javascript.jscomp,Es6RewriteClass.CheckClassAssignments,0,34,0,6,0,8,0,5,0,2
Closure Compiler,com.google.javascript.jscomp,RewriteClosureImports.Rewriter.JsDocRefReplacer,18,94,2,12,4,25,2,7,0,2
Closure Compiler,com.google.javascript.jscomp,PolymerClassDefinition.DefinitionType,0,24,0,0,0,3,0,1,0,1
Closure Compiler,com.google.javascript.jscomp,Es6RenameVariablesInParamLists.CollectReferences,0,19,0,2,0,6,0,3,0,2
Closure Compiler,com.google.javascript.jscomp,ConformanceWhitelister,0,73,0,0,0,23,0,5,0,5
Closure Compiler,com.google.javascript.jscomp,MinimizedCondition,1,339,1,22,0,60,1,18,0,6
Closure Compiler,com.google.javascript.jscomp,PreprocessorSymbolTable,16,180,1,9,5,43,5,13,4,9
Closure Compiler,com.google.javascript.jscomp,TypedScopeCreator.AbstractScopeBuilder.SlotDefiner,24,319,21,51,4,65,16,28,0,8
Closure Compiler,com.google.javascript.jscomp,CodingConvention.Cache,0,15,0,0,0,6,0,1,0,1
Closure Compiler,com.google.javascript.jscomp,DeadAssignmentsElimination.VariableLiveness,0,34,0,0,0,4,0,1,0,1
Closure Compiler,com.google.javascript.jscomp,PureFunctionIdentifier.FunctionBodyAnalyzer,18,557,9,100,5,151,9,64,0,12
Closure Compiler,com.google.javascript.jscomp,ReferenceCollectingCallback,0,480,1,68,0,104,1,54,0,20
Closure Compiler,com.google.javascript.jscomp,PolymerPassStaticUtils.new NodeUtil.Visitor() {...},0,44,1,11,0,11,1,7,0,2
Closure Compiler,com.google.javascript.jscomp,AliasStrings,53,365,8,44,13,87,7,30,1,10
Closure Compiler,com.google.javascript.jscomp,FunctionTypeBuilder.AstFunctionContents,0,38,0,4,0,11,0,8,0,6
Closure Compiler,com.google.javascript.jscomp,DefaultNameGenerator.CharPriority,0,44,0,2,0,13,0,4,0,3
Closure Compiler,com.google.javascript.jscomp,ShadowVariables,0,53,0,2,0,14,0,3,0,2
Closure Compiler,com.google.javascript.jscomp,MustBeReachingVariableDef.new ControlFlowGraph.AbstractCfgNodeTraversalCallback() {...},0,35,0,4,0,7,0,4,0,2
Closure Compiler,com.google.javascript.jscomp,CheckClosureImports.Checker,36,609,16,134,7,134,16,68,0,9
Closure Compiler,com.google.javascript.jscomp,Es6RewriteRestAndSpread,35,886,10,77,6,221,11,49,1,15
Closure Compiler,com.google.javascript.jscomp,CheckConstPrivateProperties,6,209,6,49,2,55,7,31,1,9
Closure Compiler,com.google.javascript.jscomp,RewritePolyfills,18,171,9,20,5,47,9,18,0,9
Closure Compiler,com.google.javascript.jscomp,ScopedAliases.Traversal,14,992,10,150,3,231,10,92,0,22
Closure Compiler,com.google.javascript.jscomp,TransformAMDToCJSModule.TransformAMDModulesCallback,10,389,7,61,4,103,7,34,0,7
Closure Compiler,com.google.javascript.jscomp,NodeNameExtractor,3,160,1,18,1,32,1,14,0,2
Closure Compiler,com.google.javascript.jscomp,StaticSuperPropReplacer,1,111,2,20,0,30,2,14,0,5
Closure Compiler,com.google.javascript.jscomp,Es6RewriteGenerators.SingleGeneratorFunctionTranspiler.TranspilationContext.Case,3,130,3,9,0,28,3,9,0,6
Closure Compiler,com.google.javascript.jscomp,FunctionRewriter.SetterReducer,13,85,4,18,1,27,4,10,0,3
Closure Compiler,com.google.javascript.jscomp,ConformanceConfig,271,149,30,13,67,46,42,16,22,14
Closure Compiler,com.google.javascript.jscomp,PropertyRenamingPolicy,0,24,0,0,0,3,0,1,0,1
Closure Compiler,com.google.javascript.jscomp,CrossChunkCodeMotion.ImmovableInstanceofReference,0,15,0,0,0,6,0,3,0,3
Closure Compiler,com.google.javascript.jscomp,ProcessDefines.DefineInfo,1,42,1,3,0,14,1,6,0,5
Closure Compiler,com.google.javascript.jscomp,SymbolTable.SymbolScope,43,186,6,34,7,41,9,29,4,14
Closure Compiler,com.google.javascript.jscomp,AmbiguateProperties.PropertyGraph,25,21,2,0,6,6,4,4,3,4
Closure Compiler,com.google.javascript.jscomp,RewriteCatchWithNoBinding.AddBindings,0,30,0,4,0,7,0,4,0,2
Closure Compiler,com.google.javascript.jscomp,RenameLabels.LabelInfo,0,9,0,0,0,4,0,1,0,1
Closure Compiler,com.google.javascript.jscomp,AutoValue_CheckAccessControls_PropertyReference.Builder,95,97,12,12,12,33,12,9,0,9
Closure Compiler,com.google.javascript.jscomp,AbstractCompiler.LifeCycleStage,0,58,0,8,0,7,0,8,0,4
Closure Compiler,com.google.javascript.jscomp,MaybeReachingVariableUse.ReachingUses,4,30,1,3,1,8,2,4,1,3
Closure Compiler,com.google.javascript.jscomp,PeepholeSubstituteAlternateSyntax,8,1356,19,236,2,356,18,146,0,26
Closure Compiler,com.google.javascript.jscomp,AnalyzePrototypeProperties.ProcessProperties,37,741,19,147,5,162,18,83,0,15
Closure Compiler,com.google.javascript.jscomp,DefaultPassConfig.98.new CompilerPass() {...},0,30,0,0,0,5,0,2,0,2
Closure Compiler,com.google.javascript.jscomp,IncrementalScopeCreator.PersistentScopeFactory,0,13,1,1,0,4,1,2,0,2
Closure Compiler,com.google.javascript.jscomp,Xid,6,77,0,2,3,17,1,6,1,5
Closure Compiler,com.google.javascript.jscomp,SourceFile.Preloaded,0,26,0,0,0,10,0,3,0,3
Closure Compiler,com.google.javascript.jscomp,FunctionRewriter.ReturnConstantReducer,0,34,0,8,0,12,0,7,0,3
Closure Compiler,com.google.javascript.jscomp,XtbMessageBundle,17,138,4,8,6,33,6,9,2,7
Closure Compiler,com.google.javascript.jscomp,RenameVars.Assignment,1,34,1,1,0,10,1,2,0,2
Closure Compiler,com.google.javascript.jscomp,FindModuleDependencies.FindGoogProvideOrGoogModule,41,0,16,0,15,0,10,0,2,0
Closure Compiler,com.google.javascript.jscomp,RewriteAsyncFunctions.SuperPropertyWrappers,17,99,1,3,5,22,1,5,0,4
Closure Compiler,com.google.javascript.jscomp,StrictModeCheck.NonExternChecks,13,101,5,23,2,22,5,12,0,3
Closure Compiler,com.google.javascript.jscomp,MethodCompilerPass.GetExternMethods,0,108,2,15,0,22,2,9,0,2
Closure Compiler,com.google.javascript.jscomp,TypedScopeCreator.AbstractScopeBuilder,190,3519,84,680,32,867,79,368,3,57
Closure Compiler,com.google.javascript.jscomp,DisambiguateProperties.FindExternProperties,6,116,2,20,1,30,2,12,0,3
Closure Compiler,com.google.javascript.jscomp,CssRenamingMap.ByPart,0,5,0,0,0,2,0,2,0,2
Closure Compiler,com.google.javascript.jscomp,WarningsGuard,2,10,0,0,1,4,1,4,1,4
Closure Compiler,com.google.javascript.jscomp,ZipEntryReader.CachedZipFile,3,68,1,5,1,18,1,6,0,4
Closure Compiler,com.google.javascript.jscomp,Es6RewriteClass.ClassDeclarationMetadata.Builder,0,3,0,0,0,1,0,1,0,1
Closure Compiler,com.google.javascript.jscomp,Es6RewriteArrowFunction.ThisAndArgumentsReferenceUpdater,0,86,1,13,0,20,1,9,0,3
Closure Compiler,com.google.javascript.jscomp,DefaultPassConfig.ClearTypedScope,0,10,0,0,0,3,0,2,0,2
Closure Compiler,com.google.javascript.jscomp,Normalize.VerifyConstants,6,136,6,22,1,36,6,11,0,3
Closure Compiler,com.google.javascript.jscomp,Compiler.new AbstractSet() {...},5,10,0,0,2,3,2,3,2,3
Closure Compiler,com.google.javascript.jscomp,Compiler.new Callable() {...},0,46,0,2,0,11,0,3,0,2
Closure Compiler,com.google.javascript.jscomp,NodeUtil.PreOrderIterator,0,62,0,6,0,19,0,7,0,4
Closure Compiler,com.google.javascript.jscomp,Compiler.new PassFactory() {...},2,13,0,0,1,2,1,2,1,2
Closure Compiler,com.google.javascript.jscomp,TypeInferencePass.SecondScopeBuildingCallback,0,23,0,4,0,6,0,5,0,3
Closure Compiler,com.google.javascript.jscomp,MoveFunctionDeclarations,0,117,1,15,0,29,1,11,0,4
Closure Compiler,com.google.javascript.jscomp,CodingConventions,17,30,8,6,3,9,6,4,1,2
Closure Compiler,com.google.javascript.jscomp,OptimizeParameters.UnusedParameterOptimizer,4,406,7,75,2,102,7,40,0,6
Closure Compiler,com.google.javascript.jscomp,ConformanceRules.RestrictedPropertyWrite.Restriction,0,13,0,0,0,5,0,1,0,1
Closure Compiler,com.google.javascript.jscomp,DefaultPassConfig.50.new HotSwapCompilerPass() {...},0,49,0,0,0,9,0,3,0,3
Closure Compiler,com.google.javascript.jscomp,TypeCheck.SuggestionPair,9,0,0,0,4,0,1,0,1,0
Closure Compiler,com.google.javascript.jscomp,GlobalNamespace.Ref.Type,0,84,0,0,0,9,0,1,0,1
Closure Compiler,com.google.javascript.jscomp,CodingConventions.DefaultCodingConvention,44,271,9,53,17,75,23,51,14,29
Closure Compiler,com.google.javascript.jscomp,AutoValue_ModuleIdentifier,54,57,8,8,13,17,9,5,1,5
Closure Compiler,com.google.javascript.jscomp,JsAst,28,191,1,21,6,49,2,19,1,9
Closure Compiler,com.google.javascript.jscomp,Instrumentation.Builder,1050,0,94,0,303,0,107,0,60,0
Closure Compiler,com.google.javascript.jscomp,RewriteAsyncFunctions.LexicalContext,0,14,0,0,0,4,0,2,0,2
Closure Compiler,com.google.javascript.jscomp,Requirement.Type.new Internal.EnumLiteMap() {...},3,3,0,0,1,1,1,1,1,1
Closure Compiler,com.google.javascript.jscomp,CompilerOptions.TweakProcessing,4,44,2,2,0,6,2,3,0,3
Closure Compiler,com.google.javascript.jscomp,ExpressionDecomposer.DecompositionType,0,34,0,0,0,4,0,1,0,1
Closure Compiler,com.google.javascript.jscomp,Es7RewriteExponentialOperator,16,190,0,5,3,50,1,11,1,8
Closure Compiler,com.google.javascript.jscomp,TypeTransformation,89,1674,23,161,17,353,19,139,0,55
Closure Compiler,com.google.javascript.jscomp,Es6TypedToEs6Converter.ScanNamespaces,19,129,4,15,4,22,3,12,0,3
Closure Compiler,com.google.javascript.jscomp,FieldCleanupPass.QualifiedNameSearchTraversal,1,59,2,10,1,16,2,8,0,4
Closure Compiler,com.google.javascript.jscomp,ReplaceIdGenerators.ObfuscatedNameSupplier,0,36,0,2,0,11,0,4,0,3
Closure Compiler,com.google.javascript.jscomp,GoogleCodingConvention,0,190,3,43,0,40,3,33,0,13
Closure Compiler,com.google.javascript.jscomp,CodePrinter.Builder.new CodePrinter.Builder.CodeGeneratorFactory() {...},0,28,0,2,0,4,0,3,0,2
Closure Compiler,com.google.javascript.jscomp,AliasStrings.StringInfo,0,158,3,27,0,35,3,15,0,3
Closure Compiler,com.google.javascript.jscomp,SymbolTable,419,1812,90,288,85,422,76,177,6,58
Closure Compiler,com.google.javascript.jscomp,Promises,0,161,0,14,0,38,0,13,0,6
Closure Compiler,com.google.javascript.jscomp,JSModuleGraph,102,1503,25,181,20,328,24,107,2,26
Closure Compiler,com.google.javascript.jscomp,CompilerExecutor.new ThreadFactory() {...},0,16,0,0,0,4,0,2,0,2
Closure Compiler,com.google.javascript.jscomp,CompilerExecutor.new Callable() {...},2,46,2,2,2,10,2,2,0,2
Closure Compiler,com.google.javascript.jscomp,AutoValue_Es6RewriteModulesToCommonJsModules_ModuleRequest,32,67,6,6,5,19,7,5,1,5
Closure Compiler,com.google.javascript.jscomp,ProcessCommonJSModules,64,852,66,164,21,222,62,77,0,24
Closure Compiler,com.google.javascript.jscomp,CheckSuspiciousCode,18,283,3,49,3,76,2,41,0,13
Closure Compiler,com.google.javascript.jscomp,CommandLineRunner.FormattingOption,20,44,3,1,5,8,3,2,0,2
Closure Compiler,com.google.javascript.jscomp,Normalize.ScopeTicklingCallback,0,8,0,0,0,5,0,4,0,4
Closure Compiler,com.google.javascript.jscomp,TransformAMDToCJSModule,0,55,1,5,0,16,1,7,0,5
Closure Compiler,com.google.javascript.jscomp,AutoValue_CheckAccessControls_PropertyReference,181,45,24,0,29,16,15,8,3,8
Closure Compiler,com.google.javascript.jscomp,CommandLineRunner.Flags.WarningGuardOffOptionHandler,0,12,0,0,0,3,0,1,0,1
Closure Compiler,com.google.javascript.jscomp,Es6RewriteModules.RenameGlobalVars,23,234,5,35,5,54,4,20,0,4
Closure Compiler,com.google.javascript.jscomp,ExtractPrototypeMemberDeclarations.GatherExtractionInfo,0,82,0,12,0,17,0,9,0,3
Closure Compiler,com.google.javascript.jscomp,InlineFunctions.NamedFunction,4,36,0,0,1,9,1,4,1,4
Closure Compiler,com.google.javascript.jscomp,LinterMain,57,0,4,0,15,0,5,0,3,0
Closure Compiler,com.google.javascript.jscomp,RenameLabels.LabelNamespace,0,8,0,0,0,2,0,1,0,1
Closure Compiler,com.google.javascript.jscomp,CheckMissingReturn.new Predicate() {...},0,45,0,12,0,11,0,8,0,2
Closure Compiler,com.google.javascript.jscomp,CheckMissingReturn.new Predicate() {...},0,12,0,4,0,2,0,4,0,2
Closure Compiler,com.google.javascript.jscomp,FunctionInformationMap,462,0,38,0,112,0,60,0,40,0
Closure Compiler,com.google.javascript.jscomp,CodingConvention.AssertionFunctionSpec,2,41,1,5,1,9,1,8,0,6
Closure Compiler,com.google.javascript.jscomp,AnalyzePrototypeProperties.LiteralPrototypeProperty,4,24,0,0,1,9,1,4,1,4
Closure Compiler,com.google.javascript.jscomp,Es6RewriteDestructuring,79,1500,12,133,14,365,13,82,1,19
Closure Compiler,com.google.javascript.jscomp,InlineProperties.ReplaceCandidates,0,121,2,24,0,29,2,15,0,4
Closure Compiler,com.google.javascript.jscomp,JsMessage.Builder,5,244,2,26,2,61,3,28,1,16
Closure Compiler,com.google.javascript.jscomp,AbstractMessageFormatter,33,45,3,4,6,15,4,8,1,7
Closure Compiler,com.google.javascript.jscomp,ShadowVariables.DoShadowVariables,20,351,5,49,3,70,5,28,0,6
Closure Compiler,com.google.javascript.jscomp,ShadowVariables.Reference,0,9,0,0,0,4,0,1,0,1
Closure Compiler,com.google.javascript.jscomp,Es6SyntacticScopeCreator.DefaultRedeclarationHandler,0,4,0,0,0,2,0,2,0,2
Closure Compiler,com.google.javascript.jscomp,ConformanceRules.BannedName,8,117,4,23,2,26,4,14,0,4
Closure Compiler,com.google.javascript.jscomp,ProcessTweaks.CollectTweaks,14,188,2,22,2,43,2,13,0,2
Closure Compiler,com.google.javascript.jscomp,DependencyOptions.DependencyMode,0,44,0,0,0,5,0,1,0,1
Closure Compiler,com.google.javascript.jscomp,OutputCharsetEncoder,0,28,1,7,0,6,1,5,0,2
Closure Compiler,com.google.javascript.jscomp,J2clPropertyInlinerPass.StaticFieldGetterSetterInliner.DetermineInlinableProperties,0,39,2,8,0,11,2,5,0,2
[...]
Closure Compiler,com.google.javascript.jscomp.parsing,Config.JsDocParsing,0,61,0,6,0,7,0,6,0,3
Closure Compiler,com.google.javascript.jscomp.parsing,TypeTransformationParser,22,1375,7,206,5,330,7,163,0,55
Closure Compiler,com.google.javascript.jscomp.parsing,AutoValue_Config,201,48,22,0,33,17,15,8,4,8
Closure Compiler,com.google.javascript.jscomp.parsing,JsDocInfoParser,121,4197,57,729,34,1128,54,470,0,91
Closure Compiler,com.google.javascript.jscomp.parsing,IRFactory.TransformDispatcher,125,5200,34,522,19,1146,36,442,3,139
Closure Compiler,com.google.javascript.jscomp.parsing,Config,0,59,1,5,0,19,1,6,0,4
Closure Compiler,com.google.javascript.jscomp.parsing,ParserRunner,0,231,2,20,0,71,2,20,0,8
Closure Compiler,com.google.javascript.jscomp.parsing,ParserRunner.ParseResult,0,15,0,0,0,6,0,1,0,1
Closure Compiler,com.google.javascript.rhino.jstype,EquivalenceMethod,0,34,0,0,0,4,0,1,0,1
Closure Compiler,com.google.javascript.rhino.jstype,TernaryValue,0,40,0,2,0,5,0,3,0,2
Closure Compiler,com.google.javascript.rhino.jstype,JSTypeRegistry.ModuleSlot,0,10,0,0,0,2,0,2,0,2
Closure Compiler,com.google.javascript.rhino.jstype,Property,53,59,3,3,5,20,7,12,5,11
Closure Compiler,com.google.javascript.rhino.jstype,NamedType,47,825,14,132,11,201,14,89,0,30
Closure Compiler,com.google.javascript.rhino.jstype,NoObjectType,4,82,1,9,1,25,2,24,1,20
Closure Compiler,com.google.javascript.rhino.jstype,StaticTypedScope,0,38,1,11,0,10,1,6,0,1
Closure Compiler,com.google.javascript.rhino.jstype,FunctionType.PropAccess,0,44,0,0,0,5,0,1,0,1
Closure Compiler,com.google.javascript.rhino.jstype,RecordTypeBuilder.RecordProperty,17,15,0,0,1,6,1,3,1,3
Closure Compiler,com.google.javascript.rhino.jstype,JSType.HasPropertyKind,0,40,0,2,0,5,0,3,0,2
Closure Compiler,com.google.javascript.rhino.jstype,RecordType,18,288,5,37,4,69,6,25,2,8
Closure Compiler,com.google.javascript.rhino.jstype,JSTypeRegistry.SyntheticTemplateScope,5,70,0,6,1,17,1,10,1,7
Closure Compiler,com.google.javascript.rhino.jstype,RecordTypeBuilder,0,65,0,4,0,16,0,6,0,4
Closure Compiler,com.google.javascript.rhino.jstype,PrototypeObjectType,19,731,9,149,5,181,9,105,1,34
Closure Compiler,com.google.javascript.rhino.jstype,ObjectType.new AbstractIterator() {...},0,28,0,2,0,4,0,3,0,2
Closure Compiler,com.google.javascript.rhino.jstype,JSTypeRegistry.PropDefinitionKind,0,44,0,0,0,5,0,1,0,1
Closure Compiler,com.google.javascript.rhino.jstype,FunctionType,328,2163,81,383,82,538,66,261,6,86
Closure Compiler,com.google.javascript.rhino.jstype,UnionType,69,1014,9,159,13,230,10,122,3,44
Closure Compiler,com.google.javascript.rhino.jstype,JSType.ImplCache.Key,1,58,3,5,0,10,3,4,0,3
Closure Compiler,com.google.javascript.rhino.jstype,TemplatizedType,4,319,4,32,1,70,4,32,0,18
Closure Compiler,com.google.javascript.rhino.jstype,JSTypeRegistry,112,3932,38,301,29,890,43,257,8,114
Closure Compiler,com.google.javascript.rhino.jstype,ArrowType,45,356,16,92,13,88,24,48,9,9
Closure Compiler,com.google.javascript.rhino.jstype,SimpleReference,4,50,2,2,0,10,2,5,0,5
Closure Compiler,com.google.javascript.rhino.jstype,ObjectType,73,805,11,141,14,192,16,131,7,64
Closure Compiler,com.google.javascript.rhino.jstype,TernaryValue.new TernaryValue() {...},0,30,0,4,0,7,0,9,0,7
Closure Compiler,com.google.javascript.rhino.jstype,TernaryValue.new TernaryValue() {...},0,18,0,0,0,7,0,7,0,7
Closure Compiler,com.google.javascript.rhino.jstype,TernaryValue.new TernaryValue() {...},0,19,0,0,0,7,0,7,0,7
Closure Compiler,com.google.javascript.rhino.jstype,TemplateType,0,54,0,2,0,15,0,12,0,11
Closure Compiler,com.google.javascript.rhino.jstype,FunctionType.ConstructorAmbiguity,0,34,0,0,0,4,0,1,0,1
Closure Compiler,com.google.javascript.rhino.jstype,PropertyMap,4,302,5,47,1,80,5,39,0,18
Closure Compiler,com.google.javascript.rhino.jstype,BooleanLiteralSet,25,103,2,16,3,23,2,17,0,7
Closure Compiler,com.google.javascript.rhino.jstype,EnumType,16,128,3,9,3,26,4,21,2,17
Closure Compiler,com.google.javascript.rhino.jstype,JSTypeRegistry.new FunctionType() {...},0,12,0,0,0,2,0,2,0,2
Closure Compiler,com.google.javascript.rhino.jstype,JSType.MatchCache,0,9,0,0,0,4,0,2,0,2
Closure Compiler,com.google.javascript.rhino.jstype,SymbolType,10,38,3,1,3,15,2,12,0,12
Closure Compiler,com.google.javascript.rhino.jstype,EnumElementType,0,187,0,10,0,46,0,34,0,29
Closure Compiler,com.google.javascript.rhino.jstype,JSType.MatchStatus,0,54,0,2,0,9,0,5,0,4
Closure Compiler,com.google.javascript.rhino.jstype,AutoValue_JSTypeRegistry_ModuleSlot,117,21,24,0,17,8,15,4,3,4
Closure Compiler,com.google.javascript.rhino.jstype,ObjectType.PropertyOptionality,0,34,0,4,0,4,0,4,0,2
Closure Compiler,com.google.javascript.rhino.jstype,ModificationVisitor,25,391,7,49,8,106,8,42,2,20
Closure Compiler,com.google.javascript.rhino.jstype,NumberType,0,49,1,5,0,18,1,13,0,11
Closure Compiler,com.google.javascript.rhino.jstype,VoidType,0,60,0,6,0,19,0,17,0,14
Closure Compiler,com.google.javascript.rhino.jstype,TemplateTypeMapReplacer,1,167,2,28,0,44,2,20,0,7
Closure Compiler,com.google.javascript.rhino.jstype,AllType,0,38,0,0,0,16,0,15,0,15
Closure Compiler,com.google.javascript.rhino.jstype,SimpleSlot,2,25,0,0,1,10,1,6,1,6
Closure Compiler,com.google.javascript.rhino.jstype,FunctionType.Kind,0,34,0,0,0,4,0,1,0,1
Closure Compiler,com.google.javascript.rhino.jstype,JSType.ImplCache,0,79,0,10,0,13,0,12,0,7
Closure Compiler,com.google.javascript.rhino.jstype,TemplateTypeMap,125,550,13,75,13,114,10,59,1,24
Closure Compiler,com.google.javascript.rhino.jstype,CanCastToVisitor,0,261,1,57,0,57,1,44,0,16
Closure Compiler,com.google.javascript.rhino.jstype,ProxyObjectType,74,316,15,19,16,77,19,63,8,57
Closure Compiler,com.google.javascript.rhino.jstype,NamedType.PropertyContinuation,0,27,0,0,0,8,0,2,0,2
Closure Compiler,com.google.javascript.rhino.jstype,UnionTypeBuilder,9,507,7,109,2,129,7,64,0,13
Closure Compiler,com.google.javascript.rhino.jstype,ValueType,0,32,0,4,0,9,0,8,0,6
Closure Compiler,com.google.javascript.rhino.jstype,BooleanType,0,52,1,7,0,19,1,14,0,11
Closure Compiler,com.google.javascript.rhino.jstype,Property.OwnedProperty,0,40,0,4,0,10,0,7,0,5
Closure Compiler,com.google.javascript.rhino.jstype,FunctionParamBuilder,2,156,2,22,1,35,2,20,0,10
Closure Compiler,com.google.javascript.rhino.jstype,FunctionType.Builder,5,371,3,27,0,93,3,39,0,27
Closure Compiler,com.google.javascript.rhino.jstype,InstanceObjectType,8,232,4,44,2,48,5,41,1,21
Closure Compiler,com.google.javascript.rhino.jstype,JSType.Nullability,0,24,0,0,0,3,0,1,0,1
Closure Compiler,com.google.javascript.rhino.jstype,JSTypeNative,0,744,0,0,0,75,0,1,0,1
Closure Compiler,com.google.javascript.rhino.jstype,NoType,2,36,1,1,0,12,1,11,0,11
Closure Compiler,com.google.javascript.rhino.jstype,JSType.EqCache,1,100,1,15,1,22,1,18,0,11
Closure Compiler,com.google.javascript.rhino.jstype,StringType,0,49,1,5,0,18,1,13,0,11
Closure Compiler,com.google.javascript.rhino.jstype,UnknownType,0,73,0,2,0,27,0,26,0,25
Closure Compiler,com.google.javascript.rhino.jstype,TemplateTypeMap.EquivalenceMatch,0,34,0,0,0,2,0,1,0,1
Closure Compiler,com.google.javascript.rhino.jstype,JSType,50,1828,15,379,14,462,24,326,9,143
Closure Compiler,com.google.javascript.rhino.jstype,JSType.TypePair,0,9,0,0,0,4,0,1,0,1
Closure Compiler,com.google.javascript.rhino.jstype,NoResolvedType,2,51,1,5,0,15,1,11,0,9
Closure Compiler,com.google.javascript.rhino.jstype,JSType.EqCache.Key,2,61,1,9,1,9,1,7,0,3
Closure Compiler,com.google.javascript.rhino.jstype,JSType.SubtypingMode,0,24,0,0,0,3,0,1,0,1
Closure Compiler,com.google.javascript.rhino.jstype,NullType,2,55,2,8,1,19,2,15,0,12
Closure Compiler,com.google.javascript.jscomp.modules,AutoValue_Export.Builder,35,137,4,4,4,41,4,13,0,13
Closure Compiler,com.google.javascript.jscomp.modules,EsModuleProcessor,51,504,6,43,5,177,6,35,0,16
Closure Compiler,com.google.javascript.jscomp.modules,AutoValue_Import,166,39,22,0,26,14,14,7,3,7
Closure Compiler,com.google.javascript.jscomp.modules,AutoValue_ExportTrace,62,37,10,2,12,12,10,2,4,2
Closure Compiler,com.google.javascript.jscomp.modules,ResolveExportResult,6,85,3,7,1,17,3,11,0,9
Closure Compiler,com.google.javascript.jscomp.modules,ModuleMetadataMap.ModuleType,0,78,0,0,0,10,0,2,0,2
Closure Compiler,com.google.javascript.jscomp.modules,Binding.CreatedBy,1,69,1,5,0,9,1,4,0,2
Closure Compiler,com.google.javascript.jscomp.modules,AutoValue_Module,115,135,26,4,13,33,15,12,2,10
Closure Compiler,com.google.javascript.jscomp.modules,Binding,1,82,1,5,0,17,1,10,0,8
Closure Compiler,com.google.javascript.jscomp.modules,ExportTrace,0,9,0,0,0,2,0,2,0,2
Closure Compiler,com.google.javascript.jscomp.modules,EsModuleProcessor.FindMutableExports,0,110,1,15,0,26,1,9,0,2
Closure Compiler,com.google.javascript.jscomp.modules,ModuleMetadataMap.ModuleMetadata,0,72,0,16,0,11,0,19,0,11
Closure Compiler,com.google.javascript.jscomp.modules,GoogEsImports,0,9,0,0,0,2,0,2,0,2
Closure Compiler,com.google.javascript.jscomp.modules,EsModuleProcessor.UnresolvedModuleBuilder,2,152,1,11,1,35,1,9,0,4
Closure Compiler,com.google.javascript.jscomp.modules,ModuleMapCreator.ModuleRequestResolverImpl,0,166,0,10,0,43,0,12,0,7
Closure Compiler,com.google.javascript.jscomp.modules,Export.Builder,16,161,18,32,0,34,18,12,0,5
Closure Compiler,com.google.javascript.jscomp.modules,ResolveExportResult.State,0,44,0,0,0,5,0,1,0,1
Closure Compiler,com.google.javascript.jscomp.modules,Module.Builder,0,3,0,0,0,1,0,1,0,1
Closure Compiler,com.google.javascript.jscomp.modules,NonEsModuleProcessor,0,10,0,0,0,2,0,2,0,2
Closure Compiler,com.google.javascript.jscomp.modules,AutoValue_Binding,122,123,31,9,14,30,19,11,2,8
Closure Compiler,com.google.javascript.jscomp.modules,AutoValue_Module.Builder,82,118,11,11,11,38,11,10,0,10
Closure Compiler,com.google.javascript.jscomp.modules,AutoValue_ClosureRequireProcessor_Require,106,27,13,3,20,11,11,4,3,4
Closure Compiler,com.google.javascript.jscomp.modules,UnresolvedModule,4,23,0,0,1,4,1,4,1,4
Closure Compiler,com.google.javascript.jscomp.modules,EsModuleProcessor.UnresolvedEsModule,212,699,31,85,53,163,29,42,1,12
Closure Compiler,com.google.javascript.jscomp.modules,ClosureModuleProcessor,4,89,6,16,1,21,6,8,0,3
Closure Compiler,com.google.javascript.jscomp.modules,AutoValue_Export,175,230,54,20,10,51,31,21,1,14
Closure Compiler,com.google.javascript.jscomp.modules,AutoValue_Import.Builder,82,80,11,11,11,27,11,8,0,8
Closure Compiler,com.google.javascript.jscomp.modules,Import,0,7,0,0,0,2,0,2,0,2
Closure Compiler,com.google.javascript.jscomp.modules,ModuleMap,0,32,0,0,0,9,0,6,0,6
Closure Compiler,com.google.javascript.jscomp.modules,ModuleMapCreator.ModuleRequestResolverImpl.new UnresolvedModule() {...},3,50,0,0,2,19,2,5,2,5
Closure Compiler,com.google.javascript.jscomp.modules,ClosureModuleProcessor.ModuleProcessingCallback,1,237,2,35,1,69,2,26,0,8
Closure Compiler,com.google.javascript.jscomp.modules,ModuleMapCreator,0,334,1,26,0,78,1,20,0,7
Closure Compiler,com.google.javascript.jscomp.modules,ModuleMetadataMap,0,30,0,0,0,12,0,4,0,4
Closure Compiler,com.google.javascript.jscomp.modules,AutoValue_ModuleMetadataMap_ModuleMetadata.Builder,49,199,12,30,6,58,12,22,0,13
Closure Compiler,com.google.javascript.jscomp.modules,ModuleMetadataMap.ModuleMetadata.Builder,0,10,0,0,0,3,0,2,0,2
Closure Compiler,com.google.javascript.jscomp.modules,Module,0,7,0,0,0,2,0,2,0,2
Closure Compiler,com.google.javascript.jscomp.modules,ClosureRequireProcessor.Require,0,13,0,0,0,3,0,2,0,2
Closure Compiler,com.google.javascript.jscomp.modules,AutoValue_ModuleMetadataMap_ModuleMetadata,57,63,0,0,1,22,1,11,1,11
Closure Compiler,com.google.javascript.jscomp.modules,Export,0,15,0,0,0,3,0,3,0,3
Closure Compiler,com.google.javascript.jscomp.modules,ClosureRequireProcessor,6,188,5,21,4,60,5,14,0,6
Closure Compiler,com.google.javascript.jscomp.modules,ClosureModuleProcessor.UnresolvedGoogModule,13,207,4,14,3,62,6,13,2,8
Closure Compiler,com.google.javascript.jscomp.modules,NonEsModuleProcessor.NonEsModule,18,76,4,8,4,32,6,8,3,5
Closure Compiler,com.google.javascript.jscomp.modules,Import.Builder,0,3,0,0,0,1,0,1,0,1
Closure Compiler,com.google.javascript.jscomp.ant,Warning,17,0,0,0,7,0,5,0,5,0
Closure Compiler,com.google.javascript.jscomp.ant,CompileTask,1242,0,106,0,308,0,103,0,48,0
Closure Compiler,com.google.javascript.jscomp.ant,AntErrorManager,85,0,7,0,17,0,7,0,3,0
Closure Compiler,com.google.javascript.jscomp.graph,StandardUnionFind,0,248,0,18,0,53,0,20,0,11
Closure Compiler,com.google.javascript.jscomp.graph,DiGraph,0,33,1,7,0,4,1,6,0,3
Closure Compiler,com.google.javascript.jscomp.graph,GraphColoring,0,39,0,2,0,11,0,4,0,3
Closure Compiler,com.google.javascript.jscomp.graph,Graph.GraphAnnotationState,0,4,0,0,0,2,0,1,0,1
Closure Compiler,com.google.javascript.jscomp.graph,Graph.AnnotationState,0,9,0,0,0,4,0,1,0,1
Closure Compiler,com.google.javascript.jscomp.graph,LinkedDirectedGraph,193,475,15,37,41,100,18,45,9,28
Closure Compiler,com.google.javascript.jscomp.graph,GraphReachability,1,93,2,8,0,25,2,9,0,6
Closure Compiler,com.google.javascript.jscomp.graph,StandardUnionFind.Node,0,15,0,0,0,6,0,1,0,1
Closure Compiler,com.google.javascript.jscomp.graph,StandardUnionFind.new Predicate() {...},2,52,1,5,1,8,1,4,0,2
Closure Compiler,com.google.javascript.jscomp.graph,StandardUnionFind.new AbstractSet() {...},0,38,0,0,0,4,0,4,0,4
Closure Compiler,com.google.javascript.jscomp.graph,FixedPointGraphTraversal,0,148,0,14,0,33,0,12,0,5
Closure Compiler,com.google.javascript.jscomp.graph,Graph.SimpleSubGraph,0,49,0,4,0,12,0,5,0,3
Closure Compiler,com.google.javascript.jscomp.graph,GraphColoring.Color,4,23,2,2,1,7,2,3,0,3
Closure Compiler,com.google.javascript.jscomp.graph,LinkedUndirectedGraph,109,339,15,39,22,72,17,36,6,20
Closure Compiler,com.google.javascript.jscomp.graph,LinkedUndirectedGraph.LinkedUndirectedGraphNode,30,53,0,4,6,13,6,6,6,4
Closure Compiler,com.google.javascript.jscomp.graph,LinkedDirectedGraph.LinkedDirectedGraphEdge,53,21,0,0,13,8,11,4,11,4
Closure Compiler,com.google.javascript.jscomp.graph,LinkedUndirectedGraph.AnnotatedLinkedUndirectedGraphEdge,0,13,0,0,0,5,0,3,0,3
Closure Compiler,com.google.javascript.jscomp.graph,LinkedDirectedGraph.LinkedDirectedGraphNode,29,25,0,0,6,8,6,4,6,4
Closure Compiler,com.google.javascript.jscomp.graph,LinkedUndirectedGraph.LinkedUndirectedGraphEdge,39,21,0,0,7,8,7,4,7,4
Closure Compiler,com.google.javascript.jscomp.graph,LinkedUndirectedGraph.AnnotatedLinkedUndirectedGraphNode,0,11,0,0,0,5,0,3,0,3
Closure Compiler,com.google.javascript.jscomp.graph,UndiGraph,0,3,0,0,0,1,0,1,0,1
Closure Compiler,com.google.javascript.jscomp.graph,GraphReachability.EdgeTuple,0,9,0,0,0,4,0,1,0,1
Closure Compiler,com.google.javascript.jscomp.graph,GraphColoring.GreedyGraphColoring,0,97,0,10,0,26,0,9,0,4
Closure Compiler,com.google.javascript.jscomp.graph,GraphReachability.new Annotation() {...},0,3,0,0,0,1,0,1,0,1
Closure Compiler,com.google.javascript.jscomp.graph,LinkedDirectedGraph.AnnotatedLinkedDirectedGraphNode,0,11,0,0,0,5,0,3,0,3
Closure Compiler,com.google.javascript.jscomp.graph,LinkedDirectedGraph.AnnotatedLinkedDirectedGraphEdge,0,13,0,0,0,5,0,3,0,3
Closure Compiler,com.google.javascript.jscomp.graph,Graph,0,177,0,18,0,42,0,22,0,13
Closure Compiler,com.google.javascript.jscomp.parsing.parser,Parser.FunctionFlavor,0,63,0,0,0,9,0,2,0,2
Closure Compiler,com.google.javascript.jscomp.parsing.parser,Parser.CommentRecorder,0,39,0,2,0,8,0,4,0,3
Closure Compiler,com.google.javascript.jscomp.parsing.parser,IdentifierToken,0,11,0,0,0,4,0,2,0,2
Closure Compiler,com.google.javascript.jscomp.parsing.parser,Parser,117,7808,55,977,23,1902,54,756,0,270
Closure Compiler,com.google.javascript.jscomp.parsing.parser,Keywords,6,705,0,16,1,75,1,17,1,9
Closure Compiler,com.google.javascript.jscomp.parsing.parser,FeatureSet.Feature,0,738,0,0,0,66,0,3,0,3
Closure Compiler,com.google.javascript.jscomp.parsing.parser,Token,0,26,0,0,0,9,0,6,0,6
Closure Compiler,com.google.javascript.jscomp.parsing.parser,Parser.Expression,0,24,0,0,0,3,0,1,0,1
Closure Compiler,com.google.javascript.jscomp.parsing.parser,Parser.ParamContext,0,34,0,0,0,4,0,1,0,1
Closure Compiler,com.google.javascript.jscomp.parsing.parser,Parser.Config.Mode,0,74,0,0,0,8,0,1,0,1
Closure Compiler,com.google.javascript.jscomp.parsing.parser,FeatureSet,108,325,31,30,32,75,23,38,3,23
Closure Compiler,com.google.javascript.jscomp.parsing.parser,Parser.PatternKind,0,24,0,0,0,3,0,1,0,1
Closure Compiler,com.google.javascript.jscomp.parsing.parser,TokenType,0,1211,0,2,0,119,0,5,0,4
Closure Compiler,com.google.javascript.jscomp.parsing.parser,Parser.PartialClassElement,0,15,0,0,0,6,0,1,0,1
Closure Compiler,com.google.javascript.jscomp.parsing.parser,Parser.Config,5,47,0,14,2,7,1,8,1,1
Closure Compiler,com.google.javascript.jscomp.parsing.parser,Scanner.SkipTemplateCharactersResult,2,20,1,1,0,7,1,4,0,4
Closure Compiler,com.google.javascript.jscomp.parsing.parser,LineNumberTable,0,140,0,14,0,30,0,17,0,10
Closure Compiler,com.google.javascript.jscomp.parsing.parser,LiteralToken,3,8,0,0,1,3,1,1,1,1
Closure Compiler,com.google.javascript.jscomp.parsing.parser,SourceFile,0,15,0,0,0,5,0,1,0,1
Closure Compiler,com.google.javascript.jscomp.parsing.parser,FeatureSet.LangVersion,0,133,0,4,0,16,0,4,0,2
Closure Compiler,com.google.javascript.jscomp.parsing.parser,StringLiteralToken,0,12,0,0,0,4,0,2,0,2
Closure Compiler,com.google.javascript.jscomp.parsing.parser,Scanner,107,2289,47,428,27,548,48,298,1,79
Closure Compiler,com.google.javascript.jscomp.parsing.parser,TemplateLiteralToken,3,19,0,2,1,5,1,3,1,2
Closure Compiler,com.google.javascript.jscomp.type,SemanticReverseAbstractInterpreter.RefinementTrackingFlowScope,25,56,0,2,6,10,6,6,6,5
Closure Compiler,com.google.javascript.jscomp.type,ClosureReverseAbstractInterpreter.new ChainableReverseAbstractInterpreter.RestrictByTrueTypeOfResultVisitor() {...},2,14,0,0,1,3,1,3,1,3
Closure Compiler,com.google.javascript.jscomp.type,ClosureReverseAbstractInterpreter.new ChainableReverseAbstractInterpreter.RestrictByFalseTypeOfResultVisitor() {...},2,30,0,0,1,4,1,3,1,3
Closure Compiler,com.google.javascript.jscomp.type,ChainableReverseAbstractInterpreter.RestrictByTrueTypeOfResultVisitor,6,19,0,0,3,7,3,7,3,7
Closure Compiler,com.google.javascript.jscomp.type,ChainableReverseAbstractInterpreter.RestrictByOneTypeOfResultVisitor,4,167,3,31,0,26,3,26,0,12
Closure Compiler,com.google.javascript.jscomp.type,ClosureReverseAbstractInterpreter,2,287,5,37,0,55,5,28,0,12
Closure Compiler,com.google.javascript.jscomp.type,SemanticReverseAbstractInterpreter.RestrictByFalseInstanceOfResultVisitor,14,44,5,5,6,12,6,3,1,3
Closure Compiler,com.google.javascript.jscomp.type,ChainableReverseAbstractInterpreter.new ChainableReverseAbstractInterpreter.RestrictByTrueTypeOfResultVisitor() {...},1,29,1,3,0,4,1,4,0,3
Closure Compiler,com.google.javascript.jscomp.type,ChainableReverseAbstractInterpreter.new ChainableReverseAbstractInterpreter.RestrictByFalseTypeOfResultVisitor() {...},0,18,0,2,0,2,0,3,0,2
Closure Compiler,com.google.javascript.jscomp.type,ChainableReverseAbstractInterpreter.new Visitor() {...},54,67,4,0,13,9,12,9,10,9
Closure Compiler,com.google.javascript.jscomp.type,ChainableReverseAbstractInterpreter.new Visitor() {...},66,55,4,0,16,6,15,6,13,6
Closure Compiler,com.google.javascript.jscomp.type,ClosureReverseAbstractInterpreter.TypeRestriction,0,9,0,0,0,4,0,1,0,1
Closure Compiler,com.google.javascript.jscomp.type,ChainableReverseAbstractInterpreter.RestrictByTypeOfResultVisitor,7,83,0,10,2,20,2,13,2,8
Closure Compiler,com.google.javascript.jscomp.type,SemanticReverseAbstractInterpreter,11,874,17,152,5,199,16,95,0,20
Closure Compiler,com.google.javascript.jscomp.type,ChainableReverseAbstractInterpreter.RestrictByFalseTypeOfResultVisitor,9,39,0,0,3,8,3,8,3,8
Closure Compiler,com.google.javascript.jscomp.type,ChainableReverseAbstractInterpreter,32,239,7,35,5,59,7,30,0,12
Closure Compiler,com.google.javascript.jscomp.type,SemanticReverseAbstractInterpreter.RestrictByTrueInstanceOfResultVisitor,8,55,3,5,3,14,4,7,1,6
